09-24 22:22 INFO     cuda
09-24 22:22 INFO     {'dataset_type': 'cifar10', 'model_name': 'resnet101', 'num_clients': 10, 'batch_size': 64, 'training_lr': 0.05, 'decay_rate': 0.993, 'min_lr': 0.005, 'epoch': 100, 'local_epoch': 1, 'momentum': -1, 'weight_decay': 0.0, 'data_path': './data', 'device': 'cuda', 'partition_method': 'iid', 'partition_target': 'label', 'alpha': 4.0, 'num_shards_per_partition': 2, 'shard_size': 500, 'script': 'FL ONLY'}
09-24 22:22 INFO     ####################################################################################################
09-24 22:22 INFO     Partitioning Data
09-24 22:22 INFO                   airplane  automobile  bird  cat  ...  frog  horse  ship  truck
Partition ID                                   ...                          
0                  490         487   463  447  ...   526    539   502    516
1                  521         482   544  511  ...   484    467   487    499
2                  514         474   517  507  ...   499    522   480    499
3                  506         507   476  489  ...   544    471   510    500
4                  486         535   476  545  ...   500    510   480    515
5                  466         498   524  507  ...   476    489   508    514
6                  486         501   518  519  ...   483    510   499    467
7                  503         513   474  513  ...   479    490   492    519
8                  525         508   506  477  ...   481    506   525    482
9                  503         495   502  485  ...   528    496   517    489

[10 rows x 10 columns]
09-24 22:24 INFO     >>>>> Epoch [0]: Global model loss: 0.04201867189407349 acc: 0.1
09-24 22:26 INFO     Scores per target value
09-24 22:26 INFO     for label 0 >> 0.0
09-24 22:26 INFO     for label 1 >> 0.0
09-24 22:26 INFO     for label 2 >> 0.0
09-24 22:26 INFO     for label 3 >> 0.0
09-24 22:26 INFO     for label 4 >> 1.0
09-24 22:26 INFO     for label 5 >> 0.0
09-24 22:26 INFO     for label 6 >> 0.0
09-24 22:26 INFO     for label 7 >> 0.0
09-24 22:26 INFO     for label 8 >> 0.0
09-24 22:26 INFO     for label 9 >> 0.0
09-24 22:28 INFO     >>>>> Epoch [1]: Global model loss: 0.04470419163703918 acc: 0.1
09-24 22:29 INFO     Scores per target value
09-24 22:29 INFO     for label 0 >> 0.0
09-24 22:29 INFO     for label 1 >> 1.0
09-24 22:29 INFO     for label 2 >> 0.0
09-24 22:29 INFO     for label 3 >> 0.0
09-24 22:29 INFO     for label 4 >> 0.0
09-24 22:29 INFO     for label 5 >> 0.0
09-24 22:29 INFO     for label 6 >> 0.0
09-24 22:29 INFO     for label 7 >> 0.0
09-24 22:29 INFO     for label 8 >> 0.0
09-24 22:29 INFO     for label 9 >> 0.0
09-24 22:31 INFO     >>>>> Epoch [2]: Global model loss: 0.04653457956314087 acc: 0.1
09-24 22:32 INFO     Scores per target value
09-24 22:32 INFO     for label 0 >> 0.0
09-24 22:32 INFO     for label 1 >> 0.0
09-24 22:32 INFO     for label 2 >> 0.0
09-24 22:32 INFO     for label 3 >> 0.0
09-24 22:32 INFO     for label 4 >> 0.0
09-24 22:32 INFO     for label 5 >> 0.0
09-24 22:32 INFO     for label 6 >> 0.0
09-24 22:32 INFO     for label 7 >> 0.0
09-24 22:32 INFO     for label 8 >> 1.0
09-24 22:32 INFO     for label 9 >> 0.0
09-24 22:34 INFO     >>>>> Epoch [3]: Global model loss: 0.041905986261367795 acc: 0.1
09-24 22:35 INFO     Scores per target value
09-24 22:35 INFO     for label 0 >> 1.0
09-24 22:35 INFO     for label 1 >> 0.0
09-24 22:35 INFO     for label 2 >> 0.0
09-24 22:35 INFO     for label 3 >> 0.0
09-24 22:35 INFO     for label 4 >> 0.0
09-24 22:35 INFO     for label 5 >> 0.0
09-24 22:35 INFO     for label 6 >> 0.0
09-24 22:35 INFO     for label 7 >> 0.0
09-24 22:35 INFO     for label 8 >> 0.0
09-24 22:35 INFO     for label 9 >> 0.0
09-24 22:37 INFO     >>>>> Epoch [4]: Global model loss: 0.0407275232553482 acc: 0.1
09-24 22:39 INFO     Scores per target value
09-24 22:39 INFO     for label 0 >> 0.0
09-24 22:39 INFO     for label 1 >> 0.0
09-24 22:39 INFO     for label 2 >> 0.0
09-24 22:39 INFO     for label 3 >> 1.0
09-24 22:39 INFO     for label 4 >> 0.0
09-24 22:39 INFO     for label 5 >> 0.0
09-24 22:39 INFO     for label 6 >> 0.0
09-24 22:39 INFO     for label 7 >> 0.0
09-24 22:39 INFO     for label 8 >> 0.0
09-24 22:39 INFO     for label 9 >> 0.0
09-24 22:41 INFO     >>>>> Epoch [5]: Global model loss: 0.04054158113002777 acc: 0.1
09-24 22:42 INFO     Scores per target value
09-24 22:42 INFO     for label 0 >> 0.0
09-24 22:42 INFO     for label 1 >> 1.0
09-24 22:42 INFO     for label 2 >> 0.0
09-24 22:42 INFO     for label 3 >> 0.0
09-24 22:42 INFO     for label 4 >> 0.0
09-24 22:42 INFO     for label 5 >> 0.0
09-24 22:42 INFO     for label 6 >> 0.0
09-24 22:42 INFO     for label 7 >> 0.0
09-24 22:42 INFO     for label 8 >> 0.0
09-24 22:42 INFO     for label 9 >> 0.0
09-24 22:44 INFO     >>>>> Epoch [6]: Global model loss: 0.03786634526252747 acc: 0.1
09-24 22:45 INFO     Scores per target value
09-24 22:45 INFO     for label 0 >> 0.0
09-24 22:45 INFO     for label 1 >> 0.0
09-24 22:45 INFO     for label 2 >> 0.0
09-24 22:45 INFO     for label 3 >> 1.0
09-24 22:45 INFO     for label 4 >> 0.0
09-24 22:45 INFO     for label 5 >> 0.0
09-24 22:45 INFO     for label 6 >> 0.0
09-24 22:45 INFO     for label 7 >> 0.0
09-24 22:45 INFO     for label 8 >> 0.0
09-24 22:45 INFO     for label 9 >> 0.0
09-24 22:47 INFO     >>>>> Epoch [7]: Global model loss: 0.039601040959358215 acc: 0.1
09-24 22:48 INFO     Scores per target value
09-24 22:48 INFO     for label 0 >> 0.0
09-24 22:48 INFO     for label 1 >> 0.0
09-24 22:48 INFO     for label 2 >> 0.0
09-24 22:48 INFO     for label 3 >> 1.0
09-24 22:48 INFO     for label 4 >> 0.0
09-24 22:48 INFO     for label 5 >> 0.0
09-24 22:48 INFO     for label 6 >> 0.0
09-24 22:48 INFO     for label 7 >> 0.0
09-24 22:48 INFO     for label 8 >> 0.0
09-24 22:48 INFO     for label 9 >> 0.0
09-24 22:50 INFO     >>>>> Epoch [8]: Global model loss: 0.036198938703536986 acc: 0.1275
09-24 22:52 INFO     Scores per target value
09-24 22:52 INFO     for label 0 >> 0.0
09-24 22:52 INFO     for label 1 >> 0.0
09-24 22:52 INFO     for label 2 >> 0.0
09-24 22:52 INFO     for label 3 >> 0.0
09-24 22:52 INFO     for label 4 >> 0.0
09-24 22:52 INFO     for label 5 >> 0.0
09-24 22:52 INFO     for label 6 >> 0.977
09-24 22:52 INFO     for label 7 >> 0.0
09-24 22:52 INFO     for label 8 >> 0.298
09-24 22:52 INFO     for label 9 >> 0.0
09-24 22:54 INFO     >>>>> Epoch [9]: Global model loss: 0.08736945934295655 acc: 0.1472
09-24 22:55 INFO     Scores per target value
09-24 22:55 INFO     for label 0 >> 0.823
09-24 22:55 INFO     for label 1 >> 0.0
09-24 22:55 INFO     for label 2 >> 0.505
09-24 22:55 INFO     for label 3 >> 0.0
09-24 22:55 INFO     for label 4 >> 0.144
09-24 22:55 INFO     for label 5 >> 0.0
09-24 22:55 INFO     for label 6 >> 0.0
09-24 22:55 INFO     for label 7 >> 0.0
09-24 22:55 INFO     for label 8 >> 0.0
09-24 22:55 INFO     for label 9 >> 0.0
09-24 22:57 INFO     >>>>> Epoch [10]: Global model loss: 0.03863212466239929 acc: 0.1173
09-24 22:58 INFO     Scores per target value
09-24 22:58 INFO     for label 0 >> 0.0
09-24 22:58 INFO     for label 1 >> 0.0
09-24 22:58 INFO     for label 2 >> 0.155
09-24 22:58 INFO     for label 3 >> 0.0
09-24 22:58 INFO     for label 4 >> 0.0
09-24 22:58 INFO     for label 5 >> 0.631
09-24 22:58 INFO     for label 6 >> 0.0
09-24 22:58 INFO     for label 7 >> 0.387
09-24 22:58 INFO     for label 8 >> 0.0
09-24 22:58 INFO     for label 9 >> 0.0
09-24 23:00 INFO     >>>>> Epoch [11]: Global model loss: 0.03756724696159363 acc: 0.1
09-24 23:01 INFO     Scores per target value
09-24 23:01 INFO     for label 0 >> 0.0
09-24 23:01 INFO     for label 1 >> 0.0
09-24 23:01 INFO     for label 2 >> 0.0
09-24 23:01 INFO     for label 3 >> 0.0
09-24 23:01 INFO     for label 4 >> 0.0
09-24 23:01 INFO     for label 5 >> 0.0
09-24 23:01 INFO     for label 6 >> 1.0
09-24 23:01 INFO     for label 7 >> 0.0
09-24 23:01 INFO     for label 8 >> 0.0
09-24 23:01 INFO     for label 9 >> 0.0
09-24 23:03 INFO     >>>>> Epoch [12]: Global model loss: 0.5685606838226318 acc: 0.1
09-24 23:04 INFO     Scores per target value
09-24 23:04 INFO     for label 0 >> 0.0
09-24 23:04 INFO     for label 1 >> 0.0
09-24 23:04 INFO     for label 2 >> 0.0
09-24 23:04 INFO     for label 3 >> 0.0
09-24 23:04 INFO     for label 4 >> 0.0
09-24 23:04 INFO     for label 5 >> 0.0
09-24 23:04 INFO     for label 6 >> 0.0
09-24 23:04 INFO     for label 7 >> 0.0
09-24 23:04 INFO     for label 8 >> 0.0
09-24 23:04 INFO     for label 9 >> 1.0
09-24 23:06 INFO     >>>>> Epoch [13]: Global model loss: 0.03815410056114197 acc: 0.1
09-24 23:08 INFO     Scores per target value
09-24 23:08 INFO     for label 0 >> 0.0
09-24 23:08 INFO     for label 1 >> 0.0
09-24 23:08 INFO     for label 2 >> 1.0
09-24 23:08 INFO     for label 3 >> 0.0
09-24 23:08 INFO     for label 4 >> 0.0
09-24 23:08 INFO     for label 5 >> 0.0
09-24 23:08 INFO     for label 6 >> 0.0
09-24 23:08 INFO     for label 7 >> 0.0
09-24 23:08 INFO     for label 8 >> 0.0
09-24 23:08 INFO     for label 9 >> 0.0
09-24 23:10 INFO     >>>>> Epoch [14]: Global model loss: 0.03696262557506561 acc: 0.1
09-24 23:11 INFO     Scores per target value
09-24 23:11 INFO     for label 0 >> 0.0
09-24 23:11 INFO     for label 1 >> 0.0
09-24 23:11 INFO     for label 2 >> 0.0
09-24 23:11 INFO     for label 3 >> 0.0
09-24 23:11 INFO     for label 4 >> 0.0
09-24 23:11 INFO     for label 5 >> 1.0
09-24 23:11 INFO     for label 6 >> 0.0
09-24 23:11 INFO     for label 7 >> 0.0
09-24 23:11 INFO     for label 8 >> 0.0
09-24 23:11 INFO     for label 9 >> 0.0
09-24 23:13 INFO     >>>>> Epoch [15]: Global model loss: 0.03417431356906891 acc: 0.1656
09-24 23:14 INFO     Scores per target value
09-24 23:14 INFO     for label 0 >> 0.072
09-24 23:14 INFO     for label 1 >> 0.344
09-24 23:14 INFO     for label 2 >> 0.78
09-24 23:14 INFO     for label 3 >> 0.055
09-24 23:14 INFO     for label 4 >> 0.001
09-24 23:14 INFO     for label 5 >> 0.0
09-24 23:14 INFO     for label 6 >> 0.0
09-24 23:14 INFO     for label 7 >> 0.094
09-24 23:14 INFO     for label 8 >> 0.056
09-24 23:14 INFO     for label 9 >> 0.254
09-24 23:16 INFO     >>>>> Epoch [16]: Global model loss: 0.03530845830440521 acc: 0.1808
09-24 23:17 INFO     Scores per target value
09-24 23:17 INFO     for label 0 >> 0.59
09-24 23:17 INFO     for label 1 >> 0.0
09-24 23:17 INFO     for label 2 >> 0.4
09-24 23:17 INFO     for label 3 >> 0.0
09-24 23:17 INFO     for label 4 >> 0.0
09-24 23:17 INFO     for label 5 >> 0.0
09-24 23:17 INFO     for label 6 >> 0.0
09-24 23:17 INFO     for label 7 >> 0.66
09-24 23:17 INFO     for label 8 >> 0.0
09-24 23:17 INFO     for label 9 >> 0.158
09-24 23:19 INFO     >>>>> Epoch [17]: Global model loss: 0.03349926739931106 acc: 0.2171
09-24 23:21 INFO     Scores per target value
09-24 23:21 INFO     for label 0 >> 0.068
09-24 23:21 INFO     for label 1 >> 0.0
09-24 23:21 INFO     for label 2 >> 0.007
09-24 23:21 INFO     for label 3 >> 0.154
09-24 23:21 INFO     for label 4 >> 0.705
09-24 23:21 INFO     for label 5 >> 0.139
09-24 23:21 INFO     for label 6 >> 0.094
09-24 23:21 INFO     for label 7 >> 0.325
09-24 23:21 INFO     for label 8 >> 0.252
09-24 23:21 INFO     for label 9 >> 0.427
09-24 23:23 INFO     >>>>> Epoch [18]: Global model loss: 0.49042830107212065 acc: 0.2276
09-24 23:24 INFO     Scores per target value
09-24 23:24 INFO     for label 0 >> 0.02
09-24 23:24 INFO     for label 1 >> 0.099
09-24 23:24 INFO     for label 2 >> 0.235
09-24 23:24 INFO     for label 3 >> 0.391
09-24 23:24 INFO     for label 4 >> 0.0
09-24 23:24 INFO     for label 5 >> 0.219
09-24 23:24 INFO     for label 6 >> 0.203
09-24 23:24 INFO     for label 7 >> 0.463
09-24 23:24 INFO     for label 8 >> 0.164
09-24 23:24 INFO     for label 9 >> 0.482
09-24 23:26 INFO     >>>>> Epoch [19]: Global model loss: 0.03601763112545014 acc: 0.1054
09-24 23:27 INFO     Scores per target value
09-24 23:27 INFO     for label 0 >> 0.03
09-24 23:27 INFO     for label 1 >> 0.002
09-24 23:27 INFO     for label 2 >> 0.0
09-24 23:27 INFO     for label 3 >> 0.0
09-24 23:27 INFO     for label 4 >> 0.011
09-24 23:27 INFO     for label 5 >> 0.0
09-24 23:27 INFO     for label 6 >> 0.0
09-24 23:27 INFO     for label 7 >> 0.998
09-24 23:27 INFO     for label 8 >> 0.0
09-24 23:27 INFO     for label 9 >> 0.013
09-24 23:29 INFO     >>>>> Epoch [20]: Global model loss: 0.033088841605186464 acc: 0.2152
09-24 23:30 INFO     Scores per target value
09-24 23:30 INFO     for label 0 >> 0.057
09-24 23:30 INFO     for label 1 >> 0.015
09-24 23:30 INFO     for label 2 >> 0.182
09-24 23:30 INFO     for label 3 >> 0.046
09-24 23:30 INFO     for label 4 >> 0.138
09-24 23:30 INFO     for label 5 >> 0.071
09-24 23:30 INFO     for label 6 >> 0.025
09-24 23:30 INFO     for label 7 >> 0.586
09-24 23:30 INFO     for label 8 >> 0.779
09-24 23:30 INFO     for label 9 >> 0.253
09-24 23:32 INFO     >>>>> Epoch [21]: Global model loss: 0.0316549423456192 acc: 0.2593
09-24 23:33 INFO     Scores per target value
09-24 23:33 INFO     for label 0 >> 0.436
09-24 23:33 INFO     for label 1 >> 0.07
09-24 23:33 INFO     for label 2 >> 0.003
09-24 23:33 INFO     for label 3 >> 0.0
09-24 23:33 INFO     for label 4 >> 0.271
09-24 23:33 INFO     for label 5 >> 0.064
09-24 23:33 INFO     for label 6 >> 0.436
09-24 23:33 INFO     for label 7 >> 0.677
09-24 23:33 INFO     for label 8 >> 0.174
09-24 23:33 INFO     for label 9 >> 0.462
09-24 23:35 INFO     >>>>> Epoch [22]: Global model loss: 0.03522140382528305 acc: 0.1309
09-24 23:37 INFO     Scores per target value
09-24 23:37 INFO     for label 0 >> 0.99
09-24 23:37 INFO     for label 1 >> 0.0
09-24 23:37 INFO     for label 2 >> 0.0
09-24 23:37 INFO     for label 3 >> 0.002
09-24 23:37 INFO     for label 4 >> 0.0
09-24 23:37 INFO     for label 5 >> 0.0
09-24 23:37 INFO     for label 6 >> 0.317
09-24 23:37 INFO     for label 7 >> 0.0
09-24 23:37 INFO     for label 8 >> 0.0
09-24 23:37 INFO     for label 9 >> 0.0
09-24 23:39 INFO     >>>>> Epoch [23]: Global model loss: 0.036676072883605956 acc: 0.1
09-24 23:40 INFO     Scores per target value
09-24 23:40 INFO     for label 0 >> 0.0
09-24 23:40 INFO     for label 1 >> 0.0
09-24 23:40 INFO     for label 2 >> 0.0
09-24 23:40 INFO     for label 3 >> 0.0
09-24 23:40 INFO     for label 4 >> 0.0
09-24 23:40 INFO     for label 5 >> 0.0
09-24 23:40 INFO     for label 6 >> 0.0
09-24 23:40 INFO     for label 7 >> 1.0
09-24 23:40 INFO     for label 8 >> 0.0
09-24 23:40 INFO     for label 9 >> 0.0
09-24 23:42 INFO     >>>>> Epoch [24]: Global model loss: 0.03157612544298172 acc: 0.2658
09-24 23:43 INFO     Scores per target value
09-24 23:43 INFO     for label 0 >> 0.543
09-24 23:43 INFO     for label 1 >> 0.208
09-24 23:43 INFO     for label 2 >> 0.166
09-24 23:43 INFO     for label 3 >> 0.049
09-24 23:43 INFO     for label 4 >> 0.382
09-24 23:43 INFO     for label 5 >> 0.011
09-24 23:43 INFO     for label 6 >> 0.353
09-24 23:43 INFO     for label 7 >> 0.616
09-24 23:43 INFO     for label 8 >> 0.021
09-24 23:43 INFO     for label 9 >> 0.309
09-24 23:45 INFO     >>>>> Epoch [25]: Global model loss: 0.07632820121049881 acc: 0.2928
09-24 23:46 INFO     Scores per target value
09-24 23:46 INFO     for label 0 >> 0.554
09-24 23:46 INFO     for label 1 >> 0.286
09-24 23:46 INFO     for label 2 >> 0.007
09-24 23:46 INFO     for label 3 >> 0.0
09-24 23:46 INFO     for label 4 >> 0.291
09-24 23:46 INFO     for label 5 >> 0.195
09-24 23:46 INFO     for label 6 >> 0.304
09-24 23:46 INFO     for label 7 >> 0.509
09-24 23:46 INFO     for label 8 >> 0.238
09-24 23:46 INFO     for label 9 >> 0.544
09-24 23:48 INFO     >>>>> Epoch [26]: Global model loss: 0.03419720537662506 acc: 0.1438
09-24 23:49 INFO     Scores per target value
09-24 23:49 INFO     for label 0 >> 0.05
09-24 23:49 INFO     for label 1 >> 0.0
09-24 23:49 INFO     for label 2 >> 0.0
09-24 23:49 INFO     for label 3 >> 0.0
09-24 23:49 INFO     for label 4 >> 0.0
09-24 23:49 INFO     for label 5 >> 0.004
09-24 23:49 INFO     for label 6 >> 0.0
09-24 23:49 INFO     for label 7 >> 0.925
09-24 23:49 INFO     for label 8 >> 0.056
09-24 23:49 INFO     for label 9 >> 0.403
09-24 23:52 INFO     >>>>> Epoch [27]: Global model loss: 0.16257556508779525 acc: 0.2723
09-24 23:53 INFO     Scores per target value
09-24 23:53 INFO     for label 0 >> 0.775
09-24 23:53 INFO     for label 1 >> 0.213
09-24 23:53 INFO     for label 2 >> 0.202
09-24 23:53 INFO     for label 3 >> 0.002
09-24 23:53 INFO     for label 4 >> 0.427
09-24 23:53 INFO     for label 5 >> 0.178
09-24 23:53 INFO     for label 6 >> 0.228
09-24 23:53 INFO     for label 7 >> 0.362
09-24 23:53 INFO     for label 8 >> 0.1
09-24 23:53 INFO     for label 9 >> 0.236
09-24 23:55 INFO     >>>>> Epoch [28]: Global model loss: 0.08893085777759552 acc: 0.3089
09-24 23:56 INFO     Scores per target value
09-24 23:56 INFO     for label 0 >> 0.618
09-24 23:56 INFO     for label 1 >> 0.331
09-24 23:56 INFO     for label 2 >> 0.013
09-24 23:56 INFO     for label 3 >> 0.01
09-24 23:56 INFO     for label 4 >> 0.328
09-24 23:56 INFO     for label 5 >> 0.274
09-24 23:56 INFO     for label 6 >> 0.612
09-24 23:56 INFO     for label 7 >> 0.472
09-24 23:56 INFO     for label 8 >> 0.077
09-24 23:56 INFO     for label 9 >> 0.354
09-24 23:58 INFO     >>>>> Epoch [29]: Global model loss: 0.03267452731132507 acc: 0.2067
09-24 23:59 INFO     Scores per target value
09-24 23:59 INFO     for label 0 >> 0.357
09-24 23:59 INFO     for label 1 >> 0.026
09-24 23:59 INFO     for label 2 >> 0.041
09-24 23:59 INFO     for label 3 >> 0.0
09-24 23:59 INFO     for label 4 >> 0.717
09-24 23:59 INFO     for label 5 >> 0.045
09-24 23:59 INFO     for label 6 >> 0.0
09-24 23:59 INFO     for label 7 >> 0.698
09-24 23:59 INFO     for label 8 >> 0.105
09-24 23:59 INFO     for label 9 >> 0.078
09-25 00:01 INFO     >>>>> Epoch [30]: Global model loss: 0.03241073232889175 acc: 0.2459
09-25 00:02 INFO     Scores per target value
09-25 00:02 INFO     for label 0 >> 0.633
09-25 00:02 INFO     for label 1 >> 0.174
09-25 00:02 INFO     for label 2 >> 0.094
09-25 00:02 INFO     for label 3 >> 0.012
09-25 00:02 INFO     for label 4 >> 0.346
09-25 00:02 INFO     for label 5 >> 0.015
09-25 00:02 INFO     for label 6 >> 0.0
09-25 00:02 INFO     for label 7 >> 0.783
09-25 00:02 INFO     for label 8 >> 0.005
09-25 00:02 INFO     for label 9 >> 0.397
09-25 00:04 INFO     >>>>> Epoch [31]: Global model loss: 0.06628372888565064 acc: 0.192
09-25 00:06 INFO     Scores per target value
09-25 00:06 INFO     for label 0 >> 0.143
09-25 00:06 INFO     for label 1 >> 0.073
09-25 00:06 INFO     for label 2 >> 0.007
09-25 00:06 INFO     for label 3 >> 0.734
09-25 00:06 INFO     for label 4 >> 0.021
09-25 00:06 INFO     for label 5 >> 0.001
09-25 00:06 INFO     for label 6 >> 0.625
09-25 00:06 INFO     for label 7 >> 0.036
09-25 00:06 INFO     for label 8 >> 0.014
09-25 00:06 INFO     for label 9 >> 0.266
09-25 00:08 INFO     >>>>> Epoch [32]: Global model loss: 0.0505340937256813 acc: 0.3387
09-25 00:09 INFO     Scores per target value
09-25 00:09 INFO     for label 0 >> 0.501
09-25 00:09 INFO     for label 1 >> 0.452
09-25 00:09 INFO     for label 2 >> 0.093
09-25 00:09 INFO     for label 3 >> 0.031
09-25 00:09 INFO     for label 4 >> 0.483
09-25 00:09 INFO     for label 5 >> 0.297
09-25 00:09 INFO     for label 6 >> 0.295
09-25 00:09 INFO     for label 7 >> 0.386
09-25 00:09 INFO     for label 8 >> 0.316
09-25 00:09 INFO     for label 9 >> 0.533
09-25 00:11 INFO     >>>>> Epoch [33]: Global model loss: 0.2808116900920868 acc: 0.3181
09-25 00:12 INFO     Scores per target value
09-25 00:12 INFO     for label 0 >> 0.417
09-25 00:12 INFO     for label 1 >> 0.312
09-25 00:12 INFO     for label 2 >> 0.015
09-25 00:12 INFO     for label 3 >> 0.006
09-25 00:12 INFO     for label 4 >> 0.505
09-25 00:12 INFO     for label 5 >> 0.159
09-25 00:12 INFO     for label 6 >> 0.199
09-25 00:12 INFO     for label 7 >> 0.547
09-25 00:12 INFO     for label 8 >> 0.406
09-25 00:12 INFO     for label 9 >> 0.615
09-25 00:14 INFO     >>>>> Epoch [34]: Global model loss: 1.506272865986824 acc: 0.1026
09-25 00:15 INFO     Scores per target value
09-25 00:15 INFO     for label 0 >> 0.913
09-25 00:15 INFO     for label 1 >> 0.003
09-25 00:15 INFO     for label 2 >> 0.0
09-25 00:15 INFO     for label 3 >> 0.0
09-25 00:15 INFO     for label 4 >> 0.0
09-25 00:15 INFO     for label 5 >> 0.0
09-25 00:15 INFO     for label 6 >> 0.0
09-25 00:15 INFO     for label 7 >> 0.051
09-25 00:15 INFO     for label 8 >> 0.037
09-25 00:15 INFO     for label 9 >> 0.022
09-25 00:17 INFO     >>>>> Epoch [35]: Global model loss: 0.043275955498218534 acc: 0.3494
09-25 00:18 INFO     Scores per target value
09-25 00:18 INFO     for label 0 >> 0.593
09-25 00:18 INFO     for label 1 >> 0.384
09-25 00:18 INFO     for label 2 >> 0.076
09-25 00:18 INFO     for label 3 >> 0.036
09-25 00:18 INFO     for label 4 >> 0.441
09-25 00:18 INFO     for label 5 >> 0.258
09-25 00:18 INFO     for label 6 >> 0.471
09-25 00:18 INFO     for label 7 >> 0.496
09-25 00:18 INFO     for label 8 >> 0.224
09-25 00:18 INFO     for label 9 >> 0.515
09-25 00:20 INFO     >>>>> Epoch [36]: Global model loss: 0.032046817278862 acc: 0.2396
09-25 00:22 INFO     Scores per target value
09-25 00:22 INFO     for label 0 >> 0.202
09-25 00:22 INFO     for label 1 >> 0.12
09-25 00:22 INFO     for label 2 >> 0.075
09-25 00:22 INFO     for label 3 >> 0.0
09-25 00:22 INFO     for label 4 >> 0.752
09-25 00:22 INFO     for label 5 >> 0.002
09-25 00:22 INFO     for label 6 >> 0.008
09-25 00:22 INFO     for label 7 >> 0.677
09-25 00:22 INFO     for label 8 >> 0.309
09-25 00:22 INFO     for label 9 >> 0.251
09-25 00:24 INFO     >>>>> Epoch [37]: Global model loss: 0.029782316720485688 acc: 0.3181
09-25 00:25 INFO     Scores per target value
09-25 00:25 INFO     for label 0 >> 0.582
09-25 00:25 INFO     for label 1 >> 0.097
09-25 00:25 INFO     for label 2 >> 0.162
09-25 00:25 INFO     for label 3 >> 0.063
09-25 00:25 INFO     for label 4 >> 0.504
09-25 00:25 INFO     for label 5 >> 0.361
09-25 00:25 INFO     for label 6 >> 0.417
09-25 00:25 INFO     for label 7 >> 0.359
09-25 00:25 INFO     for label 8 >> 0.419
09-25 00:25 INFO     for label 9 >> 0.217
09-25 00:27 INFO     >>>>> Epoch [38]: Global model loss: 0.03731028409004211 acc: 0.1036
09-25 00:28 INFO     Scores per target value
09-25 00:28 INFO     for label 0 >> 0.031
09-25 00:28 INFO     for label 1 >> 0.0
09-25 00:28 INFO     for label 2 >> 0.0
09-25 00:28 INFO     for label 3 >> 0.0
09-25 00:28 INFO     for label 4 >> 0.005
09-25 00:28 INFO     for label 5 >> 0.0
09-25 00:28 INFO     for label 6 >> 0.0
09-25 00:28 INFO     for label 7 >> 1.0
09-25 00:28 INFO     for label 8 >> 0.0
09-25 00:28 INFO     for label 9 >> 0.0
09-25 00:30 INFO     >>>>> Epoch [39]: Global model loss: 0.1654073447227478 acc: 0.3057
09-25 00:31 INFO     Scores per target value
09-25 00:31 INFO     for label 0 >> 0.493
09-25 00:31 INFO     for label 1 >> 0.286
09-25 00:31 INFO     for label 2 >> 0.026
09-25 00:31 INFO     for label 3 >> 0.014
09-25 00:31 INFO     for label 4 >> 0.459
09-25 00:31 INFO     for label 5 >> 0.226
09-25 00:31 INFO     for label 6 >> 0.266
09-25 00:31 INFO     for label 7 >> 0.622
09-25 00:31 INFO     for label 8 >> 0.326
09-25 00:31 INFO     for label 9 >> 0.339
09-25 00:33 INFO     >>>>> Epoch [40]: Global model loss: 0.20280185440778734 acc: 0.3278
09-25 00:34 INFO     Scores per target value
09-25 00:34 INFO     for label 0 >> 0.603
09-25 00:34 INFO     for label 1 >> 0.408
09-25 00:34 INFO     for label 2 >> 0.02
09-25 00:34 INFO     for label 3 >> 0.035
09-25 00:34 INFO     for label 4 >> 0.463
09-25 00:34 INFO     for label 5 >> 0.15
09-25 00:34 INFO     for label 6 >> 0.211
09-25 00:34 INFO     for label 7 >> 0.572
09-25 00:34 INFO     for label 8 >> 0.392
09-25 00:34 INFO     for label 9 >> 0.424
09-25 00:36 INFO     >>>>> Epoch [41]: Global model loss: 0.15135881098508835 acc: 0.2979
09-25 00:38 INFO     Scores per target value
09-25 00:38 INFO     for label 0 >> 0.506
09-25 00:38 INFO     for label 1 >> 0.25
09-25 00:38 INFO     for label 2 >> 0.047
09-25 00:38 INFO     for label 3 >> 0.02
09-25 00:38 INFO     for label 4 >> 0.649
09-25 00:38 INFO     for label 5 >> 0.157
09-25 00:38 INFO     for label 6 >> 0.028
09-25 00:38 INFO     for label 7 >> 0.575
09-25 00:38 INFO     for label 8 >> 0.408
09-25 00:38 INFO     for label 9 >> 0.339
09-25 00:40 INFO     >>>>> Epoch [42]: Global model loss: 0.2519131808638573 acc: 0.357
09-25 00:41 INFO     Scores per target value
09-25 00:41 INFO     for label 0 >> 0.625
09-25 00:41 INFO     for label 1 >> 0.443
09-25 00:41 INFO     for label 2 >> 0.045
09-25 00:41 INFO     for label 3 >> 0.098
09-25 00:41 INFO     for label 4 >> 0.439
09-25 00:41 INFO     for label 5 >> 0.262
09-25 00:41 INFO     for label 6 >> 0.323
09-25 00:41 INFO     for label 7 >> 0.554
09-25 00:41 INFO     for label 8 >> 0.233
09-25 00:41 INFO     for label 9 >> 0.548
09-25 00:43 INFO     >>>>> Epoch [43]: Global model loss: 0.26672251225709914 acc: 0.3485
09-25 00:44 INFO     Scores per target value
09-25 00:44 INFO     for label 0 >> 0.494
09-25 00:44 INFO     for label 1 >> 0.457
09-25 00:44 INFO     for label 2 >> 0.127
09-25 00:44 INFO     for label 3 >> 0.03
09-25 00:44 INFO     for label 4 >> 0.404
09-25 00:44 INFO     for label 5 >> 0.303
09-25 00:44 INFO     for label 6 >> 0.248
09-25 00:44 INFO     for label 7 >> 0.563
09-25 00:44 INFO     for label 8 >> 0.409
09-25 00:44 INFO     for label 9 >> 0.45
09-25 00:46 INFO     >>>>> Epoch [44]: Global model loss: 0.08200548241138458 acc: 0.3269
09-25 00:47 INFO     Scores per target value
09-25 00:47 INFO     for label 0 >> 0.475
09-25 00:47 INFO     for label 1 >> 0.204
09-25 00:47 INFO     for label 2 >> 0.141
09-25 00:47 INFO     for label 3 >> 0.067
09-25 00:47 INFO     for label 4 >> 0.624
09-25 00:47 INFO     for label 5 >> 0.274
09-25 00:47 INFO     for label 6 >> 0.186
09-25 00:47 INFO     for label 7 >> 0.409
09-25 00:47 INFO     for label 8 >> 0.562
09-25 00:47 INFO     for label 9 >> 0.327
09-25 00:49 INFO     >>>>> Epoch [45]: Global model loss: 0.4562489070415497 acc: 0.3642
09-25 00:50 INFO     Scores per target value
09-25 00:50 INFO     for label 0 >> 0.535
09-25 00:50 INFO     for label 1 >> 0.42
09-25 00:50 INFO     for label 2 >> 0.065
09-25 00:50 INFO     for label 3 >> 0.101
09-25 00:50 INFO     for label 4 >> 0.484
09-25 00:50 INFO     for label 5 >> 0.256
09-25 00:50 INFO     for label 6 >> 0.341
09-25 00:50 INFO     for label 7 >> 0.563
09-25 00:50 INFO     for label 8 >> 0.341
09-25 00:50 INFO     for label 9 >> 0.536
09-25 00:52 INFO     >>>>> Epoch [46]: Global model loss: 0.22558112490177154 acc: 0.3679
09-25 00:54 INFO     Scores per target value
09-25 00:54 INFO     for label 0 >> 0.547
09-25 00:54 INFO     for label 1 >> 0.42
09-25 00:54 INFO     for label 2 >> 0.114
09-25 00:54 INFO     for label 3 >> 0.124
09-25 00:54 INFO     for label 4 >> 0.451
09-25 00:54 INFO     for label 5 >> 0.285
09-25 00:54 INFO     for label 6 >> 0.263
09-25 00:54 INFO     for label 7 >> 0.59
09-25 00:54 INFO     for label 8 >> 0.388
09-25 00:54 INFO     for label 9 >> 0.497
09-25 00:56 INFO     >>>>> Epoch [47]: Global model loss: 0.027533831524848937 acc: 0.3652
09-25 00:57 INFO     Scores per target value
09-25 00:57 INFO     for label 0 >> 0.579
09-25 00:57 INFO     for label 1 >> 0.245
09-25 00:57 INFO     for label 2 >> 0.111
09-25 00:57 INFO     for label 3 >> 0.353
09-25 00:57 INFO     for label 4 >> 0.389
09-25 00:57 INFO     for label 5 >> 0.203
09-25 00:57 INFO     for label 6 >> 0.352
09-25 00:57 INFO     for label 7 >> 0.538
09-25 00:57 INFO     for label 8 >> 0.403
09-25 00:57 INFO     for label 9 >> 0.479
09-25 00:59 INFO     >>>>> Epoch [48]: Global model loss: 0.04239032952785492 acc: 0.139
09-25 01:00 INFO     Scores per target value
09-25 01:00 INFO     for label 0 >> 0.183
09-25 01:00 INFO     for label 1 >> 0.0
09-25 01:00 INFO     for label 2 >> 0.027
09-25 01:00 INFO     for label 3 >> 0.0
09-25 01:00 INFO     for label 4 >> 0.205
09-25 01:00 INFO     for label 5 >> 0.0
09-25 01:00 INFO     for label 6 >> 0.0
09-25 01:00 INFO     for label 7 >> 0.953
09-25 01:00 INFO     for label 8 >> 0.008
09-25 01:00 INFO     for label 9 >> 0.014
09-25 01:02 INFO     >>>>> Epoch [49]: Global model loss: 0.10494297361373901 acc: 0.3378
09-25 01:03 INFO     Scores per target value
09-25 01:03 INFO     for label 0 >> 0.601
09-25 01:03 INFO     for label 1 >> 0.493
09-25 01:03 INFO     for label 2 >> 0.082
09-25 01:03 INFO     for label 3 >> 0.035
09-25 01:03 INFO     for label 4 >> 0.655
09-25 01:03 INFO     for label 5 >> 0.152
09-25 01:03 INFO     for label 6 >> 0.131
09-25 01:03 INFO     for label 7 >> 0.529
09-25 01:03 INFO     for label 8 >> 0.289
09-25 01:03 INFO     for label 9 >> 0.411
09-25 01:05 INFO     >>>>> Epoch [50]: Global model loss: 0.225398712682724 acc: 0.3808
09-25 01:06 INFO     Scores per target value
09-25 01:06 INFO     for label 0 >> 0.529
09-25 01:06 INFO     for label 1 >> 0.391
09-25 01:06 INFO     for label 2 >> 0.151
09-25 01:06 INFO     for label 3 >> 0.043
09-25 01:06 INFO     for label 4 >> 0.458
09-25 01:06 INFO     for label 5 >> 0.337
09-25 01:06 INFO     for label 6 >> 0.393
09-25 01:06 INFO     for label 7 >> 0.547
09-25 01:06 INFO     for label 8 >> 0.438
09-25 01:06 INFO     for label 9 >> 0.521
09-25 01:08 INFO     >>>>> Epoch [51]: Global model loss: 0.11975546067953109 acc: 0.3428
09-25 01:10 INFO     Scores per target value
09-25 01:10 INFO     for label 0 >> 0.592
09-25 01:10 INFO     for label 1 >> 0.476
09-25 01:10 INFO     for label 2 >> 0.085
09-25 01:10 INFO     for label 3 >> 0.046
09-25 01:10 INFO     for label 4 >> 0.435
09-25 01:10 INFO     for label 5 >> 0.176
09-25 01:10 INFO     for label 6 >> 0.211
09-25 01:10 INFO     for label 7 >> 0.708
09-25 01:10 INFO     for label 8 >> 0.269
09-25 01:10 INFO     for label 9 >> 0.43
09-25 01:12 INFO     >>>>> Epoch [52]: Global model loss: 0.22556738995313644 acc: 0.3673
09-25 01:13 INFO     Scores per target value
09-25 01:13 INFO     for label 0 >> 0.488
09-25 01:13 INFO     for label 1 >> 0.434
09-25 01:13 INFO     for label 2 >> 0.113
09-25 01:13 INFO     for label 3 >> 0.042
09-25 01:13 INFO     for label 4 >> 0.416
09-25 01:13 INFO     for label 5 >> 0.394
09-25 01:13 INFO     for label 6 >> 0.332
09-25 01:13 INFO     for label 7 >> 0.635
09-25 01:13 INFO     for label 8 >> 0.415
09-25 01:13 INFO     for label 9 >> 0.404
09-25 01:15 INFO     >>>>> Epoch [53]: Global model loss: 0.2025233777165413 acc: 0.3661
09-25 01:16 INFO     Scores per target value
09-25 01:16 INFO     for label 0 >> 0.585
09-25 01:16 INFO     for label 1 >> 0.475
09-25 01:16 INFO     for label 2 >> 0.276
09-25 01:16 INFO     for label 3 >> 0.065
09-25 01:16 INFO     for label 4 >> 0.372
09-25 01:16 INFO     for label 5 >> 0.382
09-25 01:16 INFO     for label 6 >> 0.142
09-25 01:16 INFO     for label 7 >> 0.54
09-25 01:16 INFO     for label 8 >> 0.363
09-25 01:16 INFO     for label 9 >> 0.461
09-25 01:18 INFO     >>>>> Epoch [54]: Global model loss: 0.32260376173257826 acc: 0.3715
09-25 01:19 INFO     Scores per target value
09-25 01:19 INFO     for label 0 >> 0.524
09-25 01:19 INFO     for label 1 >> 0.585
09-25 01:19 INFO     for label 2 >> 0.18
09-25 01:19 INFO     for label 3 >> 0.065
09-25 01:19 INFO     for label 4 >> 0.447
09-25 01:19 INFO     for label 5 >> 0.328
09-25 01:19 INFO     for label 6 >> 0.257
09-25 01:19 INFO     for label 7 >> 0.553
09-25 01:19 INFO     for label 8 >> 0.414
09-25 01:19 INFO     for label 9 >> 0.362
09-25 01:21 INFO     >>>>> Epoch [55]: Global model loss: 0.2646676014304161 acc: 0.3907
09-25 01:22 INFO     Scores per target value
09-25 01:22 INFO     for label 0 >> 0.522
09-25 01:22 INFO     for label 1 >> 0.486
09-25 01:22 INFO     for label 2 >> 0.119
09-25 01:22 INFO     for label 3 >> 0.175
09-25 01:22 INFO     for label 4 >> 0.401
09-25 01:22 INFO     for label 5 >> 0.27
09-25 01:22 INFO     for label 6 >> 0.488
09-25 01:22 INFO     for label 7 >> 0.578
09-25 01:22 INFO     for label 8 >> 0.438
09-25 01:22 INFO     for label 9 >> 0.43
09-25 01:24 INFO     >>>>> Epoch [56]: Global model loss: 0.3086327751755714 acc: 0.3798
09-25 01:26 INFO     Scores per target value
09-25 01:26 INFO     for label 0 >> 0.542
09-25 01:26 INFO     for label 1 >> 0.514
09-25 01:26 INFO     for label 2 >> 0.163
09-25 01:26 INFO     for label 3 >> 0.097
09-25 01:26 INFO     for label 4 >> 0.412
09-25 01:26 INFO     for label 5 >> 0.273
09-25 01:26 INFO     for label 6 >> 0.384
09-25 01:26 INFO     for label 7 >> 0.6
09-25 01:26 INFO     for label 8 >> 0.296
09-25 01:26 INFO     for label 9 >> 0.517
09-25 01:28 INFO     >>>>> Epoch [57]: Global model loss: 0.1231078891634941 acc: 0.3452
09-25 01:29 INFO     Scores per target value
09-25 01:29 INFO     for label 0 >> 0.661
09-25 01:29 INFO     for label 1 >> 0.282
09-25 01:29 INFO     for label 2 >> 0.181
09-25 01:29 INFO     for label 3 >> 0.03
09-25 01:29 INFO     for label 4 >> 0.527
09-25 01:29 INFO     for label 5 >> 0.1
09-25 01:29 INFO     for label 6 >> 0.258
09-25 01:29 INFO     for label 7 >> 0.63
09-25 01:29 INFO     for label 8 >> 0.226
09-25 01:29 INFO     for label 9 >> 0.557
09-25 01:31 INFO     >>>>> Epoch [58]: Global model loss: 0.05262748520374298 acc: 0.3548
09-25 01:32 INFO     Scores per target value
09-25 01:32 INFO     for label 0 >> 0.529
09-25 01:32 INFO     for label 1 >> 0.507
09-25 01:32 INFO     for label 2 >> 0.148
09-25 01:32 INFO     for label 3 >> 0.023
09-25 01:32 INFO     for label 4 >> 0.48
09-25 01:32 INFO     for label 5 >> 0.359
09-25 01:32 INFO     for label 6 >> 0.182
09-25 01:32 INFO     for label 7 >> 0.68
09-25 01:32 INFO     for label 8 >> 0.231
09-25 01:32 INFO     for label 9 >> 0.409
09-25 01:34 INFO     >>>>> Epoch [59]: Global model loss: 0.3703986827135086 acc: 0.3814
09-25 01:35 INFO     Scores per target value
09-25 01:35 INFO     for label 0 >> 0.556
09-25 01:35 INFO     for label 1 >> 0.431
09-25 01:35 INFO     for label 2 >> 0.309
09-25 01:35 INFO     for label 3 >> 0.094
09-25 01:35 INFO     for label 4 >> 0.46
09-25 01:35 INFO     for label 5 >> 0.198
09-25 01:35 INFO     for label 6 >> 0.374
09-25 01:35 INFO     for label 7 >> 0.52
09-25 01:35 INFO     for label 8 >> 0.384
09-25 01:35 INFO     for label 9 >> 0.488
09-25 01:37 INFO     >>>>> Epoch [60]: Global model loss: 0.08866975992918015 acc: 0.3828
09-25 01:38 INFO     Scores per target value
09-25 01:38 INFO     for label 0 >> 0.543
09-25 01:38 INFO     for label 1 >> 0.324
09-25 01:38 INFO     for label 2 >> 0.193
09-25 01:38 INFO     for label 3 >> 0.09
09-25 01:38 INFO     for label 4 >> 0.489
09-25 01:38 INFO     for label 5 >> 0.257
09-25 01:38 INFO     for label 6 >> 0.321
09-25 01:38 INFO     for label 7 >> 0.616
09-25 01:38 INFO     for label 8 >> 0.481
09-25 01:38 INFO     for label 9 >> 0.514
09-25 01:40 INFO     >>>>> Epoch [61]: Global model loss: 0.351877242565155 acc: 0.4067
09-25 01:42 INFO     Scores per target value
09-25 01:42 INFO     for label 0 >> 0.512
09-25 01:42 INFO     for label 1 >> 0.599
09-25 01:42 INFO     for label 2 >> 0.203
09-25 01:42 INFO     for label 3 >> 0.127
09-25 01:42 INFO     for label 4 >> 0.339
09-25 01:42 INFO     for label 5 >> 0.314
09-25 01:42 INFO     for label 6 >> 0.544
09-25 01:42 INFO     for label 7 >> 0.624
09-25 01:42 INFO     for label 8 >> 0.335
09-25 01:42 INFO     for label 9 >> 0.47
09-25 01:44 INFO     >>>>> Epoch [62]: Global model loss: 0.3644610227823257 acc: 0.3952
09-25 01:45 INFO     Scores per target value
09-25 01:45 INFO     for label 0 >> 0.577
09-25 01:45 INFO     for label 1 >> 0.54
09-25 01:45 INFO     for label 2 >> 0.138
09-25 01:45 INFO     for label 3 >> 0.061
09-25 01:45 INFO     for label 4 >> 0.419
09-25 01:45 INFO     for label 5 >> 0.291
09-25 01:45 INFO     for label 6 >> 0.366
09-25 01:45 INFO     for label 7 >> 0.665
09-25 01:45 INFO     for label 8 >> 0.437
09-25 01:45 INFO     for label 9 >> 0.458
09-25 01:47 INFO     >>>>> Epoch [63]: Global model loss: 0.02910444749593735 acc: 0.3128
09-25 01:48 INFO     Scores per target value
09-25 01:48 INFO     for label 0 >> 0.474
09-25 01:48 INFO     for label 1 >> 0.464
09-25 01:48 INFO     for label 2 >> 0.182
09-25 01:48 INFO     for label 3 >> 0.056
09-25 01:48 INFO     for label 4 >> 0.436
09-25 01:48 INFO     for label 5 >> 0.051
09-25 01:48 INFO     for label 6 >> 0.045
09-25 01:48 INFO     for label 7 >> 0.787
09-25 01:48 INFO     for label 8 >> 0.229
09-25 01:48 INFO     for label 9 >> 0.404
09-25 01:50 INFO     >>>>> Epoch [64]: Global model loss: 0.5745373435497284 acc: 0.3689
09-25 01:51 INFO     Scores per target value
09-25 01:51 INFO     for label 0 >> 0.585
09-25 01:51 INFO     for label 1 >> 0.464
09-25 01:51 INFO     for label 2 >> 0.263
09-25 01:51 INFO     for label 3 >> 0.039
09-25 01:51 INFO     for label 4 >> 0.391
09-25 01:51 INFO     for label 5 >> 0.214
09-25 01:51 INFO     for label 6 >> 0.222
09-25 01:51 INFO     for label 7 >> 0.696
09-25 01:51 INFO     for label 8 >> 0.327
09-25 01:51 INFO     for label 9 >> 0.488
09-25 01:53 INFO     >>>>> Epoch [65]: Global model loss: 1.0588546607136726 acc: 0.4122
09-25 01:54 INFO     Scores per target value
09-25 01:54 INFO     for label 0 >> 0.544
09-25 01:54 INFO     for label 1 >> 0.513
09-25 01:54 INFO     for label 2 >> 0.209
09-25 01:54 INFO     for label 3 >> 0.109
09-25 01:54 INFO     for label 4 >> 0.311
09-25 01:54 INFO     for label 5 >> 0.386
09-25 01:54 INFO     for label 6 >> 0.517
09-25 01:54 INFO     for label 7 >> 0.624
09-25 01:54 INFO     for label 8 >> 0.457
09-25 01:54 INFO     for label 9 >> 0.452
09-25 01:56 INFO     >>>>> Epoch [66]: Global model loss: 0.3503827430725098 acc: 0.4108
09-25 01:58 INFO     Scores per target value
09-25 01:58 INFO     for label 0 >> 0.538
09-25 01:58 INFO     for label 1 >> 0.473
09-25 01:58 INFO     for label 2 >> 0.152
09-25 01:58 INFO     for label 3 >> 0.084
09-25 01:58 INFO     for label 4 >> 0.377
09-25 01:58 INFO     for label 5 >> 0.342
09-25 01:58 INFO     for label 6 >> 0.437
09-25 01:58 INFO     for label 7 >> 0.652
09-25 01:58 INFO     for label 8 >> 0.553
09-25 01:58 INFO     for label 9 >> 0.5
09-25 02:00 INFO     >>>>> Epoch [67]: Global model loss: 0.6040109155893326 acc: 0.4199
09-25 02:01 INFO     Scores per target value
09-25 02:01 INFO     for label 0 >> 0.516
09-25 02:01 INFO     for label 1 >> 0.488
09-25 02:01 INFO     for label 2 >> 0.175
09-25 02:01 INFO     for label 3 >> 0.242
09-25 02:01 INFO     for label 4 >> 0.401
09-25 02:01 INFO     for label 5 >> 0.243
09-25 02:01 INFO     for label 6 >> 0.517
09-25 02:01 INFO     for label 7 >> 0.577
09-25 02:01 INFO     for label 8 >> 0.543
09-25 02:01 INFO     for label 9 >> 0.497
09-25 02:03 INFO     >>>>> Epoch [68]: Global model loss: 0.07286724166870118 acc: 0.3381
09-25 02:04 INFO     Scores per target value
09-25 02:04 INFO     for label 0 >> 0.576
09-25 02:04 INFO     for label 1 >> 0.522
09-25 02:04 INFO     for label 2 >> 0.529
09-25 02:04 INFO     for label 3 >> 0.031
09-25 02:04 INFO     for label 4 >> 0.176
09-25 02:04 INFO     for label 5 >> 0.204
09-25 02:04 INFO     for label 6 >> 0.095
09-25 02:04 INFO     for label 7 >> 0.699
09-25 02:04 INFO     for label 8 >> 0.242
09-25 02:04 INFO     for label 9 >> 0.307
09-25 02:06 INFO     >>>>> Epoch [69]: Global model loss: 0.46560305305719374 acc: 0.4022
09-25 02:07 INFO     Scores per target value
09-25 02:07 INFO     for label 0 >> 0.51
09-25 02:07 INFO     for label 1 >> 0.645
09-25 02:07 INFO     for label 2 >> 0.174
09-25 02:07 INFO     for label 3 >> 0.114
09-25 02:07 INFO     for label 4 >> 0.356
09-25 02:07 INFO     for label 5 >> 0.272
09-25 02:07 INFO     for label 6 >> 0.394
09-25 02:07 INFO     for label 7 >> 0.7
09-25 02:07 INFO     for label 8 >> 0.426
09-25 02:07 INFO     for label 9 >> 0.431
09-25 02:09 INFO     >>>>> Epoch [70]: Global model loss: 0.513134358048439 acc: 0.4262
09-25 02:10 INFO     Scores per target value
09-25 02:10 INFO     for label 0 >> 0.612
09-25 02:10 INFO     for label 1 >> 0.503
09-25 02:10 INFO     for label 2 >> 0.27
09-25 02:10 INFO     for label 3 >> 0.175
09-25 02:10 INFO     for label 4 >> 0.293
09-25 02:10 INFO     for label 5 >> 0.383
09-25 02:10 INFO     for label 6 >> 0.473
09-25 02:10 INFO     for label 7 >> 0.64
09-25 02:10 INFO     for label 8 >> 0.384
09-25 02:10 INFO     for label 9 >> 0.529
09-25 02:13 INFO     >>>>> Epoch [71]: Global model loss: 0.5899001699447631 acc: 0.421
09-25 02:14 INFO     Scores per target value
09-25 02:14 INFO     for label 0 >> 0.523
09-25 02:14 INFO     for label 1 >> 0.565
09-25 02:14 INFO     for label 2 >> 0.241
09-25 02:14 INFO     for label 3 >> 0.182
09-25 02:14 INFO     for label 4 >> 0.406
09-25 02:14 INFO     for label 5 >> 0.264
09-25 02:14 INFO     for label 6 >> 0.488
09-25 02:14 INFO     for label 7 >> 0.63
09-25 02:14 INFO     for label 8 >> 0.516
09-25 02:14 INFO     for label 9 >> 0.395
09-25 02:16 INFO     >>>>> Epoch [72]: Global model loss: 0.2749189090013504 acc: 0.4186
09-25 02:17 INFO     Scores per target value
09-25 02:17 INFO     for label 0 >> 0.491
09-25 02:17 INFO     for label 1 >> 0.409
09-25 02:17 INFO     for label 2 >> 0.245
09-25 02:17 INFO     for label 3 >> 0.135
09-25 02:17 INFO     for label 4 >> 0.426
09-25 02:17 INFO     for label 5 >> 0.371
09-25 02:17 INFO     for label 6 >> 0.447
09-25 02:17 INFO     for label 7 >> 0.586
09-25 02:17 INFO     for label 8 >> 0.528
09-25 02:17 INFO     for label 9 >> 0.548
09-25 02:19 INFO     >>>>> Epoch [73]: Global model loss: 74.93927143554687 acc: 0.1
09-25 02:20 INFO     Scores per target value
09-25 02:20 INFO     for label 0 >> 0.0
09-25 02:20 INFO     for label 1 >> 0.0
09-25 02:20 INFO     for label 2 >> 0.0
09-25 02:20 INFO     for label 3 >> 0.0
09-25 02:20 INFO     for label 4 >> 0.0
09-25 02:20 INFO     for label 5 >> 0.0
09-25 02:20 INFO     for label 6 >> 0.0
09-25 02:20 INFO     for label 7 >> 1.0
09-25 02:20 INFO     for label 8 >> 0.0
09-25 02:20 INFO     for label 9 >> 0.0
09-25 02:22 INFO     >>>>> Epoch [74]: Global model loss: 0.06615153820514678 acc: 0.4238
09-25 02:23 INFO     Scores per target value
09-25 02:23 INFO     for label 0 >> 0.493
09-25 02:23 INFO     for label 1 >> 0.58
09-25 02:23 INFO     for label 2 >> 0.137
09-25 02:23 INFO     for label 3 >> 0.171
09-25 02:23 INFO     for label 4 >> 0.417
09-25 02:23 INFO     for label 5 >> 0.242
09-25 02:23 INFO     for label 6 >> 0.527
09-25 02:23 INFO     for label 7 >> 0.636
09-25 02:23 INFO     for label 8 >> 0.55
09-25 02:23 INFO     for label 9 >> 0.485
09-25 02:25 INFO     >>>>> Epoch [75]: Global model loss: 0.07673711756467819 acc: 0.4403
09-25 02:27 INFO     Scores per target value
09-25 02:27 INFO     for label 0 >> 0.561
09-25 02:27 INFO     for label 1 >> 0.553
09-25 02:27 INFO     for label 2 >> 0.177
09-25 02:27 INFO     for label 3 >> 0.224
09-25 02:27 INFO     for label 4 >> 0.367
09-25 02:27 INFO     for label 5 >> 0.323
09-25 02:27 INFO     for label 6 >> 0.619
09-25 02:27 INFO     for label 7 >> 0.594
09-25 02:27 INFO     for label 8 >> 0.539
09-25 02:27 INFO     for label 9 >> 0.446
09-25 02:29 INFO     >>>>> Epoch [76]: Global model loss: 0.047636339008808135 acc: 0.4311
09-25 02:30 INFO     Scores per target value
09-25 02:30 INFO     for label 0 >> 0.441
09-25 02:30 INFO     for label 1 >> 0.584
09-25 02:30 INFO     for label 2 >> 0.325
09-25 02:30 INFO     for label 3 >> 0.158
09-25 02:30 INFO     for label 4 >> 0.359
09-25 02:30 INFO     for label 5 >> 0.422
09-25 02:30 INFO     for label 6 >> 0.467
09-25 02:30 INFO     for label 7 >> 0.571
09-25 02:30 INFO     for label 8 >> 0.627
09-25 02:30 INFO     for label 9 >> 0.357
09-25 02:32 INFO     >>>>> Epoch [77]: Global model loss: 0.0811418574810028 acc: 0.4474
09-25 02:33 INFO     Scores per target value
09-25 02:33 INFO     for label 0 >> 0.568
09-25 02:33 INFO     for label 1 >> 0.612
09-25 02:33 INFO     for label 2 >> 0.293
09-25 02:33 INFO     for label 3 >> 0.216
09-25 02:33 INFO     for label 4 >> 0.366
09-25 02:33 INFO     for label 5 >> 0.375
09-25 02:33 INFO     for label 6 >> 0.56
09-25 02:33 INFO     for label 7 >> 0.538
09-25 02:33 INFO     for label 8 >> 0.492
09-25 02:33 INFO     for label 9 >> 0.454
09-25 02:35 INFO     >>>>> Epoch [78]: Global model loss: 0.09556187415122985 acc: 0.4319
09-25 02:36 INFO     Scores per target value
09-25 02:36 INFO     for label 0 >> 0.458
09-25 02:36 INFO     for label 1 >> 0.574
09-25 02:36 INFO     for label 2 >> 0.192
09-25 02:36 INFO     for label 3 >> 0.125
09-25 02:36 INFO     for label 4 >> 0.404
09-25 02:36 INFO     for label 5 >> 0.316
09-25 02:36 INFO     for label 6 >> 0.563
09-25 02:36 INFO     for label 7 >> 0.618
09-25 02:36 INFO     for label 8 >> 0.573
09-25 02:36 INFO     for label 9 >> 0.496
09-25 02:38 INFO     >>>>> Epoch [79]: Global model loss: 0.10784171077013016 acc: 0.4415
09-25 02:39 INFO     Scores per target value
09-25 02:39 INFO     for label 0 >> 0.583
09-25 02:39 INFO     for label 1 >> 0.564
09-25 02:39 INFO     for label 2 >> 0.193
09-25 02:39 INFO     for label 3 >> 0.206
09-25 02:39 INFO     for label 4 >> 0.433
09-25 02:39 INFO     for label 5 >> 0.277
09-25 02:39 INFO     for label 6 >> 0.563
09-25 02:39 INFO     for label 7 >> 0.626
09-25 02:39 INFO     for label 8 >> 0.468
09-25 02:39 INFO     for label 9 >> 0.502
09-25 02:41 INFO     >>>>> Epoch [80]: Global model loss: 0.13437406754493714 acc: 0.4414
09-25 02:43 INFO     Scores per target value
09-25 02:43 INFO     for label 0 >> 0.459
09-25 02:43 INFO     for label 1 >> 0.528
09-25 02:43 INFO     for label 2 >> 0.242
09-25 02:43 INFO     for label 3 >> 0.16
09-25 02:43 INFO     for label 4 >> 0.343
09-25 02:43 INFO     for label 5 >> 0.414
09-25 02:43 INFO     for label 6 >> 0.588
09-25 02:43 INFO     for label 7 >> 0.649
09-25 02:43 INFO     for label 8 >> 0.526
09-25 02:43 INFO     for label 9 >> 0.505
09-25 02:45 INFO     >>>>> Epoch [81]: Global model loss: 0.15625330168008805 acc: 0.4538
09-25 02:46 INFO     Scores per target value
09-25 02:46 INFO     for label 0 >> 0.552
09-25 02:46 INFO     for label 1 >> 0.493
09-25 02:46 INFO     for label 2 >> 0.215
09-25 02:46 INFO     for label 3 >> 0.139
09-25 02:46 INFO     for label 4 >> 0.422
09-25 02:46 INFO     for label 5 >> 0.436
09-25 02:46 INFO     for label 6 >> 0.596
09-25 02:46 INFO     for label 7 >> 0.62
09-25 02:46 INFO     for label 8 >> 0.519
09-25 02:46 INFO     for label 9 >> 0.546
09-25 02:48 INFO     >>>>> Epoch [82]: Global model loss: 0.14352157393693923 acc: 0.4423
09-25 02:49 INFO     Scores per target value
09-25 02:49 INFO     for label 0 >> 0.466
09-25 02:49 INFO     for label 1 >> 0.599
09-25 02:49 INFO     for label 2 >> 0.303
09-25 02:49 INFO     for label 3 >> 0.19
09-25 02:49 INFO     for label 4 >> 0.351
09-25 02:49 INFO     for label 5 >> 0.41
09-25 02:49 INFO     for label 6 >> 0.601
09-25 02:49 INFO     for label 7 >> 0.574
09-25 02:49 INFO     for label 8 >> 0.601
09-25 02:49 INFO     for label 9 >> 0.328
09-25 02:51 INFO     >>>>> Epoch [83]: Global model loss: 0.08056243497133254 acc: 0.4347
09-25 02:52 INFO     Scores per target value
09-25 02:52 INFO     for label 0 >> 0.53
09-25 02:52 INFO     for label 1 >> 0.565
09-25 02:52 INFO     for label 2 >> 0.209
09-25 02:52 INFO     for label 3 >> 0.168
09-25 02:52 INFO     for label 4 >> 0.475
09-25 02:52 INFO     for label 5 >> 0.34
09-25 02:52 INFO     for label 6 >> 0.498
09-25 02:52 INFO     for label 7 >> 0.662
09-25 02:52 INFO     for label 8 >> 0.535
09-25 02:52 INFO     for label 9 >> 0.365
09-25 02:54 INFO     >>>>> Epoch [84]: Global model loss: 0.1551908343553543 acc: 0.4434
09-25 02:55 INFO     Scores per target value
09-25 02:55 INFO     for label 0 >> 0.481
09-25 02:55 INFO     for label 1 >> 0.609
09-25 02:55 INFO     for label 2 >> 0.248
09-25 02:55 INFO     for label 3 >> 0.144
09-25 02:55 INFO     for label 4 >> 0.413
09-25 02:55 INFO     for label 5 >> 0.326
09-25 02:55 INFO     for label 6 >> 0.553
09-25 02:55 INFO     for label 7 >> 0.673
09-25 02:55 INFO     for label 8 >> 0.496
09-25 02:55 INFO     for label 9 >> 0.491
09-25 02:57 INFO     >>>>> Epoch [85]: Global model loss: 0.07410571719408035 acc: 0.4417
09-25 02:59 INFO     Scores per target value
09-25 02:59 INFO     for label 0 >> 0.591
09-25 02:59 INFO     for label 1 >> 0.613
09-25 02:59 INFO     for label 2 >> 0.187
09-25 02:59 INFO     for label 3 >> 0.159
09-25 02:59 INFO     for label 4 >> 0.375
09-25 02:59 INFO     for label 5 >> 0.298
09-25 02:59 INFO     for label 6 >> 0.568
09-25 02:59 INFO     for label 7 >> 0.714
09-25 02:59 INFO     for label 8 >> 0.47
09-25 02:59 INFO     for label 9 >> 0.442
09-25 03:01 INFO     >>>>> Epoch [86]: Global model loss: 0.13312080824375153 acc: 0.4589
09-25 03:02 INFO     Scores per target value
09-25 03:02 INFO     for label 0 >> 0.495
09-25 03:02 INFO     for label 1 >> 0.574
09-25 03:02 INFO     for label 2 >> 0.211
09-25 03:02 INFO     for label 3 >> 0.237
09-25 03:02 INFO     for label 4 >> 0.342
09-25 03:02 INFO     for label 5 >> 0.396
09-25 03:02 INFO     for label 6 >> 0.666
09-25 03:02 INFO     for label 7 >> 0.616
09-25 03:02 INFO     for label 8 >> 0.589
09-25 03:02 INFO     for label 9 >> 0.463
09-25 03:04 INFO     >>>>> Epoch [87]: Global model loss: 0.15828292242288589 acc: 0.4589
09-25 03:05 INFO     Scores per target value
09-25 03:05 INFO     for label 0 >> 0.568
09-25 03:05 INFO     for label 1 >> 0.57
09-25 03:05 INFO     for label 2 >> 0.235
09-25 03:05 INFO     for label 3 >> 0.196
09-25 03:05 INFO     for label 4 >> 0.373
09-25 03:05 INFO     for label 5 >> 0.333
09-25 03:05 INFO     for label 6 >> 0.596
09-25 03:05 INFO     for label 7 >> 0.652
09-25 03:05 INFO     for label 8 >> 0.536
09-25 03:05 INFO     for label 9 >> 0.53
09-25 03:07 INFO     >>>>> Epoch [88]: Global model loss: 0.12545396617650986 acc: 0.4455
09-25 03:08 INFO     Scores per target value
09-25 03:08 INFO     for label 0 >> 0.521
09-25 03:08 INFO     for label 1 >> 0.624
09-25 03:08 INFO     for label 2 >> 0.226
09-25 03:08 INFO     for label 3 >> 0.169
09-25 03:08 INFO     for label 4 >> 0.43
09-25 03:08 INFO     for label 5 >> 0.317
09-25 03:08 INFO     for label 6 >> 0.546
09-25 03:08 INFO     for label 7 >> 0.68
09-25 03:08 INFO     for label 8 >> 0.514
09-25 03:08 INFO     for label 9 >> 0.428
09-25 03:10 INFO     >>>>> Epoch [89]: Global model loss: 0.24478569165468217 acc: 0.4508
09-25 03:11 INFO     Scores per target value
09-25 03:11 INFO     for label 0 >> 0.458
09-25 03:11 INFO     for label 1 >> 0.569
09-25 03:11 INFO     for label 2 >> 0.207
09-25 03:11 INFO     for label 3 >> 0.212
09-25 03:11 INFO     for label 4 >> 0.469
09-25 03:11 INFO     for label 5 >> 0.382
09-25 03:11 INFO     for label 6 >> 0.575
09-25 03:11 INFO     for label 7 >> 0.614
09-25 03:11 INFO     for label 8 >> 0.657
09-25 03:11 INFO     for label 9 >> 0.365
09-25 03:13 INFO     >>>>> Epoch [90]: Global model loss: 0.2839392993927002 acc: 0.4583
09-25 03:14 INFO     Scores per target value
09-25 03:14 INFO     for label 0 >> 0.529
09-25 03:14 INFO     for label 1 >> 0.547
09-25 03:14 INFO     for label 2 >> 0.236
09-25 03:14 INFO     for label 3 >> 0.151
09-25 03:14 INFO     for label 4 >> 0.413
09-25 03:14 INFO     for label 5 >> 0.404
09-25 03:14 INFO     for label 6 >> 0.63
09-25 03:14 INFO     for label 7 >> 0.628
09-25 03:14 INFO     for label 8 >> 0.541
09-25 03:14 INFO     for label 9 >> 0.504
09-25 03:16 INFO     >>>>> Epoch [91]: Global model loss: 0.14689240580797194 acc: 0.4715
09-25 03:18 INFO     Scores per target value
09-25 03:18 INFO     for label 0 >> 0.575
09-25 03:18 INFO     for label 1 >> 0.581
09-25 03:18 INFO     for label 2 >> 0.267
09-25 03:18 INFO     for label 3 >> 0.231
09-25 03:18 INFO     for label 4 >> 0.406
09-25 03:18 INFO     for label 5 >> 0.384
09-25 03:18 INFO     for label 6 >> 0.61
09-25 03:18 INFO     for label 7 >> 0.607
09-25 03:18 INFO     for label 8 >> 0.582
09-25 03:18 INFO     for label 9 >> 0.472
09-25 03:20 INFO     >>>>> Epoch [92]: Global model loss: 0.24552995278835296 acc: 0.4523
09-25 03:21 INFO     Scores per target value
09-25 03:21 INFO     for label 0 >> 0.499
09-25 03:21 INFO     for label 1 >> 0.601
09-25 03:21 INFO     for label 2 >> 0.23
09-25 03:21 INFO     for label 3 >> 0.249
09-25 03:21 INFO     for label 4 >> 0.41
09-25 03:21 INFO     for label 5 >> 0.288
09-25 03:21 INFO     for label 6 >> 0.587
09-25 03:21 INFO     for label 7 >> 0.682
09-25 03:21 INFO     for label 8 >> 0.542
09-25 03:21 INFO     for label 9 >> 0.435
09-25 03:23 INFO     >>>>> Epoch [93]: Global model loss: 0.1639458753824234 acc: 0.4639
09-25 03:24 INFO     Scores per target value
09-25 03:24 INFO     for label 0 >> 0.578
09-25 03:24 INFO     for label 1 >> 0.56
09-25 03:24 INFO     for label 2 >> 0.222
09-25 03:24 INFO     for label 3 >> 0.148
09-25 03:24 INFO     for label 4 >> 0.412
09-25 03:24 INFO     for label 5 >> 0.374
09-25 03:24 INFO     for label 6 >> 0.632
09-25 03:24 INFO     for label 7 >> 0.626
09-25 03:24 INFO     for label 8 >> 0.585
09-25 03:24 INFO     for label 9 >> 0.502
09-25 03:26 INFO     >>>>> Epoch [94]: Global model loss: 0.3095116184711456 acc: 0.4567
09-25 03:27 INFO     Scores per target value
09-25 03:27 INFO     for label 0 >> 0.526
09-25 03:27 INFO     for label 1 >> 0.589
09-25 03:27 INFO     for label 2 >> 0.143
09-25 03:27 INFO     for label 3 >> 0.227
09-25 03:27 INFO     for label 4 >> 0.456
09-25 03:27 INFO     for label 5 >> 0.302
09-25 03:27 INFO     for label 6 >> 0.627
09-25 03:27 INFO     for label 7 >> 0.666
09-25 03:27 INFO     for label 8 >> 0.592
09-25 03:27 INFO     for label 9 >> 0.439
09-25 03:29 INFO     >>>>> Epoch [95]: Global model loss: 0.19653938153982162 acc: 0.4401
09-25 03:30 INFO     Scores per target value
09-25 03:30 INFO     for label 0 >> 0.473
09-25 03:30 INFO     for label 1 >> 0.605
09-25 03:30 INFO     for label 2 >> 0.104
09-25 03:30 INFO     for label 3 >> 0.148
09-25 03:30 INFO     for label 4 >> 0.472
09-25 03:30 INFO     for label 5 >> 0.293
09-25 03:30 INFO     for label 6 >> 0.569
09-25 03:30 INFO     for label 7 >> 0.701
09-25 03:30 INFO     for label 8 >> 0.578
09-25 03:30 INFO     for label 9 >> 0.458
09-25 03:32 INFO     >>>>> Epoch [96]: Global model loss: 0.3000760030388832 acc: 0.4573
09-25 03:33 INFO     Scores per target value
09-25 03:33 INFO     for label 0 >> 0.492
09-25 03:33 INFO     for label 1 >> 0.59
09-25 03:33 INFO     for label 2 >> 0.225
09-25 03:33 INFO     for label 3 >> 0.182
09-25 03:33 INFO     for label 4 >> 0.422
09-25 03:33 INFO     for label 5 >> 0.345
09-25 03:33 INFO     for label 6 >> 0.558
09-25 03:33 INFO     for label 7 >> 0.685
09-25 03:33 INFO     for label 8 >> 0.577
09-25 03:33 INFO     for label 9 >> 0.497
09-25 03:35 INFO     >>>>> Epoch [97]: Global model loss: 0.24663414601087572 acc: 0.4698
09-25 03:37 INFO     Scores per target value
09-25 03:37 INFO     for label 0 >> 0.541
09-25 03:37 INFO     for label 1 >> 0.619
09-25 03:37 INFO     for label 2 >> 0.27
09-25 03:37 INFO     for label 3 >> 0.237
09-25 03:37 INFO     for label 4 >> 0.4
09-25 03:37 INFO     for label 5 >> 0.346
09-25 03:37 INFO     for label 6 >> 0.61
09-25 03:37 INFO     for label 7 >> 0.629
09-25 03:37 INFO     for label 8 >> 0.549
09-25 03:37 INFO     for label 9 >> 0.497
09-25 03:39 INFO     >>>>> Epoch [98]: Global model loss: 0.33405713394880293 acc: 0.4642
09-25 03:40 INFO     Scores per target value
09-25 03:40 INFO     for label 0 >> 0.49
09-25 03:40 INFO     for label 1 >> 0.584
09-25 03:40 INFO     for label 2 >> 0.301
09-25 03:40 INFO     for label 3 >> 0.153
09-25 03:40 INFO     for label 4 >> 0.433
09-25 03:40 INFO     for label 5 >> 0.384
09-25 03:40 INFO     for label 6 >> 0.584
09-25 03:40 INFO     for label 7 >> 0.664
09-25 03:40 INFO     for label 8 >> 0.603
09-25 03:40 INFO     for label 9 >> 0.446
09-25 03:42 INFO     >>>>> Epoch [99]: Global model loss: 0.09014097790718079 acc: 0.4541
09-25 03:43 INFO     Scores per target value
09-25 03:43 INFO     for label 0 >> 0.46
09-25 03:43 INFO     for label 1 >> 0.569
09-25 03:43 INFO     for label 2 >> 0.13
09-25 03:43 INFO     for label 3 >> 0.162
09-25 03:43 INFO     for label 4 >> 0.459
09-25 03:43 INFO     for label 5 >> 0.297
09-25 03:43 INFO     for label 6 >> 0.736
09-25 03:43 INFO     for label 7 >> 0.638
09-25 03:43 INFO     for label 8 >> 0.604
09-25 03:43 INFO     for label 9 >> 0.486
