09-24 17:52 INFO     cuda
09-24 17:52 INFO     {'dataset_type': 'cifar10', 'model_name': 'resnet18', 'num_clients': 5, 'batch_size': 64, 'training_lr': 0.05, 'decay_rate': 0.993, 'min_lr': 0.005, 'epoch': 100, 'local_epoch': 1, 'momentum': -1, 'weight_decay': 0.0, 'data_path': './data', 'device': 'cuda', 'partition_method': 'iid', 'partition_target': 'label', 'alpha': 4.0, 'num_shards_per_partition': 2, 'shard_size': 500, 'script': 'FL ONLY'}
09-24 17:52 INFO     ####################################################################################################
09-24 17:52 INFO     Partitioning Data
09-24 17:52 INFO                   airplane  automobile  bird   cat  ...  frog  horse  ship  truck
Partition ID                                    ...                          
0                 1011         969  1007   958  ...  1010   1006   989   1015
1                 1020         981   993   996  ...  1043    993   990    999
2                  952        1033  1000  1052  ...   976    999   988   1029
3                  989        1014   992  1032  ...   962   1000   991    986
4                 1028        1003  1008   962  ...  1009   1002  1042    971

[5 rows x 10 columns]
09-24 17:53 INFO     >>>>> Epoch [0]: Global model loss: 0.035337377977371215 acc: 0.206
09-24 17:53 INFO     Scores per target value
09-24 17:53 INFO     for label 0 >> 0.005
09-24 17:53 INFO     for label 1 >> 0.0
09-24 17:53 INFO     for label 2 >> 0.036
09-24 17:53 INFO     for label 3 >> 0.009
09-24 17:53 INFO     for label 4 >> 0.363
09-24 17:53 INFO     for label 5 >> 0.401
09-24 17:53 INFO     for label 6 >> 0.559
09-24 17:53 INFO     for label 7 >> 0.601
09-24 17:53 INFO     for label 8 >> 0.007
09-24 17:53 INFO     for label 9 >> 0.079
09-24 17:53 INFO     >>>>> Epoch [1]: Global model loss: 0.028216647124290468 acc: 0.3572
09-24 17:53 INFO     Scores per target value
09-24 17:53 INFO     for label 0 >> 0.097
09-24 17:53 INFO     for label 1 >> 0.274
09-24 17:53 INFO     for label 2 >> 0.24
09-24 17:53 INFO     for label 3 >> 0.008
09-24 17:53 INFO     for label 4 >> 0.463
09-24 17:53 INFO     for label 5 >> 0.546
09-24 17:53 INFO     for label 6 >> 0.521
09-24 17:53 INFO     for label 7 >> 0.466
09-24 17:53 INFO     for label 8 >> 0.705
09-24 17:53 INFO     for label 9 >> 0.252
09-24 17:54 INFO     >>>>> Epoch [2]: Global model loss: 0.023421042060852052 acc: 0.446
09-24 17:54 INFO     Scores per target value
09-24 17:54 INFO     for label 0 >> 0.416
09-24 17:54 INFO     for label 1 >> 0.506
09-24 17:54 INFO     for label 2 >> 0.159
09-24 17:54 INFO     for label 3 >> 0.098
09-24 17:54 INFO     for label 4 >> 0.533
09-24 17:54 INFO     for label 5 >> 0.659
09-24 17:54 INFO     for label 6 >> 0.531
09-24 17:54 INFO     for label 7 >> 0.453
09-24 17:54 INFO     for label 8 >> 0.726
09-24 17:54 INFO     for label 9 >> 0.379
09-24 17:54 INFO     >>>>> Epoch [3]: Global model loss: 0.02215814542770386 acc: 0.4786
09-24 17:54 INFO     Scores per target value
09-24 17:54 INFO     for label 0 >> 0.333
09-24 17:54 INFO     for label 1 >> 0.518
09-24 17:54 INFO     for label 2 >> 0.438
09-24 17:54 INFO     for label 3 >> 0.207
09-24 17:54 INFO     for label 4 >> 0.369
09-24 17:54 INFO     for label 5 >> 0.556
09-24 17:54 INFO     for label 6 >> 0.611
09-24 17:54 INFO     for label 7 >> 0.522
09-24 17:54 INFO     for label 8 >> 0.794
09-24 17:54 INFO     for label 9 >> 0.438
09-24 17:55 INFO     >>>>> Epoch [4]: Global model loss: 0.021465844511985778 acc: 0.5189
09-24 17:55 INFO     Scores per target value
09-24 17:55 INFO     for label 0 >> 0.398
09-24 17:55 INFO     for label 1 >> 0.663
09-24 17:55 INFO     for label 2 >> 0.29
09-24 17:55 INFO     for label 3 >> 0.251
09-24 17:55 INFO     for label 4 >> 0.537
09-24 17:55 INFO     for label 5 >> 0.609
09-24 17:55 INFO     for label 6 >> 0.646
09-24 17:55 INFO     for label 7 >> 0.568
09-24 17:55 INFO     for label 8 >> 0.781
09-24 17:55 INFO     for label 9 >> 0.446
09-24 17:55 INFO     >>>>> Epoch [5]: Global model loss: 0.019754343843460084 acc: 0.5572
09-24 17:55 INFO     Scores per target value
09-24 17:55 INFO     for label 0 >> 0.56
09-24 17:55 INFO     for label 1 >> 0.636
09-24 17:55 INFO     for label 2 >> 0.395
09-24 17:55 INFO     for label 3 >> 0.277
09-24 17:55 INFO     for label 4 >> 0.454
09-24 17:55 INFO     for label 5 >> 0.608
09-24 17:55 INFO     for label 6 >> 0.692
09-24 17:55 INFO     for label 7 >> 0.618
09-24 17:55 INFO     for label 8 >> 0.784
09-24 17:55 INFO     for label 9 >> 0.548
09-24 17:55 INFO     >>>>> Epoch [6]: Global model loss: 0.0183133536696434 acc: 0.5781
09-24 17:56 INFO     Scores per target value
09-24 17:56 INFO     for label 0 >> 0.527
09-24 17:56 INFO     for label 1 >> 0.726
09-24 17:56 INFO     for label 2 >> 0.375
09-24 17:56 INFO     for label 3 >> 0.26
09-24 17:56 INFO     for label 4 >> 0.53
09-24 17:56 INFO     for label 5 >> 0.638
09-24 17:56 INFO     for label 6 >> 0.714
09-24 17:56 INFO     for label 7 >> 0.693
09-24 17:56 INFO     for label 8 >> 0.717
09-24 17:56 INFO     for label 9 >> 0.601
09-24 17:56 INFO     >>>>> Epoch [7]: Global model loss: 0.01740277590751648 acc: 0.6027
09-24 17:56 INFO     Scores per target value
09-24 17:56 INFO     for label 0 >> 0.674
09-24 17:56 INFO     for label 1 >> 0.754
09-24 17:56 INFO     for label 2 >> 0.452
09-24 17:56 INFO     for label 3 >> 0.31
09-24 17:56 INFO     for label 4 >> 0.518
09-24 17:56 INFO     for label 5 >> 0.647
09-24 17:56 INFO     for label 6 >> 0.748
09-24 17:56 INFO     for label 7 >> 0.645
09-24 17:56 INFO     for label 8 >> 0.746
09-24 17:56 INFO     for label 9 >> 0.533
09-24 17:56 INFO     >>>>> Epoch [8]: Global model loss: 0.016672206020355223 acc: 0.6206
09-24 17:56 INFO     Scores per target value
09-24 17:56 INFO     for label 0 >> 0.616
09-24 17:56 INFO     for label 1 >> 0.722
09-24 17:56 INFO     for label 2 >> 0.47
09-24 17:56 INFO     for label 3 >> 0.326
09-24 17:56 INFO     for label 4 >> 0.509
09-24 17:56 INFO     for label 5 >> 0.649
09-24 17:56 INFO     for label 6 >> 0.772
09-24 17:56 INFO     for label 7 >> 0.669
09-24 17:56 INFO     for label 8 >> 0.812
09-24 17:56 INFO     for label 9 >> 0.661
09-24 17:57 INFO     >>>>> Epoch [9]: Global model loss: 0.016591399872303007 acc: 0.6264
09-24 17:57 INFO     Scores per target value
09-24 17:57 INFO     for label 0 >> 0.658
09-24 17:57 INFO     for label 1 >> 0.739
09-24 17:57 INFO     for label 2 >> 0.447
09-24 17:57 INFO     for label 3 >> 0.332
09-24 17:57 INFO     for label 4 >> 0.503
09-24 17:57 INFO     for label 5 >> 0.688
09-24 17:57 INFO     for label 6 >> 0.767
09-24 17:57 INFO     for label 7 >> 0.666
09-24 17:57 INFO     for label 8 >> 0.844
09-24 17:57 INFO     for label 9 >> 0.62
09-24 17:57 INFO     >>>>> Epoch [10]: Global model loss: 0.015648724967241286 acc: 0.6476
09-24 17:57 INFO     Scores per target value
09-24 17:57 INFO     for label 0 >> 0.685
09-24 17:57 INFO     for label 1 >> 0.767
09-24 17:57 INFO     for label 2 >> 0.483
09-24 17:57 INFO     for label 3 >> 0.404
09-24 17:57 INFO     for label 4 >> 0.555
09-24 17:57 INFO     for label 5 >> 0.638
09-24 17:57 INFO     for label 6 >> 0.793
09-24 17:57 INFO     for label 7 >> 0.694
09-24 17:57 INFO     for label 8 >> 0.817
09-24 17:57 INFO     for label 9 >> 0.64
09-24 17:58 INFO     >>>>> Epoch [11]: Global model loss: 0.015546286952495575 acc: 0.6522
09-24 17:58 INFO     Scores per target value
09-24 17:58 INFO     for label 0 >> 0.666
09-24 17:58 INFO     for label 1 >> 0.802
09-24 17:58 INFO     for label 2 >> 0.512
09-24 17:58 INFO     for label 3 >> 0.369
09-24 17:58 INFO     for label 4 >> 0.582
09-24 17:58 INFO     for label 5 >> 0.644
09-24 17:58 INFO     for label 6 >> 0.805
09-24 17:58 INFO     for label 7 >> 0.684
09-24 17:58 INFO     for label 8 >> 0.813
09-24 17:58 INFO     for label 9 >> 0.645
09-24 17:58 INFO     >>>>> Epoch [12]: Global model loss: 0.015506263387203217 acc: 0.665
09-24 17:58 INFO     Scores per target value
09-24 17:58 INFO     for label 0 >> 0.717
09-24 17:58 INFO     for label 1 >> 0.773
09-24 17:58 INFO     for label 2 >> 0.507
09-24 17:58 INFO     for label 3 >> 0.375
09-24 17:58 INFO     for label 4 >> 0.597
09-24 17:58 INFO     for label 5 >> 0.608
09-24 17:58 INFO     for label 6 >> 0.822
09-24 17:58 INFO     for label 7 >> 0.723
09-24 17:58 INFO     for label 8 >> 0.848
09-24 17:58 INFO     for label 9 >> 0.68
09-24 17:58 INFO     >>>>> Epoch [13]: Global model loss: 0.01559482073187828 acc: 0.6727
09-24 17:59 INFO     Scores per target value
09-24 17:59 INFO     for label 0 >> 0.624
09-24 17:59 INFO     for label 1 >> 0.798
09-24 17:59 INFO     for label 2 >> 0.525
09-24 17:59 INFO     for label 3 >> 0.409
09-24 17:59 INFO     for label 4 >> 0.609
09-24 17:59 INFO     for label 5 >> 0.646
09-24 17:59 INFO     for label 6 >> 0.806
09-24 17:59 INFO     for label 7 >> 0.717
09-24 17:59 INFO     for label 8 >> 0.874
09-24 17:59 INFO     for label 9 >> 0.719
09-24 17:59 INFO     >>>>> Epoch [14]: Global model loss: 0.014299798637628555 acc: 0.6784
09-24 17:59 INFO     Scores per target value
09-24 17:59 INFO     for label 0 >> 0.677
09-24 17:59 INFO     for label 1 >> 0.799
09-24 17:59 INFO     for label 2 >> 0.537
09-24 17:59 INFO     for label 3 >> 0.386
09-24 17:59 INFO     for label 4 >> 0.599
09-24 17:59 INFO     for label 5 >> 0.698
09-24 17:59 INFO     for label 6 >> 0.76
09-24 17:59 INFO     for label 7 >> 0.739
09-24 17:59 INFO     for label 8 >> 0.872
09-24 17:59 INFO     for label 9 >> 0.717
09-24 17:59 INFO     >>>>> Epoch [15]: Global model loss: 0.013802468943595885 acc: 0.6903
09-24 17:59 INFO     Scores per target value
09-24 17:59 INFO     for label 0 >> 0.689
09-24 17:59 INFO     for label 1 >> 0.826
09-24 17:59 INFO     for label 2 >> 0.488
09-24 17:59 INFO     for label 3 >> 0.469
09-24 17:59 INFO     for label 4 >> 0.636
09-24 17:59 INFO     for label 5 >> 0.653
09-24 17:59 INFO     for label 6 >> 0.798
09-24 17:59 INFO     for label 7 >> 0.738
09-24 17:59 INFO     for label 8 >> 0.893
09-24 17:59 INFO     for label 9 >> 0.713
09-24 18:00 INFO     >>>>> Epoch [16]: Global model loss: 0.01342536370754242 acc: 0.7042
09-24 18:00 INFO     Scores per target value
09-24 18:00 INFO     for label 0 >> 0.764
09-24 18:00 INFO     for label 1 >> 0.802
09-24 18:00 INFO     for label 2 >> 0.536
09-24 18:00 INFO     for label 3 >> 0.478
09-24 18:00 INFO     for label 4 >> 0.622
09-24 18:00 INFO     for label 5 >> 0.64
09-24 18:00 INFO     for label 6 >> 0.83
09-24 18:00 INFO     for label 7 >> 0.758
09-24 18:00 INFO     for label 8 >> 0.853
09-24 18:00 INFO     for label 9 >> 0.759
09-24 18:00 INFO     >>>>> Epoch [17]: Global model loss: 0.013091501712799072 acc: 0.7108
09-24 18:00 INFO     Scores per target value
09-24 18:00 INFO     for label 0 >> 0.762
09-24 18:00 INFO     for label 1 >> 0.819
09-24 18:00 INFO     for label 2 >> 0.548
09-24 18:00 INFO     for label 3 >> 0.431
09-24 18:00 INFO     for label 4 >> 0.679
09-24 18:00 INFO     for label 5 >> 0.66
09-24 18:00 INFO     for label 6 >> 0.815
09-24 18:00 INFO     for label 7 >> 0.753
09-24 18:00 INFO     for label 8 >> 0.852
09-24 18:00 INFO     for label 9 >> 0.789
09-24 18:01 INFO     >>>>> Epoch [18]: Global model loss: 0.014207996898889541 acc: 0.7016
09-24 18:01 INFO     Scores per target value
09-24 18:01 INFO     for label 0 >> 0.616
09-24 18:01 INFO     for label 1 >> 0.809
09-24 18:01 INFO     for label 2 >> 0.593
09-24 18:01 INFO     for label 3 >> 0.479
09-24 18:01 INFO     for label 4 >> 0.646
09-24 18:01 INFO     for label 5 >> 0.632
09-24 18:01 INFO     for label 6 >> 0.849
09-24 18:01 INFO     for label 7 >> 0.727
09-24 18:01 INFO     for label 8 >> 0.906
09-24 18:01 INFO     for label 9 >> 0.759
09-24 18:01 INFO     >>>>> Epoch [19]: Global model loss: 0.012687834307551384 acc: 0.7196
09-24 18:01 INFO     Scores per target value
09-24 18:01 INFO     for label 0 >> 0.71
09-24 18:01 INFO     for label 1 >> 0.838
09-24 18:01 INFO     for label 2 >> 0.578
09-24 18:01 INFO     for label 3 >> 0.456
09-24 18:01 INFO     for label 4 >> 0.675
09-24 18:01 INFO     for label 5 >> 0.679
09-24 18:01 INFO     for label 6 >> 0.852
09-24 18:01 INFO     for label 7 >> 0.76
09-24 18:01 INFO     for label 8 >> 0.871
09-24 18:01 INFO     for label 9 >> 0.777
09-24 18:01 INFO     >>>>> Epoch [20]: Global model loss: 0.01252537539601326 acc: 0.7229
09-24 18:02 INFO     Scores per target value
09-24 18:02 INFO     for label 0 >> 0.708
09-24 18:02 INFO     for label 1 >> 0.845
09-24 18:02 INFO     for label 2 >> 0.538
09-24 18:02 INFO     for label 3 >> 0.468
09-24 18:02 INFO     for label 4 >> 0.662
09-24 18:02 INFO     for label 5 >> 0.701
09-24 18:02 INFO     for label 6 >> 0.864
09-24 18:02 INFO     for label 7 >> 0.752
09-24 18:02 INFO     for label 8 >> 0.888
09-24 18:02 INFO     for label 9 >> 0.803
09-24 18:02 INFO     >>>>> Epoch [21]: Global model loss: 0.012554019656777382 acc: 0.7281
09-24 18:02 INFO     Scores per target value
09-24 18:02 INFO     for label 0 >> 0.71
09-24 18:02 INFO     for label 1 >> 0.853
09-24 18:02 INFO     for label 2 >> 0.613
09-24 18:02 INFO     for label 3 >> 0.51
09-24 18:02 INFO     for label 4 >> 0.678
09-24 18:02 INFO     for label 5 >> 0.651
09-24 18:02 INFO     for label 6 >> 0.867
09-24 18:02 INFO     for label 7 >> 0.744
09-24 18:02 INFO     for label 8 >> 0.871
09-24 18:02 INFO     for label 9 >> 0.784
09-24 18:02 INFO     >>>>> Epoch [22]: Global model loss: 0.011889139664173126 acc: 0.7338
09-24 18:02 INFO     Scores per target value
09-24 18:02 INFO     for label 0 >> 0.733
09-24 18:02 INFO     for label 1 >> 0.856
09-24 18:02 INFO     for label 2 >> 0.539
09-24 18:02 INFO     for label 3 >> 0.486
09-24 18:02 INFO     for label 4 >> 0.682
09-24 18:02 INFO     for label 5 >> 0.696
09-24 18:02 INFO     for label 6 >> 0.876
09-24 18:02 INFO     for label 7 >> 0.781
09-24 18:02 INFO     for label 8 >> 0.88
09-24 18:02 INFO     for label 9 >> 0.809
09-24 18:03 INFO     >>>>> Epoch [23]: Global model loss: 0.011948200771212577 acc: 0.7352
09-24 18:03 INFO     Scores per target value
09-24 18:03 INFO     for label 0 >> 0.71
09-24 18:03 INFO     for label 1 >> 0.867
09-24 18:03 INFO     for label 2 >> 0.605
09-24 18:03 INFO     for label 3 >> 0.48
09-24 18:03 INFO     for label 4 >> 0.678
09-24 18:03 INFO     for label 5 >> 0.681
09-24 18:03 INFO     for label 6 >> 0.886
09-24 18:03 INFO     for label 7 >> 0.747
09-24 18:03 INFO     for label 8 >> 0.907
09-24 18:03 INFO     for label 9 >> 0.791
09-24 18:03 INFO     >>>>> Epoch [24]: Global model loss: 0.011722434136271477 acc: 0.74
09-24 18:03 INFO     Scores per target value
09-24 18:03 INFO     for label 0 >> 0.777
09-24 18:03 INFO     for label 1 >> 0.83
09-24 18:03 INFO     for label 2 >> 0.6
09-24 18:03 INFO     for label 3 >> 0.484
09-24 18:03 INFO     for label 4 >> 0.685
09-24 18:03 INFO     for label 5 >> 0.661
09-24 18:03 INFO     for label 6 >> 0.864
09-24 18:03 INFO     for label 7 >> 0.796
09-24 18:03 INFO     for label 8 >> 0.914
09-24 18:03 INFO     for label 9 >> 0.789
09-24 18:04 INFO     >>>>> Epoch [25]: Global model loss: 0.011305020093917846 acc: 0.7484
09-24 18:04 INFO     Scores per target value
09-24 18:04 INFO     for label 0 >> 0.775
09-24 18:04 INFO     for label 1 >> 0.856
09-24 18:04 INFO     for label 2 >> 0.597
09-24 18:04 INFO     for label 3 >> 0.511
09-24 18:04 INFO     for label 4 >> 0.708
09-24 18:04 INFO     for label 5 >> 0.649
09-24 18:04 INFO     for label 6 >> 0.875
09-24 18:04 INFO     for label 7 >> 0.804
09-24 18:04 INFO     for label 8 >> 0.872
09-24 18:04 INFO     for label 9 >> 0.837
09-24 18:04 INFO     >>>>> Epoch [26]: Global model loss: 0.011189421567320824 acc: 0.7524
09-24 18:04 INFO     Scores per target value
09-24 18:04 INFO     for label 0 >> 0.77
09-24 18:04 INFO     for label 1 >> 0.838
09-24 18:04 INFO     for label 2 >> 0.621
09-24 18:04 INFO     for label 3 >> 0.514
09-24 18:04 INFO     for label 4 >> 0.702
09-24 18:04 INFO     for label 5 >> 0.688
09-24 18:04 INFO     for label 6 >> 0.879
09-24 18:04 INFO     for label 7 >> 0.799
09-24 18:04 INFO     for label 8 >> 0.894
09-24 18:04 INFO     for label 9 >> 0.819
09-24 18:04 INFO     >>>>> Epoch [27]: Global model loss: 0.011345943143963814 acc: 0.752
09-24 18:05 INFO     Scores per target value
09-24 18:05 INFO     for label 0 >> 0.77
09-24 18:05 INFO     for label 1 >> 0.868
09-24 18:05 INFO     for label 2 >> 0.583
09-24 18:05 INFO     for label 3 >> 0.493
09-24 18:05 INFO     for label 4 >> 0.681
09-24 18:05 INFO     for label 5 >> 0.703
09-24 18:05 INFO     for label 6 >> 0.888
09-24 18:05 INFO     for label 7 >> 0.8
09-24 18:05 INFO     for label 8 >> 0.882
09-24 18:05 INFO     for label 9 >> 0.852
09-24 18:05 INFO     >>>>> Epoch [28]: Global model loss: 0.011266171967983246 acc: 0.7532
09-24 18:05 INFO     Scores per target value
09-24 18:05 INFO     for label 0 >> 0.733
09-24 18:05 INFO     for label 1 >> 0.872
09-24 18:05 INFO     for label 2 >> 0.609
09-24 18:05 INFO     for label 3 >> 0.502
09-24 18:05 INFO     for label 4 >> 0.724
09-24 18:05 INFO     for label 5 >> 0.685
09-24 18:05 INFO     for label 6 >> 0.887
09-24 18:05 INFO     for label 7 >> 0.798
09-24 18:05 INFO     for label 8 >> 0.896
09-24 18:05 INFO     for label 9 >> 0.826
09-24 18:05 INFO     >>>>> Epoch [29]: Global model loss: 0.01099388383924961 acc: 0.7563
09-24 18:05 INFO     Scores per target value
09-24 18:05 INFO     for label 0 >> 0.789
09-24 18:05 INFO     for label 1 >> 0.838
09-24 18:05 INFO     for label 2 >> 0.626
09-24 18:05 INFO     for label 3 >> 0.511
09-24 18:05 INFO     for label 4 >> 0.728
09-24 18:05 INFO     for label 5 >> 0.669
09-24 18:05 INFO     for label 6 >> 0.881
09-24 18:05 INFO     for label 7 >> 0.793
09-24 18:05 INFO     for label 8 >> 0.892
09-24 18:05 INFO     for label 9 >> 0.836
09-24 18:06 INFO     >>>>> Epoch [30]: Global model loss: 0.0111034145206213 acc: 0.7553
09-24 18:06 INFO     Scores per target value
09-24 18:06 INFO     for label 0 >> 0.736
09-24 18:06 INFO     for label 1 >> 0.85
09-24 18:06 INFO     for label 2 >> 0.608
09-24 18:06 INFO     for label 3 >> 0.525
09-24 18:06 INFO     for label 4 >> 0.738
09-24 18:06 INFO     for label 5 >> 0.674
09-24 18:06 INFO     for label 6 >> 0.874
09-24 18:06 INFO     for label 7 >> 0.802
09-24 18:06 INFO     for label 8 >> 0.922
09-24 18:06 INFO     for label 9 >> 0.824
09-24 18:06 INFO     >>>>> Epoch [31]: Global model loss: 0.010458807066082954 acc: 0.767
09-24 18:06 INFO     Scores per target value
09-24 18:06 INFO     for label 0 >> 0.796
09-24 18:06 INFO     for label 1 >> 0.857
09-24 18:06 INFO     for label 2 >> 0.645
09-24 18:06 INFO     for label 3 >> 0.538
09-24 18:06 INFO     for label 4 >> 0.752
09-24 18:06 INFO     for label 5 >> 0.679
09-24 18:06 INFO     for label 6 >> 0.858
09-24 18:06 INFO     for label 7 >> 0.811
09-24 18:06 INFO     for label 8 >> 0.89
09-24 18:06 INFO     for label 9 >> 0.844
09-24 18:07 INFO     >>>>> Epoch [32]: Global model loss: 0.010569828367233277 acc: 0.7694
09-24 18:07 INFO     Scores per target value
09-24 18:07 INFO     for label 0 >> 0.811
09-24 18:07 INFO     for label 1 >> 0.858
09-24 18:07 INFO     for label 2 >> 0.649
09-24 18:07 INFO     for label 3 >> 0.537
09-24 18:07 INFO     for label 4 >> 0.738
09-24 18:07 INFO     for label 5 >> 0.666
09-24 18:07 INFO     for label 6 >> 0.901
09-24 18:07 INFO     for label 7 >> 0.804
09-24 18:07 INFO     for label 8 >> 0.886
09-24 18:07 INFO     for label 9 >> 0.844
09-24 18:07 INFO     >>>>> Epoch [33]: Global model loss: 0.010446668404340744 acc: 0.7667
09-24 18:07 INFO     Scores per target value
09-24 18:07 INFO     for label 0 >> 0.809
09-24 18:07 INFO     for label 1 >> 0.89
09-24 18:07 INFO     for label 2 >> 0.631
09-24 18:07 INFO     for label 3 >> 0.515
09-24 18:07 INFO     for label 4 >> 0.747
09-24 18:07 INFO     for label 5 >> 0.678
09-24 18:07 INFO     for label 6 >> 0.892
09-24 18:07 INFO     for label 7 >> 0.799
09-24 18:07 INFO     for label 8 >> 0.897
09-24 18:07 INFO     for label 9 >> 0.809
09-24 18:07 INFO     >>>>> Epoch [34]: Global model loss: 0.010319957429170608 acc: 0.7708
09-24 18:08 INFO     Scores per target value
09-24 18:08 INFO     for label 0 >> 0.792
09-24 18:08 INFO     for label 1 >> 0.865
09-24 18:08 INFO     for label 2 >> 0.615
09-24 18:08 INFO     for label 3 >> 0.561
09-24 18:08 INFO     for label 4 >> 0.773
09-24 18:08 INFO     for label 5 >> 0.654
09-24 18:08 INFO     for label 6 >> 0.888
09-24 18:08 INFO     for label 7 >> 0.806
09-24 18:08 INFO     for label 8 >> 0.889
09-24 18:08 INFO     for label 9 >> 0.865
09-24 18:08 INFO     >>>>> Epoch [35]: Global model loss: 0.010237734490633012 acc: 0.7737
09-24 18:08 INFO     Scores per target value
09-24 18:08 INFO     for label 0 >> 0.785
09-24 18:08 INFO     for label 1 >> 0.852
09-24 18:08 INFO     for label 2 >> 0.636
09-24 18:08 INFO     for label 3 >> 0.539
09-24 18:08 INFO     for label 4 >> 0.757
09-24 18:08 INFO     for label 5 >> 0.71
09-24 18:08 INFO     for label 6 >> 0.886
09-24 18:08 INFO     for label 7 >> 0.796
09-24 18:08 INFO     for label 8 >> 0.901
09-24 18:08 INFO     for label 9 >> 0.875
09-24 18:08 INFO     >>>>> Epoch [36]: Global model loss: 0.010126157504320145 acc: 0.7757
09-24 18:08 INFO     Scores per target value
09-24 18:08 INFO     for label 0 >> 0.792
09-24 18:08 INFO     for label 1 >> 0.887
09-24 18:08 INFO     for label 2 >> 0.636
09-24 18:08 INFO     for label 3 >> 0.546
09-24 18:08 INFO     for label 4 >> 0.75
09-24 18:08 INFO     for label 5 >> 0.684
09-24 18:08 INFO     for label 6 >> 0.902
09-24 18:08 INFO     for label 7 >> 0.818
09-24 18:08 INFO     for label 8 >> 0.892
09-24 18:08 INFO     for label 9 >> 0.85
09-24 18:09 INFO     >>>>> Epoch [37]: Global model loss: 0.010084519156813621 acc: 0.7787
09-24 18:09 INFO     Scores per target value
09-24 18:09 INFO     for label 0 >> 0.81
09-24 18:09 INFO     for label 1 >> 0.875
09-24 18:09 INFO     for label 2 >> 0.688
09-24 18:09 INFO     for label 3 >> 0.519
09-24 18:09 INFO     for label 4 >> 0.77
09-24 18:09 INFO     for label 5 >> 0.679
09-24 18:09 INFO     for label 6 >> 0.876
09-24 18:09 INFO     for label 7 >> 0.826
09-24 18:09 INFO     for label 8 >> 0.908
09-24 18:09 INFO     for label 9 >> 0.836
09-24 18:09 INFO     >>>>> Epoch [38]: Global model loss: 0.010002513295412064 acc: 0.7792
09-24 18:09 INFO     Scores per target value
09-24 18:09 INFO     for label 0 >> 0.767
09-24 18:09 INFO     for label 1 >> 0.854
09-24 18:09 INFO     for label 2 >> 0.655
09-24 18:09 INFO     for label 3 >> 0.572
09-24 18:09 INFO     for label 4 >> 0.776
09-24 18:09 INFO     for label 5 >> 0.664
09-24 18:09 INFO     for label 6 >> 0.897
09-24 18:09 INFO     for label 7 >> 0.823
09-24 18:09 INFO     for label 8 >> 0.911
09-24 18:09 INFO     for label 9 >> 0.873
09-24 18:10 INFO     >>>>> Epoch [39]: Global model loss: 0.0099814651876688 acc: 0.7829
09-24 18:10 INFO     Scores per target value
09-24 18:10 INFO     for label 0 >> 0.83
09-24 18:10 INFO     for label 1 >> 0.88
09-24 18:10 INFO     for label 2 >> 0.663
09-24 18:10 INFO     for label 3 >> 0.556
09-24 18:10 INFO     for label 4 >> 0.751
09-24 18:10 INFO     for label 5 >> 0.684
09-24 18:10 INFO     for label 6 >> 0.891
09-24 18:10 INFO     for label 7 >> 0.836
09-24 18:10 INFO     for label 8 >> 0.889
09-24 18:10 INFO     for label 9 >> 0.849
09-24 18:10 INFO     >>>>> Epoch [40]: Global model loss: 0.010034308844804763 acc: 0.7782
09-24 18:10 INFO     Scores per target value
09-24 18:10 INFO     for label 0 >> 0.787
09-24 18:10 INFO     for label 1 >> 0.858
09-24 18:10 INFO     for label 2 >> 0.624
09-24 18:10 INFO     for label 3 >> 0.539
09-24 18:10 INFO     for label 4 >> 0.772
09-24 18:10 INFO     for label 5 >> 0.695
09-24 18:10 INFO     for label 6 >> 0.907
09-24 18:10 INFO     for label 7 >> 0.833
09-24 18:10 INFO     for label 8 >> 0.895
09-24 18:10 INFO     for label 9 >> 0.872
09-24 18:10 INFO     >>>>> Epoch [41]: Global model loss: 0.009819860211014747 acc: 0.7865
09-24 18:11 INFO     Scores per target value
09-24 18:11 INFO     for label 0 >> 0.821
09-24 18:11 INFO     for label 1 >> 0.874
09-24 18:11 INFO     for label 2 >> 0.644
09-24 18:11 INFO     for label 3 >> 0.579
09-24 18:11 INFO     for label 4 >> 0.779
09-24 18:11 INFO     for label 5 >> 0.672
09-24 18:11 INFO     for label 6 >> 0.901
09-24 18:11 INFO     for label 7 >> 0.842
09-24 18:11 INFO     for label 8 >> 0.878
09-24 18:11 INFO     for label 9 >> 0.875
09-24 18:11 INFO     >>>>> Epoch [42]: Global model loss: 0.009735694777965546 acc: 0.787
09-24 18:11 INFO     Scores per target value
09-24 18:11 INFO     for label 0 >> 0.847
09-24 18:11 INFO     for label 1 >> 0.871
09-24 18:11 INFO     for label 2 >> 0.667
09-24 18:11 INFO     for label 3 >> 0.569
09-24 18:11 INFO     for label 4 >> 0.756
09-24 18:11 INFO     for label 5 >> 0.665
09-24 18:11 INFO     for label 6 >> 0.892
09-24 18:11 INFO     for label 7 >> 0.847
09-24 18:11 INFO     for label 8 >> 0.88
09-24 18:11 INFO     for label 9 >> 0.876
09-24 18:11 INFO     >>>>> Epoch [43]: Global model loss: 0.009861347627639771 acc: 0.7848
09-24 18:11 INFO     Scores per target value
09-24 18:11 INFO     for label 0 >> 0.762
09-24 18:11 INFO     for label 1 >> 0.892
09-24 18:11 INFO     for label 2 >> 0.682
09-24 18:11 INFO     for label 3 >> 0.589
09-24 18:11 INFO     for label 4 >> 0.781
09-24 18:11 INFO     for label 5 >> 0.674
09-24 18:11 INFO     for label 6 >> 0.886
09-24 18:11 INFO     for label 7 >> 0.82
09-24 18:11 INFO     for label 8 >> 0.907
09-24 18:11 INFO     for label 9 >> 0.855
09-24 18:12 INFO     >>>>> Epoch [44]: Global model loss: 0.009618104353547097 acc: 0.7894
09-24 18:12 INFO     Scores per target value
09-24 18:12 INFO     for label 0 >> 0.832
09-24 18:12 INFO     for label 1 >> 0.866
09-24 18:12 INFO     for label 2 >> 0.653
09-24 18:12 INFO     for label 3 >> 0.612
09-24 18:12 INFO     for label 4 >> 0.785
09-24 18:12 INFO     for label 5 >> 0.692
09-24 18:12 INFO     for label 6 >> 0.889
09-24 18:12 INFO     for label 7 >> 0.803
09-24 18:12 INFO     for label 8 >> 0.887
09-24 18:12 INFO     for label 9 >> 0.875
09-24 18:12 INFO     >>>>> Epoch [45]: Global model loss: 0.009692539316415786 acc: 0.7857
09-24 18:12 INFO     Scores per target value
09-24 18:12 INFO     for label 0 >> 0.794
09-24 18:12 INFO     for label 1 >> 0.884
09-24 18:12 INFO     for label 2 >> 0.669
09-24 18:12 INFO     for label 3 >> 0.586
09-24 18:12 INFO     for label 4 >> 0.784
09-24 18:12 INFO     for label 5 >> 0.675
09-24 18:12 INFO     for label 6 >> 0.875
09-24 18:12 INFO     for label 7 >> 0.831
09-24 18:12 INFO     for label 8 >> 0.897
09-24 18:12 INFO     for label 9 >> 0.862
09-24 18:13 INFO     >>>>> Epoch [46]: Global model loss: 0.009634629628062248 acc: 0.7874
09-24 18:13 INFO     Scores per target value
09-24 18:13 INFO     for label 0 >> 0.806
09-24 18:13 INFO     for label 1 >> 0.86
09-24 18:13 INFO     for label 2 >> 0.678
09-24 18:13 INFO     for label 3 >> 0.576
09-24 18:13 INFO     for label 4 >> 0.74
09-24 18:13 INFO     for label 5 >> 0.671
09-24 18:13 INFO     for label 6 >> 0.901
09-24 18:13 INFO     for label 7 >> 0.844
09-24 18:13 INFO     for label 8 >> 0.918
09-24 18:13 INFO     for label 9 >> 0.88
09-24 18:13 INFO     >>>>> Epoch [47]: Global model loss: 0.009502055567502976 acc: 0.7917
09-24 18:13 INFO     Scores per target value
09-24 18:13 INFO     for label 0 >> 0.807
09-24 18:13 INFO     for label 1 >> 0.861
09-24 18:13 INFO     for label 2 >> 0.695
09-24 18:13 INFO     for label 3 >> 0.583
09-24 18:13 INFO     for label 4 >> 0.775
09-24 18:13 INFO     for label 5 >> 0.69
09-24 18:13 INFO     for label 6 >> 0.88
09-24 18:13 INFO     for label 7 >> 0.842
09-24 18:13 INFO     for label 8 >> 0.901
09-24 18:13 INFO     for label 9 >> 0.883
09-24 18:14 INFO     >>>>> Epoch [48]: Global model loss: 0.009510599958896637 acc: 0.7935
09-24 18:14 INFO     Scores per target value
09-24 18:14 INFO     for label 0 >> 0.838
09-24 18:14 INFO     for label 1 >> 0.867
09-24 18:14 INFO     for label 2 >> 0.658
09-24 18:14 INFO     for label 3 >> 0.575
09-24 18:14 INFO     for label 4 >> 0.793
09-24 18:14 INFO     for label 5 >> 0.697
09-24 18:14 INFO     for label 6 >> 0.906
09-24 18:14 INFO     for label 7 >> 0.822
09-24 18:14 INFO     for label 8 >> 0.904
09-24 18:14 INFO     for label 9 >> 0.875
09-24 18:14 INFO     >>>>> Epoch [49]: Global model loss: 0.009438740095496178 acc: 0.7953
09-24 18:14 INFO     Scores per target value
09-24 18:14 INFO     for label 0 >> 0.808
09-24 18:14 INFO     for label 1 >> 0.862
09-24 18:14 INFO     for label 2 >> 0.697
09-24 18:14 INFO     for label 3 >> 0.587
09-24 18:14 INFO     for label 4 >> 0.794
09-24 18:14 INFO     for label 5 >> 0.658
09-24 18:14 INFO     for label 6 >> 0.912
09-24 18:14 INFO     for label 7 >> 0.835
09-24 18:14 INFO     for label 8 >> 0.925
09-24 18:14 INFO     for label 9 >> 0.875
09-24 18:14 INFO     >>>>> Epoch [50]: Global model loss: 0.00958000957965851 acc: 0.7905
09-24 18:15 INFO     Scores per target value
09-24 18:15 INFO     for label 0 >> 0.812
09-24 18:15 INFO     for label 1 >> 0.904
09-24 18:15 INFO     for label 2 >> 0.675
09-24 18:15 INFO     for label 3 >> 0.561
09-24 18:15 INFO     for label 4 >> 0.797
09-24 18:15 INFO     for label 5 >> 0.68
09-24 18:15 INFO     for label 6 >> 0.903
09-24 18:15 INFO     for label 7 >> 0.828
09-24 18:15 INFO     for label 8 >> 0.907
09-24 18:15 INFO     for label 9 >> 0.838
09-24 18:15 INFO     >>>>> Epoch [51]: Global model loss: 0.00952789208292961 acc: 0.7903
09-24 18:15 INFO     Scores per target value
09-24 18:15 INFO     for label 0 >> 0.836
09-24 18:15 INFO     for label 1 >> 0.854
09-24 18:15 INFO     for label 2 >> 0.657
09-24 18:15 INFO     for label 3 >> 0.594
09-24 18:15 INFO     for label 4 >> 0.801
09-24 18:15 INFO     for label 5 >> 0.683
09-24 18:15 INFO     for label 6 >> 0.899
09-24 18:15 INFO     for label 7 >> 0.802
09-24 18:15 INFO     for label 8 >> 0.917
09-24 18:15 INFO     for label 9 >> 0.86
09-24 18:15 INFO     >>>>> Epoch [52]: Global model loss: 0.009392202571034432 acc: 0.7935
09-24 18:15 INFO     Scores per target value
09-24 18:15 INFO     for label 0 >> 0.826
09-24 18:15 INFO     for label 1 >> 0.869
09-24 18:15 INFO     for label 2 >> 0.67
09-24 18:15 INFO     for label 3 >> 0.575
09-24 18:15 INFO     for label 4 >> 0.783
09-24 18:15 INFO     for label 5 >> 0.701
09-24 18:15 INFO     for label 6 >> 0.9
09-24 18:15 INFO     for label 7 >> 0.836
09-24 18:15 INFO     for label 8 >> 0.885
09-24 18:15 INFO     for label 9 >> 0.89
09-24 18:16 INFO     >>>>> Epoch [53]: Global model loss: 0.00938022721707821 acc: 0.7949
09-24 18:16 INFO     Scores per target value
09-24 18:16 INFO     for label 0 >> 0.816
09-24 18:16 INFO     for label 1 >> 0.853
09-24 18:16 INFO     for label 2 >> 0.697
09-24 18:16 INFO     for label 3 >> 0.603
09-24 18:16 INFO     for label 4 >> 0.802
09-24 18:16 INFO     for label 5 >> 0.662
09-24 18:16 INFO     for label 6 >> 0.89
09-24 18:16 INFO     for label 7 >> 0.827
09-24 18:16 INFO     for label 8 >> 0.899
09-24 18:16 INFO     for label 9 >> 0.9
09-24 18:16 INFO     >>>>> Epoch [54]: Global model loss: 0.009484932282567025 acc: 0.7959
09-24 18:16 INFO     Scores per target value
09-24 18:16 INFO     for label 0 >> 0.833
09-24 18:16 INFO     for label 1 >> 0.873
09-24 18:16 INFO     for label 2 >> 0.664
09-24 18:16 INFO     for label 3 >> 0.593
09-24 18:16 INFO     for label 4 >> 0.82
09-24 18:16 INFO     for label 5 >> 0.684
09-24 18:16 INFO     for label 6 >> 0.907
09-24 18:16 INFO     for label 7 >> 0.803
09-24 18:16 INFO     for label 8 >> 0.91
09-24 18:16 INFO     for label 9 >> 0.872
09-24 18:17 INFO     >>>>> Epoch [55]: Global model loss: 0.009271245202422142 acc: 0.7979
09-24 18:17 INFO     Scores per target value
09-24 18:17 INFO     for label 0 >> 0.823
09-24 18:17 INFO     for label 1 >> 0.891
09-24 18:17 INFO     for label 2 >> 0.686
09-24 18:17 INFO     for label 3 >> 0.589
09-24 18:17 INFO     for label 4 >> 0.805
09-24 18:17 INFO     for label 5 >> 0.702
09-24 18:17 INFO     for label 6 >> 0.876
09-24 18:17 INFO     for label 7 >> 0.837
09-24 18:17 INFO     for label 8 >> 0.912
09-24 18:17 INFO     for label 9 >> 0.858
09-24 18:17 INFO     >>>>> Epoch [56]: Global model loss: 0.009159154677391052 acc: 0.8003
09-24 18:17 INFO     Scores per target value
09-24 18:17 INFO     for label 0 >> 0.823
09-24 18:17 INFO     for label 1 >> 0.865
09-24 18:17 INFO     for label 2 >> 0.691
09-24 18:17 INFO     for label 3 >> 0.634
09-24 18:17 INFO     for label 4 >> 0.79
09-24 18:17 INFO     for label 5 >> 0.662
09-24 18:17 INFO     for label 6 >> 0.896
09-24 18:17 INFO     for label 7 >> 0.855
09-24 18:17 INFO     for label 8 >> 0.91
09-24 18:17 INFO     for label 9 >> 0.877
09-24 18:17 INFO     >>>>> Epoch [57]: Global model loss: 0.009200789910554886 acc: 0.8005
09-24 18:18 INFO     Scores per target value
09-24 18:18 INFO     for label 0 >> 0.848
09-24 18:18 INFO     for label 1 >> 0.874
09-24 18:18 INFO     for label 2 >> 0.705
09-24 18:18 INFO     for label 3 >> 0.62
09-24 18:18 INFO     for label 4 >> 0.779
09-24 18:18 INFO     for label 5 >> 0.643
09-24 18:18 INFO     for label 6 >> 0.903
09-24 18:18 INFO     for label 7 >> 0.843
09-24 18:18 INFO     for label 8 >> 0.903
09-24 18:18 INFO     for label 9 >> 0.887
09-24 18:18 INFO     >>>>> Epoch [58]: Global model loss: 0.009201537212729455 acc: 0.8017
09-24 18:18 INFO     Scores per target value
09-24 18:18 INFO     for label 0 >> 0.843
09-24 18:18 INFO     for label 1 >> 0.881
09-24 18:18 INFO     for label 2 >> 0.684
09-24 18:18 INFO     for label 3 >> 0.628
09-24 18:18 INFO     for label 4 >> 0.785
09-24 18:18 INFO     for label 5 >> 0.659
09-24 18:18 INFO     for label 6 >> 0.904
09-24 18:18 INFO     for label 7 >> 0.863
09-24 18:18 INFO     for label 8 >> 0.898
09-24 18:18 INFO     for label 9 >> 0.872
09-24 18:18 INFO     >>>>> Epoch [59]: Global model loss: 0.009107878512144089 acc: 0.8017
09-24 18:18 INFO     Scores per target value
09-24 18:18 INFO     for label 0 >> 0.831
09-24 18:18 INFO     for label 1 >> 0.877
09-24 18:18 INFO     for label 2 >> 0.691
09-24 18:18 INFO     for label 3 >> 0.601
09-24 18:18 INFO     for label 4 >> 0.798
09-24 18:18 INFO     for label 5 >> 0.68
09-24 18:18 INFO     for label 6 >> 0.897
09-24 18:18 INFO     for label 7 >> 0.871
09-24 18:18 INFO     for label 8 >> 0.904
09-24 18:18 INFO     for label 9 >> 0.867
09-24 18:19 INFO     >>>>> Epoch [60]: Global model loss: 0.009279542616009712 acc: 0.8
09-24 18:19 INFO     Scores per target value
09-24 18:19 INFO     for label 0 >> 0.846
09-24 18:19 INFO     for label 1 >> 0.872
09-24 18:19 INFO     for label 2 >> 0.701
09-24 18:19 INFO     for label 3 >> 0.581
09-24 18:19 INFO     for label 4 >> 0.814
09-24 18:19 INFO     for label 5 >> 0.702
09-24 18:19 INFO     for label 6 >> 0.902
09-24 18:19 INFO     for label 7 >> 0.805
09-24 18:19 INFO     for label 8 >> 0.894
09-24 18:19 INFO     for label 9 >> 0.883
09-24 18:19 INFO     >>>>> Epoch [61]: Global model loss: 0.00933778691291809 acc: 0.7961
09-24 18:19 INFO     Scores per target value
09-24 18:19 INFO     for label 0 >> 0.855
09-24 18:19 INFO     for label 1 >> 0.866
09-24 18:19 INFO     for label 2 >> 0.684
09-24 18:19 INFO     for label 3 >> 0.617
09-24 18:19 INFO     for label 4 >> 0.754
09-24 18:19 INFO     for label 5 >> 0.66
09-24 18:19 INFO     for label 6 >> 0.906
09-24 18:19 INFO     for label 7 >> 0.854
09-24 18:19 INFO     for label 8 >> 0.878
09-24 18:19 INFO     for label 9 >> 0.887
09-24 18:20 INFO     >>>>> Epoch [62]: Global model loss: 0.009311771646142006 acc: 0.8003
09-24 18:20 INFO     Scores per target value
09-24 18:20 INFO     for label 0 >> 0.829
09-24 18:20 INFO     for label 1 >> 0.854
09-24 18:20 INFO     for label 2 >> 0.722
09-24 18:20 INFO     for label 3 >> 0.577
09-24 18:20 INFO     for label 4 >> 0.809
09-24 18:20 INFO     for label 5 >> 0.694
09-24 18:20 INFO     for label 6 >> 0.905
09-24 18:20 INFO     for label 7 >> 0.829
09-24 18:20 INFO     for label 8 >> 0.864
09-24 18:20 INFO     for label 9 >> 0.92
09-24 18:20 INFO     >>>>> Epoch [63]: Global model loss: 0.009111482217907906 acc: 0.8033
09-24 18:20 INFO     Scores per target value
09-24 18:20 INFO     for label 0 >> 0.843
09-24 18:20 INFO     for label 1 >> 0.878
09-24 18:20 INFO     for label 2 >> 0.721
09-24 18:20 INFO     for label 3 >> 0.611
09-24 18:20 INFO     for label 4 >> 0.777
09-24 18:20 INFO     for label 5 >> 0.652
09-24 18:20 INFO     for label 6 >> 0.899
09-24 18:20 INFO     for label 7 >> 0.865
09-24 18:20 INFO     for label 8 >> 0.897
09-24 18:20 INFO     for label 9 >> 0.89
09-24 18:20 INFO     >>>>> Epoch [64]: Global model loss: 0.009071010121703148 acc: 0.8039
09-24 18:21 INFO     Scores per target value
09-24 18:21 INFO     for label 0 >> 0.82
09-24 18:21 INFO     for label 1 >> 0.883
09-24 18:21 INFO     for label 2 >> 0.682
09-24 18:21 INFO     for label 3 >> 0.623
09-24 18:21 INFO     for label 4 >> 0.804
09-24 18:21 INFO     for label 5 >> 0.694
09-24 18:21 INFO     for label 6 >> 0.889
09-24 18:21 INFO     for label 7 >> 0.853
09-24 18:21 INFO     for label 8 >> 0.902
09-24 18:21 INFO     for label 9 >> 0.889
09-24 18:21 INFO     >>>>> Epoch [65]: Global model loss: 0.009201664701104164 acc: 0.805
09-24 18:21 INFO     Scores per target value
09-24 18:21 INFO     for label 0 >> 0.825
09-24 18:21 INFO     for label 1 >> 0.888
09-24 18:21 INFO     for label 2 >> 0.697
09-24 18:21 INFO     for label 3 >> 0.626
09-24 18:21 INFO     for label 4 >> 0.81
09-24 18:21 INFO     for label 5 >> 0.682
09-24 18:21 INFO     for label 6 >> 0.883
09-24 18:21 INFO     for label 7 >> 0.857
09-24 18:21 INFO     for label 8 >> 0.909
09-24 18:21 INFO     for label 9 >> 0.873
09-24 18:21 INFO     >>>>> Epoch [66]: Global model loss: 0.00915004902780056 acc: 0.8058
09-24 18:21 INFO     Scores per target value
09-24 18:21 INFO     for label 0 >> 0.846
09-24 18:21 INFO     for label 1 >> 0.87
09-24 18:21 INFO     for label 2 >> 0.697
09-24 18:21 INFO     for label 3 >> 0.618
09-24 18:21 INFO     for label 4 >> 0.797
09-24 18:21 INFO     for label 5 >> 0.702
09-24 18:21 INFO     for label 6 >> 0.895
09-24 18:21 INFO     for label 7 >> 0.84
09-24 18:21 INFO     for label 8 >> 0.901
09-24 18:21 INFO     for label 9 >> 0.892
09-24 18:22 INFO     >>>>> Epoch [67]: Global model loss: 0.009169391247630118 acc: 0.8053
09-24 18:22 INFO     Scores per target value
09-24 18:22 INFO     for label 0 >> 0.834
09-24 18:22 INFO     for label 1 >> 0.883
09-24 18:22 INFO     for label 2 >> 0.722
09-24 18:22 INFO     for label 3 >> 0.63
09-24 18:22 INFO     for label 4 >> 0.784
09-24 18:22 INFO     for label 5 >> 0.697
09-24 18:22 INFO     for label 6 >> 0.873
09-24 18:22 INFO     for label 7 >> 0.837
09-24 18:22 INFO     for label 8 >> 0.889
09-24 18:22 INFO     for label 9 >> 0.904
09-24 18:22 INFO     >>>>> Epoch [68]: Global model loss: 0.009188512098789216 acc: 0.8087
09-24 18:22 INFO     Scores per target value
09-24 18:22 INFO     for label 0 >> 0.849
09-24 18:22 INFO     for label 1 >> 0.886
09-24 18:22 INFO     for label 2 >> 0.693
09-24 18:22 INFO     for label 3 >> 0.608
09-24 18:22 INFO     for label 4 >> 0.813
09-24 18:22 INFO     for label 5 >> 0.683
09-24 18:22 INFO     for label 6 >> 0.913
09-24 18:22 INFO     for label 7 >> 0.855
09-24 18:22 INFO     for label 8 >> 0.897
09-24 18:22 INFO     for label 9 >> 0.89
09-24 18:23 INFO     >>>>> Epoch [69]: Global model loss: 0.009078525692224502 acc: 0.8084
09-24 18:23 INFO     Scores per target value
09-24 18:23 INFO     for label 0 >> 0.85
09-24 18:23 INFO     for label 1 >> 0.871
09-24 18:23 INFO     for label 2 >> 0.689
09-24 18:23 INFO     for label 3 >> 0.626
09-24 18:23 INFO     for label 4 >> 0.814
09-24 18:23 INFO     for label 5 >> 0.705
09-24 18:23 INFO     for label 6 >> 0.888
09-24 18:23 INFO     for label 7 >> 0.851
09-24 18:23 INFO     for label 8 >> 0.887
09-24 18:23 INFO     for label 9 >> 0.903
09-24 18:23 INFO     >>>>> Epoch [70]: Global model loss: 0.009166967898607254 acc: 0.8054
09-24 18:23 INFO     Scores per target value
09-24 18:23 INFO     for label 0 >> 0.841
09-24 18:23 INFO     for label 1 >> 0.893
09-24 18:23 INFO     for label 2 >> 0.691
09-24 18:23 INFO     for label 3 >> 0.619
09-24 18:23 INFO     for label 4 >> 0.804
09-24 18:23 INFO     for label 5 >> 0.676
09-24 18:23 INFO     for label 6 >> 0.899
09-24 18:23 INFO     for label 7 >> 0.843
09-24 18:23 INFO     for label 8 >> 0.897
09-24 18:23 INFO     for label 9 >> 0.891
09-24 18:23 INFO     >>>>> Epoch [71]: Global model loss: 0.009251393145322799 acc: 0.8051
09-24 18:24 INFO     Scores per target value
09-24 18:24 INFO     for label 0 >> 0.826
09-24 18:24 INFO     for label 1 >> 0.871
09-24 18:24 INFO     for label 2 >> 0.699
09-24 18:24 INFO     for label 3 >> 0.598
09-24 18:24 INFO     for label 4 >> 0.828
09-24 18:24 INFO     for label 5 >> 0.677
09-24 18:24 INFO     for label 6 >> 0.898
09-24 18:24 INFO     for label 7 >> 0.846
09-24 18:24 INFO     for label 8 >> 0.915
09-24 18:24 INFO     for label 9 >> 0.893
09-24 18:24 INFO     >>>>> Epoch [72]: Global model loss: 0.00905981410741806 acc: 0.8089
09-24 18:24 INFO     Scores per target value
09-24 18:24 INFO     for label 0 >> 0.836
09-24 18:24 INFO     for label 1 >> 0.88
09-24 18:24 INFO     for label 2 >> 0.732
09-24 18:24 INFO     for label 3 >> 0.622
09-24 18:24 INFO     for label 4 >> 0.821
09-24 18:24 INFO     for label 5 >> 0.693
09-24 18:24 INFO     for label 6 >> 0.867
09-24 18:24 INFO     for label 7 >> 0.839
09-24 18:24 INFO     for label 8 >> 0.897
09-24 18:24 INFO     for label 9 >> 0.902
09-24 18:24 INFO     >>>>> Epoch [73]: Global model loss: 0.009259436357021332 acc: 0.807
09-24 18:24 INFO     Scores per target value
09-24 18:24 INFO     for label 0 >> 0.83
09-24 18:24 INFO     for label 1 >> 0.883
09-24 18:24 INFO     for label 2 >> 0.693
09-24 18:24 INFO     for label 3 >> 0.612
09-24 18:24 INFO     for label 4 >> 0.818
09-24 18:24 INFO     for label 5 >> 0.703
09-24 18:24 INFO     for label 6 >> 0.895
09-24 18:24 INFO     for label 7 >> 0.83
09-24 18:24 INFO     for label 8 >> 0.919
09-24 18:24 INFO     for label 9 >> 0.887
09-24 18:25 INFO     >>>>> Epoch [74]: Global model loss: 0.009116325537860393 acc: 0.8057
09-24 18:25 INFO     Scores per target value
09-24 18:25 INFO     for label 0 >> 0.834
09-24 18:25 INFO     for label 1 >> 0.885
09-24 18:25 INFO     for label 2 >> 0.731
09-24 18:25 INFO     for label 3 >> 0.622
09-24 18:25 INFO     for label 4 >> 0.793
09-24 18:25 INFO     for label 5 >> 0.682
09-24 18:25 INFO     for label 6 >> 0.886
09-24 18:25 INFO     for label 7 >> 0.833
09-24 18:25 INFO     for label 8 >> 0.907
09-24 18:25 INFO     for label 9 >> 0.884
09-24 18:25 INFO     >>>>> Epoch [75]: Global model loss: 0.009237669461965562 acc: 0.8067
09-24 18:25 INFO     Scores per target value
09-24 18:25 INFO     for label 0 >> 0.839
09-24 18:25 INFO     for label 1 >> 0.888
09-24 18:25 INFO     for label 2 >> 0.706
09-24 18:25 INFO     for label 3 >> 0.618
09-24 18:25 INFO     for label 4 >> 0.79
09-24 18:25 INFO     for label 5 >> 0.697
09-24 18:25 INFO     for label 6 >> 0.9
09-24 18:25 INFO     for label 7 >> 0.831
09-24 18:25 INFO     for label 8 >> 0.91
09-24 18:25 INFO     for label 9 >> 0.888
09-24 18:26 INFO     >>>>> Epoch [76]: Global model loss: 0.009403210920095443 acc: 0.8061
09-24 18:26 INFO     Scores per target value
09-24 18:26 INFO     for label 0 >> 0.848
09-24 18:26 INFO     for label 1 >> 0.887
09-24 18:26 INFO     for label 2 >> 0.706
09-24 18:26 INFO     for label 3 >> 0.587
09-24 18:26 INFO     for label 4 >> 0.794
09-24 18:26 INFO     for label 5 >> 0.704
09-24 18:26 INFO     for label 6 >> 0.917
09-24 18:26 INFO     for label 7 >> 0.842
09-24 18:26 INFO     for label 8 >> 0.888
09-24 18:26 INFO     for label 9 >> 0.888
09-24 18:26 INFO     >>>>> Epoch [77]: Global model loss: 0.009060815876722335 acc: 0.8095
09-24 18:26 INFO     Scores per target value
09-24 18:26 INFO     for label 0 >> 0.829
09-24 18:26 INFO     for label 1 >> 0.896
09-24 18:26 INFO     for label 2 >> 0.718
09-24 18:26 INFO     for label 3 >> 0.642
09-24 18:26 INFO     for label 4 >> 0.822
09-24 18:26 INFO     for label 5 >> 0.679
09-24 18:26 INFO     for label 6 >> 0.886
09-24 18:26 INFO     for label 7 >> 0.841
09-24 18:26 INFO     for label 8 >> 0.898
09-24 18:26 INFO     for label 9 >> 0.884
09-24 18:26 INFO     >>>>> Epoch [78]: Global model loss: 0.009266653099656104 acc: 0.8087
09-24 18:27 INFO     Scores per target value
09-24 18:27 INFO     for label 0 >> 0.837
09-24 18:27 INFO     for label 1 >> 0.881
09-24 18:27 INFO     for label 2 >> 0.73
09-24 18:27 INFO     for label 3 >> 0.604
09-24 18:27 INFO     for label 4 >> 0.789
09-24 18:27 INFO     for label 5 >> 0.713
09-24 18:27 INFO     for label 6 >> 0.891
09-24 18:27 INFO     for label 7 >> 0.85
09-24 18:27 INFO     for label 8 >> 0.898
09-24 18:27 INFO     for label 9 >> 0.894
09-24 18:27 INFO     >>>>> Epoch [79]: Global model loss: 0.00945796550810337 acc: 0.8052
09-24 18:27 INFO     Scores per target value
09-24 18:27 INFO     for label 0 >> 0.845
09-24 18:27 INFO     for label 1 >> 0.903
09-24 18:27 INFO     for label 2 >> 0.703
09-24 18:27 INFO     for label 3 >> 0.58
09-24 18:27 INFO     for label 4 >> 0.785
09-24 18:27 INFO     for label 5 >> 0.705
09-24 18:27 INFO     for label 6 >> 0.906
09-24 18:27 INFO     for label 7 >> 0.851
09-24 18:27 INFO     for label 8 >> 0.9
09-24 18:27 INFO     for label 9 >> 0.874
09-24 18:27 INFO     >>>>> Epoch [80]: Global model loss: 0.00931932990849018 acc: 0.8108
09-24 18:27 INFO     Scores per target value
09-24 18:27 INFO     for label 0 >> 0.847
09-24 18:27 INFO     for label 1 >> 0.88
09-24 18:27 INFO     for label 2 >> 0.736
09-24 18:27 INFO     for label 3 >> 0.637
09-24 18:27 INFO     for label 4 >> 0.81
09-24 18:27 INFO     for label 5 >> 0.688
09-24 18:27 INFO     for label 6 >> 0.876
09-24 18:27 INFO     for label 7 >> 0.866
09-24 18:27 INFO     for label 8 >> 0.875
09-24 18:27 INFO     for label 9 >> 0.893
09-24 18:28 INFO     >>>>> Epoch [81]: Global model loss: 0.009333117866516112 acc: 0.8112
09-24 18:28 INFO     Scores per target value
09-24 18:28 INFO     for label 0 >> 0.863
09-24 18:28 INFO     for label 1 >> 0.896
09-24 18:28 INFO     for label 2 >> 0.698
09-24 18:28 INFO     for label 3 >> 0.642
09-24 18:28 INFO     for label 4 >> 0.809
09-24 18:28 INFO     for label 5 >> 0.682
09-24 18:28 INFO     for label 6 >> 0.89
09-24 18:28 INFO     for label 7 >> 0.862
09-24 18:28 INFO     for label 8 >> 0.883
09-24 18:28 INFO     for label 9 >> 0.887
09-24 18:28 INFO     >>>>> Epoch [82]: Global model loss: 0.009382680755853653 acc: 0.8113
09-24 18:28 INFO     Scores per target value
09-24 18:28 INFO     for label 0 >> 0.836
09-24 18:28 INFO     for label 1 >> 0.895
09-24 18:28 INFO     for label 2 >> 0.69
09-24 18:28 INFO     for label 3 >> 0.651
09-24 18:28 INFO     for label 4 >> 0.837
09-24 18:28 INFO     for label 5 >> 0.678
09-24 18:28 INFO     for label 6 >> 0.895
09-24 18:28 INFO     for label 7 >> 0.828
09-24 18:28 INFO     for label 8 >> 0.906
09-24 18:28 INFO     for label 9 >> 0.897
09-24 18:29 INFO     >>>>> Epoch [83]: Global model loss: 0.009483795255422593 acc: 0.8111
09-24 18:29 INFO     Scores per target value
09-24 18:29 INFO     for label 0 >> 0.844
09-24 18:29 INFO     for label 1 >> 0.884
09-24 18:29 INFO     for label 2 >> 0.713
09-24 18:29 INFO     for label 3 >> 0.634
09-24 18:29 INFO     for label 4 >> 0.776
09-24 18:29 INFO     for label 5 >> 0.711
09-24 18:29 INFO     for label 6 >> 0.901
09-24 18:29 INFO     for label 7 >> 0.86
09-24 18:29 INFO     for label 8 >> 0.883
09-24 18:29 INFO     for label 9 >> 0.905
09-24 18:29 INFO     >>>>> Epoch [84]: Global model loss: 0.009529472136497498 acc: 0.8096
09-24 18:29 INFO     Scores per target value
09-24 18:29 INFO     for label 0 >> 0.832
09-24 18:29 INFO     for label 1 >> 0.892
09-24 18:29 INFO     for label 2 >> 0.709
09-24 18:29 INFO     for label 3 >> 0.608
09-24 18:29 INFO     for label 4 >> 0.818
09-24 18:29 INFO     for label 5 >> 0.723
09-24 18:29 INFO     for label 6 >> 0.891
09-24 18:29 INFO     for label 7 >> 0.845
09-24 18:29 INFO     for label 8 >> 0.89
09-24 18:29 INFO     for label 9 >> 0.888
09-24 18:29 INFO     >>>>> Epoch [85]: Global model loss: 0.009346722105145455 acc: 0.812
09-24 18:30 INFO     Scores per target value
09-24 18:30 INFO     for label 0 >> 0.83
09-24 18:30 INFO     for label 1 >> 0.881
09-24 18:30 INFO     for label 2 >> 0.715
09-24 18:30 INFO     for label 3 >> 0.661
09-24 18:30 INFO     for label 4 >> 0.849
09-24 18:30 INFO     for label 5 >> 0.669
09-24 18:30 INFO     for label 6 >> 0.869
09-24 18:30 INFO     for label 7 >> 0.849
09-24 18:30 INFO     for label 8 >> 0.904
09-24 18:30 INFO     for label 9 >> 0.893
09-24 18:30 INFO     >>>>> Epoch [86]: Global model loss: 0.009472307500243186 acc: 0.8104
09-24 18:30 INFO     Scores per target value
09-24 18:30 INFO     for label 0 >> 0.845
09-24 18:30 INFO     for label 1 >> 0.916
09-24 18:30 INFO     for label 2 >> 0.698
09-24 18:30 INFO     for label 3 >> 0.648
09-24 18:30 INFO     for label 4 >> 0.829
09-24 18:30 INFO     for label 5 >> 0.686
09-24 18:30 INFO     for label 6 >> 0.862
09-24 18:30 INFO     for label 7 >> 0.86
09-24 18:30 INFO     for label 8 >> 0.909
09-24 18:30 INFO     for label 9 >> 0.851
09-24 18:30 INFO     >>>>> Epoch [87]: Global model loss: 0.009600528752803802 acc: 0.8111
09-24 18:30 INFO     Scores per target value
09-24 18:30 INFO     for label 0 >> 0.847
09-24 18:30 INFO     for label 1 >> 0.902
09-24 18:30 INFO     for label 2 >> 0.685
09-24 18:30 INFO     for label 3 >> 0.648
09-24 18:30 INFO     for label 4 >> 0.796
09-24 18:30 INFO     for label 5 >> 0.694
09-24 18:30 INFO     for label 6 >> 0.888
09-24 18:30 INFO     for label 7 >> 0.849
09-24 18:30 INFO     for label 8 >> 0.919
09-24 18:30 INFO     for label 9 >> 0.883
09-24 18:31 INFO     >>>>> Epoch [88]: Global model loss: 0.009529410448670388 acc: 0.8124
09-24 18:31 INFO     Scores per target value
09-24 18:31 INFO     for label 0 >> 0.854
09-24 18:31 INFO     for label 1 >> 0.89
09-24 18:31 INFO     for label 2 >> 0.714
09-24 18:31 INFO     for label 3 >> 0.676
09-24 18:31 INFO     for label 4 >> 0.797
09-24 18:31 INFO     for label 5 >> 0.695
09-24 18:31 INFO     for label 6 >> 0.893
09-24 18:31 INFO     for label 7 >> 0.838
09-24 18:31 INFO     for label 8 >> 0.884
09-24 18:31 INFO     for label 9 >> 0.883
09-24 18:31 INFO     >>>>> Epoch [89]: Global model loss: 0.009505792140960694 acc: 0.8129
09-24 18:31 INFO     Scores per target value
09-24 18:31 INFO     for label 0 >> 0.844
09-24 18:31 INFO     for label 1 >> 0.905
09-24 18:31 INFO     for label 2 >> 0.745
09-24 18:31 INFO     for label 3 >> 0.629
09-24 18:31 INFO     for label 4 >> 0.818
09-24 18:31 INFO     for label 5 >> 0.686
09-24 18:31 INFO     for label 6 >> 0.901
09-24 18:31 INFO     for label 7 >> 0.842
09-24 18:31 INFO     for label 8 >> 0.888
09-24 18:31 INFO     for label 9 >> 0.871
09-24 18:32 INFO     >>>>> Epoch [90]: Global model loss: 0.009470515263080598 acc: 0.81
09-24 18:32 INFO     Scores per target value
09-24 18:32 INFO     for label 0 >> 0.84
09-24 18:32 INFO     for label 1 >> 0.895
09-24 18:32 INFO     for label 2 >> 0.718
09-24 18:32 INFO     for label 3 >> 0.65
09-24 18:32 INFO     for label 4 >> 0.787
09-24 18:32 INFO     for label 5 >> 0.693
09-24 18:32 INFO     for label 6 >> 0.883
09-24 18:32 INFO     for label 7 >> 0.841
09-24 18:32 INFO     for label 8 >> 0.908
09-24 18:32 INFO     for label 9 >> 0.885
09-24 18:32 INFO     >>>>> Epoch [91]: Global model loss: 0.009642262104153632 acc: 0.8112
09-24 18:32 INFO     Scores per target value
09-24 18:32 INFO     for label 0 >> 0.839
09-24 18:32 INFO     for label 1 >> 0.898
09-24 18:32 INFO     for label 2 >> 0.705
09-24 18:32 INFO     for label 3 >> 0.621
09-24 18:32 INFO     for label 4 >> 0.839
09-24 18:32 INFO     for label 5 >> 0.702
09-24 18:32 INFO     for label 6 >> 0.881
09-24 18:32 INFO     for label 7 >> 0.849
09-24 18:32 INFO     for label 8 >> 0.903
09-24 18:32 INFO     for label 9 >> 0.875
09-24 18:32 INFO     >>>>> Epoch [92]: Global model loss: 0.00971856854557991 acc: 0.8086
09-24 18:33 INFO     Scores per target value
09-24 18:33 INFO     for label 0 >> 0.848
09-24 18:33 INFO     for label 1 >> 0.89
09-24 18:33 INFO     for label 2 >> 0.706
09-24 18:33 INFO     for label 3 >> 0.651
09-24 18:33 INFO     for label 4 >> 0.789
09-24 18:33 INFO     for label 5 >> 0.67
09-24 18:33 INFO     for label 6 >> 0.895
09-24 18:33 INFO     for label 7 >> 0.847
09-24 18:33 INFO     for label 8 >> 0.912
09-24 18:33 INFO     for label 9 >> 0.878
09-24 18:33 INFO     >>>>> Epoch [93]: Global model loss: 0.009824653032422066 acc: 0.8102
09-24 18:33 INFO     Scores per target value
09-24 18:33 INFO     for label 0 >> 0.852
09-24 18:33 INFO     for label 1 >> 0.902
09-24 18:33 INFO     for label 2 >> 0.695
09-24 18:33 INFO     for label 3 >> 0.658
09-24 18:33 INFO     for label 4 >> 0.806
09-24 18:33 INFO     for label 5 >> 0.695
09-24 18:33 INFO     for label 6 >> 0.888
09-24 18:33 INFO     for label 7 >> 0.841
09-24 18:33 INFO     for label 8 >> 0.884
09-24 18:33 INFO     for label 9 >> 0.881
09-24 18:33 INFO     >>>>> Epoch [94]: Global model loss: 0.0095525296241045 acc: 0.8129
09-24 18:33 INFO     Scores per target value
09-24 18:33 INFO     for label 0 >> 0.839
09-24 18:33 INFO     for label 1 >> 0.884
09-24 18:33 INFO     for label 2 >> 0.72
09-24 18:33 INFO     for label 3 >> 0.642
09-24 18:33 INFO     for label 4 >> 0.822
09-24 18:33 INFO     for label 5 >> 0.681
09-24 18:33 INFO     for label 6 >> 0.89
09-24 18:33 INFO     for label 7 >> 0.861
09-24 18:33 INFO     for label 8 >> 0.9
09-24 18:33 INFO     for label 9 >> 0.89
09-24 18:34 INFO     >>>>> Epoch [95]: Global model loss: 0.009765804591774941 acc: 0.8118
09-24 18:34 INFO     Scores per target value
09-24 18:34 INFO     for label 0 >> 0.819
09-24 18:34 INFO     for label 1 >> 0.896
09-24 18:34 INFO     for label 2 >> 0.71
09-24 18:34 INFO     for label 3 >> 0.664
09-24 18:34 INFO     for label 4 >> 0.808
09-24 18:34 INFO     for label 5 >> 0.696
09-24 18:34 INFO     for label 6 >> 0.881
09-24 18:34 INFO     for label 7 >> 0.858
09-24 18:34 INFO     for label 8 >> 0.902
09-24 18:34 INFO     for label 9 >> 0.884
09-24 18:34 INFO     >>>>> Epoch [96]: Global model loss: 0.009629218456149101 acc: 0.8117
09-24 18:34 INFO     Scores per target value
09-24 18:34 INFO     for label 0 >> 0.845
09-24 18:34 INFO     for label 1 >> 0.894
09-24 18:34 INFO     for label 2 >> 0.706
09-24 18:34 INFO     for label 3 >> 0.647
09-24 18:34 INFO     for label 4 >> 0.823
09-24 18:34 INFO     for label 5 >> 0.685
09-24 18:34 INFO     for label 6 >> 0.893
09-24 18:34 INFO     for label 7 >> 0.851
09-24 18:34 INFO     for label 8 >> 0.895
09-24 18:34 INFO     for label 9 >> 0.878
09-24 18:35 INFO     >>>>> Epoch [97]: Global model loss: 0.0097894491314888 acc: 0.8115
09-24 18:35 INFO     Scores per target value
09-24 18:35 INFO     for label 0 >> 0.839
09-24 18:35 INFO     for label 1 >> 0.889
09-24 18:35 INFO     for label 2 >> 0.712
09-24 18:35 INFO     for label 3 >> 0.666
09-24 18:35 INFO     for label 4 >> 0.828
09-24 18:35 INFO     for label 5 >> 0.63
09-24 18:35 INFO     for label 6 >> 0.9
09-24 18:35 INFO     for label 7 >> 0.859
09-24 18:35 INFO     for label 8 >> 0.913
09-24 18:35 INFO     for label 9 >> 0.879
09-24 18:35 INFO     >>>>> Epoch [98]: Global model loss: 0.009906990006566047 acc: 0.8099
09-24 18:35 INFO     Scores per target value
09-24 18:35 INFO     for label 0 >> 0.853
09-24 18:35 INFO     for label 1 >> 0.894
09-24 18:35 INFO     for label 2 >> 0.698
09-24 18:35 INFO     for label 3 >> 0.664
09-24 18:35 INFO     for label 4 >> 0.812
09-24 18:35 INFO     for label 5 >> 0.677
09-24 18:35 INFO     for label 6 >> 0.881
09-24 18:35 INFO     for label 7 >> 0.853
09-24 18:35 INFO     for label 8 >> 0.879
09-24 18:35 INFO     for label 9 >> 0.888
09-24 18:36 INFO     >>>>> Epoch [99]: Global model loss: 0.009913861614465714 acc: 0.8115
09-24 18:36 INFO     Scores per target value
09-24 18:36 INFO     for label 0 >> 0.856
09-24 18:36 INFO     for label 1 >> 0.884
09-24 18:36 INFO     for label 2 >> 0.686
09-24 18:36 INFO     for label 3 >> 0.667
09-24 18:36 INFO     for label 4 >> 0.809
09-24 18:36 INFO     for label 5 >> 0.731
09-24 18:36 INFO     for label 6 >> 0.879
09-24 18:36 INFO     for label 7 >> 0.834
09-24 18:36 INFO     for label 8 >> 0.875
09-24 18:36 INFO     for label 9 >> 0.894
