09-24 15:33 INFO     cuda
09-24 15:33 INFO     {'dataset_type': 'cifar10', 'model_name': 'resnet18', 'num_clients': 10, 'batch_size': 64, 'training_lr': 0.05, 'decay_rate': 0.993, 'min_lr': 0.005, 'epoch': 100, 'local_epoch': 1, 'momentum': -1, 'weight_decay': 0.0, 'data_path': './data', 'device': 'cuda', 'partition_method': 'iid', 'partition_target': 'label', 'alpha': 4.0, 'num_shards_per_partition': 2, 'shard_size': 500, 'script': 'FL ONLY'}
09-24 15:33 INFO     ####################################################################################################
09-24 15:33 INFO     Partitioning Data
09-24 15:33 INFO                   airplane  automobile  bird  cat  ...  frog  horse  ship  truck
Partition ID                                   ...                          
0                  490         487   463  447  ...   526    539   502    516
1                  521         482   544  511  ...   484    467   487    499
2                  514         474   517  507  ...   499    522   480    499
3                  506         507   476  489  ...   544    471   510    500
4                  486         535   476  545  ...   500    510   480    515
5                  466         498   524  507  ...   476    489   508    514
6                  486         501   518  519  ...   483    510   499    467
7                  503         513   474  513  ...   479    490   492    519
8                  525         508   506  477  ...   481    506   525    482
9                  503         495   502  485  ...   528    496   517    489

[10 rows x 10 columns]
09-24 15:34 INFO     >>>>> Epoch [0]: Global model loss: 0.03619368257522583 acc: 0.1249
09-24 15:34 INFO     Scores per target value
09-24 15:34 INFO     for label 0 >> 0.0
09-24 15:34 INFO     for label 1 >> 0.0
09-24 15:34 INFO     for label 2 >> 0.0
09-24 15:34 INFO     for label 3 >> 0.873
09-24 15:34 INFO     for label 4 >> 0.0
09-24 15:34 INFO     for label 5 >> 0.0
09-24 15:34 INFO     for label 6 >> 0.199
09-24 15:34 INFO     for label 7 >> 0.177
09-24 15:34 INFO     for label 8 >> 0.0
09-24 15:34 INFO     for label 9 >> 0.0
09-24 15:35 INFO     >>>>> Epoch [1]: Global model loss: 0.030633605659008026 acc: 0.2999
09-24 15:35 INFO     Scores per target value
09-24 15:35 INFO     for label 0 >> 0.0
09-24 15:35 INFO     for label 1 >> 0.239
09-24 15:35 INFO     for label 2 >> 0.03
09-24 15:35 INFO     for label 3 >> 0.003
09-24 15:35 INFO     for label 4 >> 0.569
09-24 15:35 INFO     for label 5 >> 0.687
09-24 15:35 INFO     for label 6 >> 0.284
09-24 15:35 INFO     for label 7 >> 0.346
09-24 15:35 INFO     for label 8 >> 0.794
09-24 15:35 INFO     for label 9 >> 0.047
09-24 15:36 INFO     >>>>> Epoch [2]: Global model loss: 0.026387147176265717 acc: 0.3899
09-24 15:36 INFO     Scores per target value
09-24 15:36 INFO     for label 0 >> 0.241
09-24 15:36 INFO     for label 1 >> 0.387
09-24 15:36 INFO     for label 2 >> 0.018
09-24 15:36 INFO     for label 3 >> 0.219
09-24 15:36 INFO     for label 4 >> 0.561
09-24 15:36 INFO     for label 5 >> 0.579
09-24 15:36 INFO     for label 6 >> 0.564
09-24 15:36 INFO     for label 7 >> 0.43
09-24 15:36 INFO     for label 8 >> 0.681
09-24 15:36 INFO     for label 9 >> 0.219
09-24 15:37 INFO     >>>>> Epoch [3]: Global model loss: 0.024082805609703065 acc: 0.4286
09-24 15:37 INFO     Scores per target value
09-24 15:37 INFO     for label 0 >> 0.354
09-24 15:37 INFO     for label 1 >> 0.45
09-24 15:37 INFO     for label 2 >> 0.098
09-24 15:37 INFO     for label 3 >> 0.125
09-24 15:37 INFO     for label 4 >> 0.536
09-24 15:37 INFO     for label 5 >> 0.633
09-24 15:37 INFO     for label 6 >> 0.546
09-24 15:37 INFO     for label 7 >> 0.523
09-24 15:37 INFO     for label 8 >> 0.696
09-24 15:37 INFO     for label 9 >> 0.325
09-24 15:38 INFO     >>>>> Epoch [4]: Global model loss: 0.02333221426010132 acc: 0.4512
09-24 15:38 INFO     Scores per target value
09-24 15:38 INFO     for label 0 >> 0.392
09-24 15:38 INFO     for label 1 >> 0.464
09-24 15:38 INFO     for label 2 >> 0.079
09-24 15:38 INFO     for label 3 >> 0.139
09-24 15:38 INFO     for label 4 >> 0.562
09-24 15:38 INFO     for label 5 >> 0.665
09-24 15:38 INFO     for label 6 >> 0.541
09-24 15:38 INFO     for label 7 >> 0.593
09-24 15:38 INFO     for label 8 >> 0.723
09-24 15:38 INFO     for label 9 >> 0.354
09-24 15:38 INFO     >>>>> Epoch [5]: Global model loss: 0.022158049058914185 acc: 0.4787
09-24 15:39 INFO     Scores per target value
09-24 15:39 INFO     for label 0 >> 0.321
09-24 15:39 INFO     for label 1 >> 0.554
09-24 15:39 INFO     for label 2 >> 0.097
09-24 15:39 INFO     for label 3 >> 0.257
09-24 15:39 INFO     for label 4 >> 0.577
09-24 15:39 INFO     for label 5 >> 0.667
09-24 15:39 INFO     for label 6 >> 0.552
09-24 15:39 INFO     for label 7 >> 0.568
09-24 15:39 INFO     for label 8 >> 0.772
09-24 15:39 INFO     for label 9 >> 0.422
09-24 15:39 INFO     >>>>> Epoch [6]: Global model loss: 0.021724746680259706 acc: 0.4914
09-24 15:40 INFO     Scores per target value
09-24 15:40 INFO     for label 0 >> 0.514
09-24 15:40 INFO     for label 1 >> 0.537
09-24 15:40 INFO     for label 2 >> 0.172
09-24 15:40 INFO     for label 3 >> 0.195
09-24 15:40 INFO     for label 4 >> 0.492
09-24 15:40 INFO     for label 5 >> 0.708
09-24 15:40 INFO     for label 6 >> 0.636
09-24 15:40 INFO     for label 7 >> 0.568
09-24 15:40 INFO     for label 8 >> 0.727
09-24 15:40 INFO     for label 9 >> 0.365
09-24 15:40 INFO     >>>>> Epoch [7]: Global model loss: 0.022002664798498155 acc: 0.4965
09-24 15:40 INFO     Scores per target value
09-24 15:40 INFO     for label 0 >> 0.369
09-24 15:40 INFO     for label 1 >> 0.534
09-24 15:40 INFO     for label 2 >> 0.169
09-24 15:40 INFO     for label 3 >> 0.237
09-24 15:40 INFO     for label 4 >> 0.508
09-24 15:40 INFO     for label 5 >> 0.719
09-24 15:40 INFO     for label 6 >> 0.625
09-24 15:40 INFO     for label 7 >> 0.571
09-24 15:40 INFO     for label 8 >> 0.819
09-24 15:40 INFO     for label 9 >> 0.414
09-24 15:41 INFO     >>>>> Epoch [8]: Global model loss: 0.02007786532640457 acc: 0.5391
09-24 15:41 INFO     Scores per target value
09-24 15:41 INFO     for label 0 >> 0.466
09-24 15:41 INFO     for label 1 >> 0.579
09-24 15:41 INFO     for label 2 >> 0.275
09-24 15:41 INFO     for label 3 >> 0.296
09-24 15:41 INFO     for label 4 >> 0.519
09-24 15:41 INFO     for label 5 >> 0.676
09-24 15:41 INFO     for label 6 >> 0.722
09-24 15:41 INFO     for label 7 >> 0.55
09-24 15:41 INFO     for label 8 >> 0.791
09-24 15:41 INFO     for label 9 >> 0.517
09-24 15:42 INFO     >>>>> Epoch [9]: Global model loss: 0.019509624922275544 acc: 0.5441
09-24 15:42 INFO     Scores per target value
09-24 15:42 INFO     for label 0 >> 0.562
09-24 15:42 INFO     for label 1 >> 0.607
09-24 15:42 INFO     for label 2 >> 0.233
09-24 15:42 INFO     for label 3 >> 0.255
09-24 15:42 INFO     for label 4 >> 0.516
09-24 15:42 INFO     for label 5 >> 0.713
09-24 15:42 INFO     for label 6 >> 0.664
09-24 15:42 INFO     for label 7 >> 0.604
09-24 15:42 INFO     for label 8 >> 0.778
09-24 15:42 INFO     for label 9 >> 0.509
09-24 15:43 INFO     >>>>> Epoch [10]: Global model loss: 0.01878671245574951 acc: 0.5632
09-24 15:43 INFO     Scores per target value
09-24 15:43 INFO     for label 0 >> 0.588
09-24 15:43 INFO     for label 1 >> 0.61
09-24 15:43 INFO     for label 2 >> 0.28
09-24 15:43 INFO     for label 3 >> 0.308
09-24 15:43 INFO     for label 4 >> 0.502
09-24 15:43 INFO     for label 5 >> 0.702
09-24 15:43 INFO     for label 6 >> 0.721
09-24 15:43 INFO     for label 7 >> 0.592
09-24 15:43 INFO     for label 8 >> 0.803
09-24 15:43 INFO     for label 9 >> 0.526
09-24 15:44 INFO     >>>>> Epoch [11]: Global model loss: 0.019946417260169984 acc: 0.5743
09-24 15:44 INFO     Scores per target value
09-24 15:44 INFO     for label 0 >> 0.492
09-24 15:44 INFO     for label 1 >> 0.603
09-24 15:44 INFO     for label 2 >> 0.33
09-24 15:44 INFO     for label 3 >> 0.315
09-24 15:44 INFO     for label 4 >> 0.534
09-24 15:44 INFO     for label 5 >> 0.676
09-24 15:44 INFO     for label 6 >> 0.745
09-24 15:44 INFO     for label 7 >> 0.643
09-24 15:44 INFO     for label 8 >> 0.83
09-24 15:44 INFO     for label 9 >> 0.575
09-24 15:44 INFO     >>>>> Epoch [12]: Global model loss: 0.01820761182308197 acc: 0.5848
09-24 15:45 INFO     Scores per target value
09-24 15:45 INFO     for label 0 >> 0.558
09-24 15:45 INFO     for label 1 >> 0.658
09-24 15:45 INFO     for label 2 >> 0.386
09-24 15:45 INFO     for label 3 >> 0.327
09-24 15:45 INFO     for label 4 >> 0.537
09-24 15:45 INFO     for label 5 >> 0.672
09-24 15:45 INFO     for label 6 >> 0.681
09-24 15:45 INFO     for label 7 >> 0.646
09-24 15:45 INFO     for label 8 >> 0.837
09-24 15:45 INFO     for label 9 >> 0.546
09-24 15:45 INFO     >>>>> Epoch [13]: Global model loss: 0.01747799832224846 acc: 0.5951
09-24 15:46 INFO     Scores per target value
09-24 15:46 INFO     for label 0 >> 0.576
09-24 15:46 INFO     for label 1 >> 0.596
09-24 15:46 INFO     for label 2 >> 0.342
09-24 15:46 INFO     for label 3 >> 0.358
09-24 15:46 INFO     for label 4 >> 0.565
09-24 15:46 INFO     for label 5 >> 0.68
09-24 15:46 INFO     for label 6 >> 0.65
09-24 15:46 INFO     for label 7 >> 0.683
09-24 15:46 INFO     for label 8 >> 0.838
09-24 15:46 INFO     for label 9 >> 0.663
09-24 15:46 INFO     >>>>> Epoch [14]: Global model loss: 0.01709771326184273 acc: 0.6104
09-24 15:46 INFO     Scores per target value
09-24 15:46 INFO     for label 0 >> 0.633
09-24 15:46 INFO     for label 1 >> 0.702
09-24 15:46 INFO     for label 2 >> 0.364
09-24 15:46 INFO     for label 3 >> 0.402
09-24 15:46 INFO     for label 4 >> 0.519
09-24 15:46 INFO     for label 5 >> 0.71
09-24 15:46 INFO     for label 6 >> 0.728
09-24 15:46 INFO     for label 7 >> 0.639
09-24 15:46 INFO     for label 8 >> 0.844
09-24 15:46 INFO     for label 9 >> 0.563
09-24 15:47 INFO     >>>>> Epoch [15]: Global model loss: 0.016735845202207566 acc: 0.6195
09-24 15:47 INFO     Scores per target value
09-24 15:47 INFO     for label 0 >> 0.624
09-24 15:47 INFO     for label 1 >> 0.661
09-24 15:47 INFO     for label 2 >> 0.323
09-24 15:47 INFO     for label 3 >> 0.408
09-24 15:47 INFO     for label 4 >> 0.55
09-24 15:47 INFO     for label 5 >> 0.704
09-24 15:47 INFO     for label 6 >> 0.773
09-24 15:47 INFO     for label 7 >> 0.635
09-24 15:47 INFO     for label 8 >> 0.853
09-24 15:47 INFO     for label 9 >> 0.664
09-24 15:48 INFO     >>>>> Epoch [16]: Global model loss: 0.016451596051454544 acc: 0.6258
09-24 15:48 INFO     Scores per target value
09-24 15:48 INFO     for label 0 >> 0.657
09-24 15:48 INFO     for label 1 >> 0.682
09-24 15:48 INFO     for label 2 >> 0.431
09-24 15:48 INFO     for label 3 >> 0.408
09-24 15:48 INFO     for label 4 >> 0.564
09-24 15:48 INFO     for label 5 >> 0.683
09-24 15:48 INFO     for label 6 >> 0.696
09-24 15:48 INFO     for label 7 >> 0.667
09-24 15:48 INFO     for label 8 >> 0.862
09-24 15:48 INFO     for label 9 >> 0.608
09-24 15:49 INFO     >>>>> Epoch [17]: Global model loss: 0.016779191368818284 acc: 0.6269
09-24 15:49 INFO     Scores per target value
09-24 15:49 INFO     for label 0 >> 0.536
09-24 15:49 INFO     for label 1 >> 0.685
09-24 15:49 INFO     for label 2 >> 0.43
09-24 15:49 INFO     for label 3 >> 0.442
09-24 15:49 INFO     for label 4 >> 0.564
09-24 15:49 INFO     for label 5 >> 0.694
09-24 15:49 INFO     for label 6 >> 0.759
09-24 15:49 INFO     for label 7 >> 0.642
09-24 15:49 INFO     for label 8 >> 0.886
09-24 15:49 INFO     for label 9 >> 0.631
09-24 15:50 INFO     >>>>> Epoch [18]: Global model loss: 0.016117557299137115 acc: 0.6421
09-24 15:50 INFO     Scores per target value
09-24 15:50 INFO     for label 0 >> 0.602
09-24 15:50 INFO     for label 1 >> 0.728
09-24 15:50 INFO     for label 2 >> 0.451
09-24 15:50 INFO     for label 3 >> 0.43
09-24 15:50 INFO     for label 4 >> 0.572
09-24 15:50 INFO     for label 5 >> 0.67
09-24 15:50 INFO     for label 6 >> 0.731
09-24 15:50 INFO     for label 7 >> 0.683
09-24 15:50 INFO     for label 8 >> 0.884
09-24 15:50 INFO     for label 9 >> 0.67
09-24 15:50 INFO     >>>>> Epoch [19]: Global model loss: 0.015269947719573974 acc: 0.6538
09-24 15:51 INFO     Scores per target value
09-24 15:51 INFO     for label 0 >> 0.635
09-24 15:51 INFO     for label 1 >> 0.721
09-24 15:51 INFO     for label 2 >> 0.472
09-24 15:51 INFO     for label 3 >> 0.456
09-24 15:51 INFO     for label 4 >> 0.582
09-24 15:51 INFO     for label 5 >> 0.635
09-24 15:51 INFO     for label 6 >> 0.788
09-24 15:51 INFO     for label 7 >> 0.7
09-24 15:51 INFO     for label 8 >> 0.858
09-24 15:51 INFO     for label 9 >> 0.691
09-24 15:51 INFO     >>>>> Epoch [20]: Global model loss: 0.015117916959524155 acc: 0.659
09-24 15:51 INFO     Scores per target value
09-24 15:51 INFO     for label 0 >> 0.67
09-24 15:51 INFO     for label 1 >> 0.717
09-24 15:51 INFO     for label 2 >> 0.461
09-24 15:51 INFO     for label 3 >> 0.422
09-24 15:51 INFO     for label 4 >> 0.592
09-24 15:51 INFO     for label 5 >> 0.684
09-24 15:51 INFO     for label 6 >> 0.8
09-24 15:51 INFO     for label 7 >> 0.71
09-24 15:51 INFO     for label 8 >> 0.858
09-24 15:51 INFO     for label 9 >> 0.676
09-24 15:52 INFO     >>>>> Epoch [21]: Global model loss: 0.014954557138681412 acc: 0.6623
09-24 15:52 INFO     Scores per target value
09-24 15:52 INFO     for label 0 >> 0.696
09-24 15:52 INFO     for label 1 >> 0.744
09-24 15:52 INFO     for label 2 >> 0.484
09-24 15:52 INFO     for label 3 >> 0.461
09-24 15:52 INFO     for label 4 >> 0.606
09-24 15:52 INFO     for label 5 >> 0.654
09-24 15:52 INFO     for label 6 >> 0.798
09-24 15:52 INFO     for label 7 >> 0.659
09-24 15:52 INFO     for label 8 >> 0.854
09-24 15:52 INFO     for label 9 >> 0.667
09-24 15:53 INFO     >>>>> Epoch [22]: Global model loss: 0.01464605209827423 acc: 0.6703
09-24 15:53 INFO     Scores per target value
09-24 15:53 INFO     for label 0 >> 0.701
09-24 15:53 INFO     for label 1 >> 0.741
09-24 15:53 INFO     for label 2 >> 0.469
09-24 15:53 INFO     for label 3 >> 0.442
09-24 15:53 INFO     for label 4 >> 0.59
09-24 15:53 INFO     for label 5 >> 0.692
09-24 15:53 INFO     for label 6 >> 0.818
09-24 15:53 INFO     for label 7 >> 0.689
09-24 15:53 INFO     for label 8 >> 0.858
09-24 15:53 INFO     for label 9 >> 0.703
09-24 15:54 INFO     >>>>> Epoch [23]: Global model loss: 0.014721199816465377 acc: 0.6725
09-24 15:54 INFO     Scores per target value
09-24 15:54 INFO     for label 0 >> 0.62
09-24 15:54 INFO     for label 1 >> 0.763
09-24 15:54 INFO     for label 2 >> 0.474
09-24 15:54 INFO     for label 3 >> 0.452
09-24 15:54 INFO     for label 4 >> 0.624
09-24 15:54 INFO     for label 5 >> 0.693
09-24 15:54 INFO     for label 6 >> 0.787
09-24 15:54 INFO     for label 7 >> 0.719
09-24 15:54 INFO     for label 8 >> 0.885
09-24 15:54 INFO     for label 9 >> 0.708
09-24 15:55 INFO     >>>>> Epoch [24]: Global model loss: 0.014193432664871216 acc: 0.6795
09-24 15:55 INFO     Scores per target value
09-24 15:55 INFO     for label 0 >> 0.722
09-24 15:55 INFO     for label 1 >> 0.795
09-24 15:55 INFO     for label 2 >> 0.488
09-24 15:55 INFO     for label 3 >> 0.533
09-24 15:55 INFO     for label 4 >> 0.591
09-24 15:55 INFO     for label 5 >> 0.647
09-24 15:55 INFO     for label 6 >> 0.791
09-24 15:55 INFO     for label 7 >> 0.685
09-24 15:55 INFO     for label 8 >> 0.872
09-24 15:55 INFO     for label 9 >> 0.671
09-24 15:56 INFO     >>>>> Epoch [25]: Global model loss: 0.014179395651817321 acc: 0.6853
09-24 15:56 INFO     Scores per target value
09-24 15:56 INFO     for label 0 >> 0.706
09-24 15:56 INFO     for label 1 >> 0.787
09-24 15:56 INFO     for label 2 >> 0.514
09-24 15:56 INFO     for label 3 >> 0.497
09-24 15:56 INFO     for label 4 >> 0.61
09-24 15:56 INFO     for label 5 >> 0.651
09-24 15:56 INFO     for label 6 >> 0.806
09-24 15:56 INFO     for label 7 >> 0.718
09-24 15:56 INFO     for label 8 >> 0.872
09-24 15:56 INFO     for label 9 >> 0.692
09-24 15:56 INFO     >>>>> Epoch [26]: Global model loss: 0.013758432340621948 acc: 0.6876
09-24 15:57 INFO     Scores per target value
09-24 15:57 INFO     for label 0 >> 0.718
09-24 15:57 INFO     for label 1 >> 0.789
09-24 15:57 INFO     for label 2 >> 0.473
09-24 15:57 INFO     for label 3 >> 0.448
09-24 15:57 INFO     for label 4 >> 0.627
09-24 15:57 INFO     for label 5 >> 0.711
09-24 15:57 INFO     for label 6 >> 0.792
09-24 15:57 INFO     for label 7 >> 0.714
09-24 15:57 INFO     for label 8 >> 0.868
09-24 15:57 INFO     for label 9 >> 0.736
09-24 15:57 INFO     >>>>> Epoch [27]: Global model loss: 0.013731535172462464 acc: 0.6914
09-24 15:57 INFO     Scores per target value
09-24 15:57 INFO     for label 0 >> 0.722
09-24 15:57 INFO     for label 1 >> 0.765
09-24 15:57 INFO     for label 2 >> 0.54
09-24 15:57 INFO     for label 3 >> 0.474
09-24 15:57 INFO     for label 4 >> 0.629
09-24 15:57 INFO     for label 5 >> 0.673
09-24 15:57 INFO     for label 6 >> 0.81
09-24 15:57 INFO     for label 7 >> 0.732
09-24 15:57 INFO     for label 8 >> 0.887
09-24 15:57 INFO     for label 9 >> 0.682
09-24 15:58 INFO     >>>>> Epoch [28]: Global model loss: 0.013241842138767243 acc: 0.7049
09-24 15:58 INFO     Scores per target value
09-24 15:58 INFO     for label 0 >> 0.738
09-24 15:58 INFO     for label 1 >> 0.819
09-24 15:58 INFO     for label 2 >> 0.539
09-24 15:58 INFO     for label 3 >> 0.494
09-24 15:58 INFO     for label 4 >> 0.656
09-24 15:58 INFO     for label 5 >> 0.668
09-24 15:58 INFO     for label 6 >> 0.835
09-24 15:58 INFO     for label 7 >> 0.722
09-24 15:58 INFO     for label 8 >> 0.859
09-24 15:58 INFO     for label 9 >> 0.719
09-24 15:59 INFO     >>>>> Epoch [29]: Global model loss: 0.013145524793863297 acc: 0.7031
09-24 15:59 INFO     Scores per target value
09-24 15:59 INFO     for label 0 >> 0.7
09-24 15:59 INFO     for label 1 >> 0.791
09-24 15:59 INFO     for label 2 >> 0.54
09-24 15:59 INFO     for label 3 >> 0.494
09-24 15:59 INFO     for label 4 >> 0.618
09-24 15:59 INFO     for label 5 >> 0.678
09-24 15:59 INFO     for label 6 >> 0.83
09-24 15:59 INFO     for label 7 >> 0.736
09-24 15:59 INFO     for label 8 >> 0.874
09-24 15:59 INFO     for label 9 >> 0.77
09-24 16:00 INFO     >>>>> Epoch [30]: Global model loss: 0.012978967308998108 acc: 0.7067
09-24 16:00 INFO     Scores per target value
09-24 16:00 INFO     for label 0 >> 0.742
09-24 16:00 INFO     for label 1 >> 0.838
09-24 16:00 INFO     for label 2 >> 0.559
09-24 16:00 INFO     for label 3 >> 0.479
09-24 16:00 INFO     for label 4 >> 0.652
09-24 16:00 INFO     for label 5 >> 0.674
09-24 16:00 INFO     for label 6 >> 0.797
09-24 16:00 INFO     for label 7 >> 0.751
09-24 16:00 INFO     for label 8 >> 0.849
09-24 16:00 INFO     for label 9 >> 0.726
09-24 16:01 INFO     >>>>> Epoch [31]: Global model loss: 0.012983434844017028 acc: 0.7054
09-24 16:01 INFO     Scores per target value
09-24 16:01 INFO     for label 0 >> 0.703
09-24 16:01 INFO     for label 1 >> 0.806
09-24 16:01 INFO     for label 2 >> 0.602
09-24 16:01 INFO     for label 3 >> 0.471
09-24 16:01 INFO     for label 4 >> 0.625
09-24 16:01 INFO     for label 5 >> 0.689
09-24 16:01 INFO     for label 6 >> 0.809
09-24 16:01 INFO     for label 7 >> 0.729
09-24 16:01 INFO     for label 8 >> 0.891
09-24 16:01 INFO     for label 9 >> 0.729
09-24 16:01 INFO     >>>>> Epoch [32]: Global model loss: 0.012816713166236877 acc: 0.7127
09-24 16:02 INFO     Scores per target value
09-24 16:02 INFO     for label 0 >> 0.738
09-24 16:02 INFO     for label 1 >> 0.81
09-24 16:02 INFO     for label 2 >> 0.557
09-24 16:02 INFO     for label 3 >> 0.494
09-24 16:02 INFO     for label 4 >> 0.631
09-24 16:02 INFO     for label 5 >> 0.681
09-24 16:02 INFO     for label 6 >> 0.827
09-24 16:02 INFO     for label 7 >> 0.756
09-24 16:02 INFO     for label 8 >> 0.881
09-24 16:02 INFO     for label 9 >> 0.752
09-24 16:02 INFO     >>>>> Epoch [33]: Global model loss: 0.012783426180481911 acc: 0.7157
09-24 16:03 INFO     Scores per target value
09-24 16:03 INFO     for label 0 >> 0.734
09-24 16:03 INFO     for label 1 >> 0.801
09-24 16:03 INFO     for label 2 >> 0.579
09-24 16:03 INFO     for label 3 >> 0.498
09-24 16:03 INFO     for label 4 >> 0.65
09-24 16:03 INFO     for label 5 >> 0.705
09-24 16:03 INFO     for label 6 >> 0.806
09-24 16:03 INFO     for label 7 >> 0.755
09-24 16:03 INFO     for label 8 >> 0.892
09-24 16:03 INFO     for label 9 >> 0.737
09-24 16:03 INFO     >>>>> Epoch [34]: Global model loss: 0.012616038402915001 acc: 0.717
09-24 16:03 INFO     Scores per target value
09-24 16:03 INFO     for label 0 >> 0.723
09-24 16:03 INFO     for label 1 >> 0.819
09-24 16:03 INFO     for label 2 >> 0.554
09-24 16:03 INFO     for label 3 >> 0.521
09-24 16:03 INFO     for label 4 >> 0.641
09-24 16:03 INFO     for label 5 >> 0.693
09-24 16:03 INFO     for label 6 >> 0.807
09-24 16:03 INFO     for label 7 >> 0.785
09-24 16:03 INFO     for label 8 >> 0.869
09-24 16:03 INFO     for label 9 >> 0.758
09-24 16:04 INFO     >>>>> Epoch [35]: Global model loss: 0.012642388063669205 acc: 0.7166
09-24 16:04 INFO     Scores per target value
09-24 16:04 INFO     for label 0 >> 0.701
09-24 16:04 INFO     for label 1 >> 0.83
09-24 16:04 INFO     for label 2 >> 0.571
09-24 16:04 INFO     for label 3 >> 0.483
09-24 16:04 INFO     for label 4 >> 0.661
09-24 16:04 INFO     for label 5 >> 0.725
09-24 16:04 INFO     for label 6 >> 0.83
09-24 16:04 INFO     for label 7 >> 0.737
09-24 16:04 INFO     for label 8 >> 0.9
09-24 16:04 INFO     for label 9 >> 0.728
09-24 16:05 INFO     >>>>> Epoch [36]: Global model loss: 0.01252295238673687 acc: 0.7183
09-24 16:05 INFO     Scores per target value
09-24 16:05 INFO     for label 0 >> 0.739
09-24 16:05 INFO     for label 1 >> 0.839
09-24 16:05 INFO     for label 2 >> 0.59
09-24 16:05 INFO     for label 3 >> 0.481
09-24 16:05 INFO     for label 4 >> 0.666
09-24 16:05 INFO     for label 5 >> 0.72
09-24 16:05 INFO     for label 6 >> 0.808
09-24 16:05 INFO     for label 7 >> 0.739
09-24 16:05 INFO     for label 8 >> 0.877
09-24 16:05 INFO     for label 9 >> 0.724
09-24 16:06 INFO     >>>>> Epoch [37]: Global model loss: 0.012179731658101082 acc: 0.7288
09-24 16:06 INFO     Scores per target value
09-24 16:06 INFO     for label 0 >> 0.762
09-24 16:06 INFO     for label 1 >> 0.816
09-24 16:06 INFO     for label 2 >> 0.591
09-24 16:06 INFO     for label 3 >> 0.505
09-24 16:06 INFO     for label 4 >> 0.668
09-24 16:06 INFO     for label 5 >> 0.686
09-24 16:06 INFO     for label 6 >> 0.816
09-24 16:06 INFO     for label 7 >> 0.789
09-24 16:06 INFO     for label 8 >> 0.884
09-24 16:06 INFO     for label 9 >> 0.771
09-24 16:07 INFO     >>>>> Epoch [38]: Global model loss: 0.012111831140518189 acc: 0.73
09-24 16:07 INFO     Scores per target value
09-24 16:07 INFO     for label 0 >> 0.757
09-24 16:07 INFO     for label 1 >> 0.833
09-24 16:07 INFO     for label 2 >> 0.57
09-24 16:07 INFO     for label 3 >> 0.474
09-24 16:07 INFO     for label 4 >> 0.679
09-24 16:07 INFO     for label 5 >> 0.704
09-24 16:07 INFO     for label 6 >> 0.851
09-24 16:07 INFO     for label 7 >> 0.771
09-24 16:07 INFO     for label 8 >> 0.878
09-24 16:07 INFO     for label 9 >> 0.783
09-24 16:07 INFO     >>>>> Epoch [39]: Global model loss: 0.012064537355303764 acc: 0.729
09-24 16:08 INFO     Scores per target value
09-24 16:08 INFO     for label 0 >> 0.728
09-24 16:08 INFO     for label 1 >> 0.844
09-24 16:08 INFO     for label 2 >> 0.567
09-24 16:08 INFO     for label 3 >> 0.56
09-24 16:08 INFO     for label 4 >> 0.698
09-24 16:08 INFO     for label 5 >> 0.667
09-24 16:08 INFO     for label 6 >> 0.818
09-24 16:08 INFO     for label 7 >> 0.768
09-24 16:08 INFO     for label 8 >> 0.899
09-24 16:08 INFO     for label 9 >> 0.741
09-24 16:08 INFO     >>>>> Epoch [40]: Global model loss: 0.011933614435791969 acc: 0.7304
09-24 16:09 INFO     Scores per target value
09-24 16:09 INFO     for label 0 >> 0.762
09-24 16:09 INFO     for label 1 >> 0.816
09-24 16:09 INFO     for label 2 >> 0.588
09-24 16:09 INFO     for label 3 >> 0.531
09-24 16:09 INFO     for label 4 >> 0.688
09-24 16:09 INFO     for label 5 >> 0.697
09-24 16:09 INFO     for label 6 >> 0.806
09-24 16:09 INFO     for label 7 >> 0.753
09-24 16:09 INFO     for label 8 >> 0.895
09-24 16:09 INFO     for label 9 >> 0.768
09-24 16:09 INFO     >>>>> Epoch [41]: Global model loss: 0.011945729088783264 acc: 0.735
09-24 16:09 INFO     Scores per target value
09-24 16:09 INFO     for label 0 >> 0.767
09-24 16:09 INFO     for label 1 >> 0.849
09-24 16:09 INFO     for label 2 >> 0.555
09-24 16:09 INFO     for label 3 >> 0.529
09-24 16:09 INFO     for label 4 >> 0.688
09-24 16:09 INFO     for label 5 >> 0.701
09-24 16:09 INFO     for label 6 >> 0.829
09-24 16:09 INFO     for label 7 >> 0.781
09-24 16:09 INFO     for label 8 >> 0.874
09-24 16:09 INFO     for label 9 >> 0.777
09-24 16:10 INFO     >>>>> Epoch [42]: Global model loss: 0.011848775425553322 acc: 0.734
09-24 16:10 INFO     Scores per target value
09-24 16:10 INFO     for label 0 >> 0.728
09-24 16:10 INFO     for label 1 >> 0.825
09-24 16:10 INFO     for label 2 >> 0.578
09-24 16:10 INFO     for label 3 >> 0.525
09-24 16:10 INFO     for label 4 >> 0.702
09-24 16:10 INFO     for label 5 >> 0.721
09-24 16:10 INFO     for label 6 >> 0.82
09-24 16:10 INFO     for label 7 >> 0.784
09-24 16:10 INFO     for label 8 >> 0.893
09-24 16:10 INFO     for label 9 >> 0.764
09-24 16:11 INFO     >>>>> Epoch [43]: Global model loss: 0.011599888709187508 acc: 0.7416
09-24 16:11 INFO     Scores per target value
09-24 16:11 INFO     for label 0 >> 0.755
09-24 16:11 INFO     for label 1 >> 0.846
09-24 16:11 INFO     for label 2 >> 0.631
09-24 16:11 INFO     for label 3 >> 0.518
09-24 16:11 INFO     for label 4 >> 0.657
09-24 16:11 INFO     for label 5 >> 0.708
09-24 16:11 INFO     for label 6 >> 0.861
09-24 16:11 INFO     for label 7 >> 0.758
09-24 16:11 INFO     for label 8 >> 0.901
09-24 16:11 INFO     for label 9 >> 0.781
09-24 16:12 INFO     >>>>> Epoch [44]: Global model loss: 0.011584254321455956 acc: 0.741
09-24 16:12 INFO     Scores per target value
09-24 16:12 INFO     for label 0 >> 0.777
09-24 16:12 INFO     for label 1 >> 0.858
09-24 16:12 INFO     for label 2 >> 0.623
09-24 16:12 INFO     for label 3 >> 0.542
09-24 16:12 INFO     for label 4 >> 0.672
09-24 16:12 INFO     for label 5 >> 0.703
09-24 16:12 INFO     for label 6 >> 0.834
09-24 16:12 INFO     for label 7 >> 0.784
09-24 16:12 INFO     for label 8 >> 0.876
09-24 16:12 INFO     for label 9 >> 0.741
09-24 16:13 INFO     >>>>> Epoch [45]: Global model loss: 0.011532824131846428 acc: 0.7427
09-24 16:13 INFO     Scores per target value
09-24 16:13 INFO     for label 0 >> 0.753
09-24 16:13 INFO     for label 1 >> 0.842
09-24 16:13 INFO     for label 2 >> 0.59
09-24 16:13 INFO     for label 3 >> 0.567
09-24 16:13 INFO     for label 4 >> 0.712
09-24 16:13 INFO     for label 5 >> 0.689
09-24 16:13 INFO     for label 6 >> 0.822
09-24 16:13 INFO     for label 7 >> 0.804
09-24 16:13 INFO     for label 8 >> 0.897
09-24 16:13 INFO     for label 9 >> 0.751
09-24 16:13 INFO     >>>>> Epoch [46]: Global model loss: 0.011574017822742462 acc: 0.7425
09-24 16:14 INFO     Scores per target value
09-24 16:14 INFO     for label 0 >> 0.766
09-24 16:14 INFO     for label 1 >> 0.872
09-24 16:14 INFO     for label 2 >> 0.539
09-24 16:14 INFO     for label 3 >> 0.518
09-24 16:14 INFO     for label 4 >> 0.712
09-24 16:14 INFO     for label 5 >> 0.725
09-24 16:14 INFO     for label 6 >> 0.853
09-24 16:14 INFO     for label 7 >> 0.792
09-24 16:14 INFO     for label 8 >> 0.888
09-24 16:14 INFO     for label 9 >> 0.76
09-24 16:14 INFO     >>>>> Epoch [47]: Global model loss: 0.011462865543365479 acc: 0.7458
09-24 16:15 INFO     Scores per target value
09-24 16:15 INFO     for label 0 >> 0.734
09-24 16:15 INFO     for label 1 >> 0.843
09-24 16:15 INFO     for label 2 >> 0.622
09-24 16:15 INFO     for label 3 >> 0.539
09-24 16:15 INFO     for label 4 >> 0.704
09-24 16:15 INFO     for label 5 >> 0.711
09-24 16:15 INFO     for label 6 >> 0.843
09-24 16:15 INFO     for label 7 >> 0.788
09-24 16:15 INFO     for label 8 >> 0.913
09-24 16:15 INFO     for label 9 >> 0.761
09-24 16:15 INFO     >>>>> Epoch [48]: Global model loss: 0.011408232471346855 acc: 0.7458
09-24 16:15 INFO     Scores per target value
09-24 16:15 INFO     for label 0 >> 0.763
09-24 16:15 INFO     for label 1 >> 0.863
09-24 16:15 INFO     for label 2 >> 0.584
09-24 16:15 INFO     for label 3 >> 0.531
09-24 16:15 INFO     for label 4 >> 0.674
09-24 16:15 INFO     for label 5 >> 0.734
09-24 16:15 INFO     for label 6 >> 0.872
09-24 16:15 INFO     for label 7 >> 0.77
09-24 16:15 INFO     for label 8 >> 0.889
09-24 16:15 INFO     for label 9 >> 0.778
09-24 16:16 INFO     >>>>> Epoch [49]: Global model loss: 0.01145148638188839 acc: 0.7513
09-24 16:16 INFO     Scores per target value
09-24 16:16 INFO     for label 0 >> 0.809
09-24 16:16 INFO     for label 1 >> 0.856
09-24 16:16 INFO     for label 2 >> 0.625
09-24 16:16 INFO     for label 3 >> 0.503
09-24 16:16 INFO     for label 4 >> 0.74
09-24 16:16 INFO     for label 5 >> 0.706
09-24 16:16 INFO     for label 6 >> 0.865
09-24 16:16 INFO     for label 7 >> 0.776
09-24 16:16 INFO     for label 8 >> 0.872
09-24 16:16 INFO     for label 9 >> 0.761
09-24 16:17 INFO     >>>>> Epoch [50]: Global model loss: 0.011308461174368858 acc: 0.749
09-24 16:17 INFO     Scores per target value
09-24 16:17 INFO     for label 0 >> 0.77
09-24 16:17 INFO     for label 1 >> 0.874
09-24 16:17 INFO     for label 2 >> 0.572
09-24 16:17 INFO     for label 3 >> 0.517
09-24 16:17 INFO     for label 4 >> 0.718
09-24 16:17 INFO     for label 5 >> 0.751
09-24 16:17 INFO     for label 6 >> 0.849
09-24 16:17 INFO     for label 7 >> 0.795
09-24 16:17 INFO     for label 8 >> 0.876
09-24 16:17 INFO     for label 9 >> 0.768
09-24 16:18 INFO     >>>>> Epoch [51]: Global model loss: 0.01116943594813347 acc: 0.7514
09-24 16:18 INFO     Scores per target value
09-24 16:18 INFO     for label 0 >> 0.755
09-24 16:18 INFO     for label 1 >> 0.854
09-24 16:18 INFO     for label 2 >> 0.636
09-24 16:18 INFO     for label 3 >> 0.511
09-24 16:18 INFO     for label 4 >> 0.702
09-24 16:18 INFO     for label 5 >> 0.735
09-24 16:18 INFO     for label 6 >> 0.851
09-24 16:18 INFO     for label 7 >> 0.799
09-24 16:18 INFO     for label 8 >> 0.907
09-24 16:18 INFO     for label 9 >> 0.764
09-24 16:19 INFO     >>>>> Epoch [52]: Global model loss: 0.011016737285256387 acc: 0.7553
09-24 16:19 INFO     Scores per target value
09-24 16:19 INFO     for label 0 >> 0.798
09-24 16:19 INFO     for label 1 >> 0.866
09-24 16:19 INFO     for label 2 >> 0.614
09-24 16:19 INFO     for label 3 >> 0.518
09-24 16:19 INFO     for label 4 >> 0.699
09-24 16:19 INFO     for label 5 >> 0.713
09-24 16:19 INFO     for label 6 >> 0.861
09-24 16:19 INFO     for label 7 >> 0.831
09-24 16:19 INFO     for label 8 >> 0.881
09-24 16:19 INFO     for label 9 >> 0.772
09-24 16:19 INFO     >>>>> Epoch [53]: Global model loss: 0.010845357972383498 acc: 0.7607
09-24 16:20 INFO     Scores per target value
09-24 16:20 INFO     for label 0 >> 0.806
09-24 16:20 INFO     for label 1 >> 0.837
09-24 16:20 INFO     for label 2 >> 0.662
09-24 16:20 INFO     for label 3 >> 0.56
09-24 16:20 INFO     for label 4 >> 0.723
09-24 16:20 INFO     for label 5 >> 0.69
09-24 16:20 INFO     for label 6 >> 0.848
09-24 16:20 INFO     for label 7 >> 0.811
09-24 16:20 INFO     for label 8 >> 0.872
09-24 16:20 INFO     for label 9 >> 0.798
09-24 16:20 INFO     >>>>> Epoch [54]: Global model loss: 0.010980776277184487 acc: 0.759
09-24 16:21 INFO     Scores per target value
09-24 16:21 INFO     for label 0 >> 0.754
09-24 16:21 INFO     for label 1 >> 0.86
09-24 16:21 INFO     for label 2 >> 0.642
09-24 16:21 INFO     for label 3 >> 0.56
09-24 16:21 INFO     for label 4 >> 0.721
09-24 16:21 INFO     for label 5 >> 0.72
09-24 16:21 INFO     for label 6 >> 0.853
09-24 16:21 INFO     for label 7 >> 0.799
09-24 16:21 INFO     for label 8 >> 0.899
09-24 16:21 INFO     for label 9 >> 0.782
09-24 16:21 INFO     >>>>> Epoch [55]: Global model loss: 0.010763693857192993 acc: 0.7634
09-24 16:21 INFO     Scores per target value
09-24 16:21 INFO     for label 0 >> 0.81
09-24 16:21 INFO     for label 1 >> 0.848
09-24 16:21 INFO     for label 2 >> 0.65
09-24 16:21 INFO     for label 3 >> 0.544
09-24 16:21 INFO     for label 4 >> 0.72
09-24 16:21 INFO     for label 5 >> 0.717
09-24 16:21 INFO     for label 6 >> 0.859
09-24 16:21 INFO     for label 7 >> 0.806
09-24 16:21 INFO     for label 8 >> 0.879
09-24 16:21 INFO     for label 9 >> 0.801
09-24 16:22 INFO     >>>>> Epoch [56]: Global model loss: 0.010682753720879555 acc: 0.762
09-24 16:22 INFO     Scores per target value
09-24 16:22 INFO     for label 0 >> 0.806
09-24 16:22 INFO     for label 1 >> 0.843
09-24 16:22 INFO     for label 2 >> 0.656
09-24 16:22 INFO     for label 3 >> 0.559
09-24 16:22 INFO     for label 4 >> 0.709
09-24 16:22 INFO     for label 5 >> 0.696
09-24 16:22 INFO     for label 6 >> 0.847
09-24 16:22 INFO     for label 7 >> 0.805
09-24 16:22 INFO     for label 8 >> 0.898
09-24 16:22 INFO     for label 9 >> 0.801
09-24 16:23 INFO     >>>>> Epoch [57]: Global model loss: 0.010857093515992164 acc: 0.7613
09-24 16:23 INFO     Scores per target value
09-24 16:23 INFO     for label 0 >> 0.765
09-24 16:23 INFO     for label 1 >> 0.879
09-24 16:23 INFO     for label 2 >> 0.613
09-24 16:23 INFO     for label 3 >> 0.553
09-24 16:23 INFO     for label 4 >> 0.736
09-24 16:23 INFO     for label 5 >> 0.723
09-24 16:23 INFO     for label 6 >> 0.855
09-24 16:23 INFO     for label 7 >> 0.805
09-24 16:23 INFO     for label 8 >> 0.912
09-24 16:23 INFO     for label 9 >> 0.772
09-24 16:24 INFO     >>>>> Epoch [58]: Global model loss: 0.010698474436998368 acc: 0.7635
09-24 16:24 INFO     Scores per target value
09-24 16:24 INFO     for label 0 >> 0.774
09-24 16:24 INFO     for label 1 >> 0.863
09-24 16:24 INFO     for label 2 >> 0.643
09-24 16:24 INFO     for label 3 >> 0.541
09-24 16:24 INFO     for label 4 >> 0.736
09-24 16:24 INFO     for label 5 >> 0.734
09-24 16:24 INFO     for label 6 >> 0.838
09-24 16:24 INFO     for label 7 >> 0.823
09-24 16:24 INFO     for label 8 >> 0.898
09-24 16:24 INFO     for label 9 >> 0.785
09-24 16:25 INFO     >>>>> Epoch [59]: Global model loss: 0.010715610152482987 acc: 0.765
09-24 16:25 INFO     Scores per target value
09-24 16:25 INFO     for label 0 >> 0.782
09-24 16:25 INFO     for label 1 >> 0.872
09-24 16:25 INFO     for label 2 >> 0.636
09-24 16:25 INFO     for label 3 >> 0.586
09-24 16:25 INFO     for label 4 >> 0.719
09-24 16:25 INFO     for label 5 >> 0.703
09-24 16:25 INFO     for label 6 >> 0.858
09-24 16:25 INFO     for label 7 >> 0.802
09-24 16:25 INFO     for label 8 >> 0.907
09-24 16:25 INFO     for label 9 >> 0.785
09-24 16:26 INFO     >>>>> Epoch [60]: Global model loss: 0.010501952317357063 acc: 0.7717
09-24 16:26 INFO     Scores per target value
09-24 16:26 INFO     for label 0 >> 0.79
09-24 16:26 INFO     for label 1 >> 0.876
09-24 16:26 INFO     for label 2 >> 0.645
09-24 16:26 INFO     for label 3 >> 0.559
09-24 16:26 INFO     for label 4 >> 0.723
09-24 16:26 INFO     for label 5 >> 0.722
09-24 16:26 INFO     for label 6 >> 0.861
09-24 16:26 INFO     for label 7 >> 0.841
09-24 16:26 INFO     for label 8 >> 0.889
09-24 16:26 INFO     for label 9 >> 0.811
09-24 16:26 INFO     >>>>> Epoch [61]: Global model loss: 0.01046972385942936 acc: 0.772
09-24 16:27 INFO     Scores per target value
09-24 16:27 INFO     for label 0 >> 0.798
09-24 16:27 INFO     for label 1 >> 0.869
09-24 16:27 INFO     for label 2 >> 0.655
09-24 16:27 INFO     for label 3 >> 0.562
09-24 16:27 INFO     for label 4 >> 0.73
09-24 16:27 INFO     for label 5 >> 0.714
09-24 16:27 INFO     for label 6 >> 0.865
09-24 16:27 INFO     for label 7 >> 0.831
09-24 16:27 INFO     for label 8 >> 0.877
09-24 16:27 INFO     for label 9 >> 0.819
09-24 16:27 INFO     >>>>> Epoch [62]: Global model loss: 0.010449103617668152 acc: 0.7708
09-24 16:28 INFO     Scores per target value
09-24 16:28 INFO     for label 0 >> 0.789
09-24 16:28 INFO     for label 1 >> 0.874
09-24 16:28 INFO     for label 2 >> 0.65
09-24 16:28 INFO     for label 3 >> 0.592
09-24 16:28 INFO     for label 4 >> 0.75
09-24 16:28 INFO     for label 5 >> 0.673
09-24 16:28 INFO     for label 6 >> 0.862
09-24 16:28 INFO     for label 7 >> 0.825
09-24 16:28 INFO     for label 8 >> 0.903
09-24 16:28 INFO     for label 9 >> 0.79
09-24 16:28 INFO     >>>>> Epoch [63]: Global model loss: 0.010355522918701171 acc: 0.7735
09-24 16:28 INFO     Scores per target value
09-24 16:28 INFO     for label 0 >> 0.796
09-24 16:28 INFO     for label 1 >> 0.861
09-24 16:28 INFO     for label 2 >> 0.646
09-24 16:28 INFO     for label 3 >> 0.578
09-24 16:28 INFO     for label 4 >> 0.753
09-24 16:28 INFO     for label 5 >> 0.69
09-24 16:28 INFO     for label 6 >> 0.869
09-24 16:28 INFO     for label 7 >> 0.834
09-24 16:28 INFO     for label 8 >> 0.891
09-24 16:28 INFO     for label 9 >> 0.817
09-24 16:29 INFO     >>>>> Epoch [64]: Global model loss: 0.01056368938088417 acc: 0.7705
09-24 16:29 INFO     Scores per target value
09-24 16:29 INFO     for label 0 >> 0.814
09-24 16:29 INFO     for label 1 >> 0.886
09-24 16:29 INFO     for label 2 >> 0.624
09-24 16:29 INFO     for label 3 >> 0.581
09-24 16:29 INFO     for label 4 >> 0.749
09-24 16:29 INFO     for label 5 >> 0.702
09-24 16:29 INFO     for label 6 >> 0.883
09-24 16:29 INFO     for label 7 >> 0.804
09-24 16:29 INFO     for label 8 >> 0.877
09-24 16:29 INFO     for label 9 >> 0.785
09-24 16:30 INFO     >>>>> Epoch [65]: Global model loss: 0.010241799020767212 acc: 0.7722
09-24 16:30 INFO     Scores per target value
09-24 16:30 INFO     for label 0 >> 0.793
09-24 16:30 INFO     for label 1 >> 0.874
09-24 16:30 INFO     for label 2 >> 0.663
09-24 16:30 INFO     for label 3 >> 0.6
09-24 16:30 INFO     for label 4 >> 0.736
09-24 16:30 INFO     for label 5 >> 0.686
09-24 16:30 INFO     for label 6 >> 0.848
09-24 16:30 INFO     for label 7 >> 0.818
09-24 16:30 INFO     for label 8 >> 0.895
09-24 16:30 INFO     for label 9 >> 0.809
09-24 16:31 INFO     >>>>> Epoch [66]: Global model loss: 0.010377158570289612 acc: 0.7758
09-24 16:31 INFO     Scores per target value
09-24 16:31 INFO     for label 0 >> 0.83
09-24 16:31 INFO     for label 1 >> 0.858
09-24 16:31 INFO     for label 2 >> 0.619
09-24 16:31 INFO     for label 3 >> 0.594
09-24 16:31 INFO     for label 4 >> 0.744
09-24 16:31 INFO     for label 5 >> 0.724
09-24 16:31 INFO     for label 6 >> 0.855
09-24 16:31 INFO     for label 7 >> 0.823
09-24 16:31 INFO     for label 8 >> 0.873
09-24 16:31 INFO     for label 9 >> 0.838
09-24 16:32 INFO     >>>>> Epoch [67]: Global model loss: 0.010263042521476745 acc: 0.7758
09-24 16:32 INFO     Scores per target value
09-24 16:32 INFO     for label 0 >> 0.795
09-24 16:32 INFO     for label 1 >> 0.855
09-24 16:32 INFO     for label 2 >> 0.613
09-24 16:32 INFO     for label 3 >> 0.587
09-24 16:32 INFO     for label 4 >> 0.749
09-24 16:32 INFO     for label 5 >> 0.728
09-24 16:32 INFO     for label 6 >> 0.874
09-24 16:32 INFO     for label 7 >> 0.833
09-24 16:32 INFO     for label 8 >> 0.907
09-24 16:32 INFO     for label 9 >> 0.817
09-24 16:32 INFO     >>>>> Epoch [68]: Global model loss: 0.010220853033661843 acc: 0.7759
09-24 16:33 INFO     Scores per target value
09-24 16:33 INFO     for label 0 >> 0.794
09-24 16:33 INFO     for label 1 >> 0.856
09-24 16:33 INFO     for label 2 >> 0.656
09-24 16:33 INFO     for label 3 >> 0.595
09-24 16:33 INFO     for label 4 >> 0.741
09-24 16:33 INFO     for label 5 >> 0.693
09-24 16:33 INFO     for label 6 >> 0.871
09-24 16:33 INFO     for label 7 >> 0.832
09-24 16:33 INFO     for label 8 >> 0.899
09-24 16:33 INFO     for label 9 >> 0.822
09-24 16:33 INFO     >>>>> Epoch [69]: Global model loss: 0.010289055079221725 acc: 0.7767
09-24 16:33 INFO     Scores per target value
09-24 16:33 INFO     for label 0 >> 0.804
09-24 16:33 INFO     for label 1 >> 0.874
09-24 16:33 INFO     for label 2 >> 0.659
09-24 16:33 INFO     for label 3 >> 0.54
09-24 16:33 INFO     for label 4 >> 0.764
09-24 16:33 INFO     for label 5 >> 0.751
09-24 16:33 INFO     for label 6 >> 0.876
09-24 16:33 INFO     for label 7 >> 0.826
09-24 16:33 INFO     for label 8 >> 0.876
09-24 16:33 INFO     for label 9 >> 0.797
09-24 16:34 INFO     >>>>> Epoch [70]: Global model loss: 0.010258882176876068 acc: 0.7773
09-24 16:34 INFO     Scores per target value
09-24 16:34 INFO     for label 0 >> 0.825
09-24 16:34 INFO     for label 1 >> 0.868
09-24 16:34 INFO     for label 2 >> 0.637
09-24 16:34 INFO     for label 3 >> 0.552
09-24 16:34 INFO     for label 4 >> 0.734
09-24 16:34 INFO     for label 5 >> 0.756
09-24 16:34 INFO     for label 6 >> 0.87
09-24 16:34 INFO     for label 7 >> 0.826
09-24 16:34 INFO     for label 8 >> 0.895
09-24 16:34 INFO     for label 9 >> 0.81
09-24 16:35 INFO     >>>>> Epoch [71]: Global model loss: 0.010184265899658203 acc: 0.779
09-24 16:35 INFO     Scores per target value
09-24 16:35 INFO     for label 0 >> 0.81
09-24 16:35 INFO     for label 1 >> 0.886
09-24 16:35 INFO     for label 2 >> 0.656
09-24 16:35 INFO     for label 3 >> 0.597
09-24 16:35 INFO     for label 4 >> 0.744
09-24 16:35 INFO     for label 5 >> 0.723
09-24 16:35 INFO     for label 6 >> 0.861
09-24 16:35 INFO     for label 7 >> 0.816
09-24 16:35 INFO     for label 8 >> 0.893
09-24 16:35 INFO     for label 9 >> 0.804
09-24 16:36 INFO     >>>>> Epoch [72]: Global model loss: 0.010019091293215751 acc: 0.7823
09-24 16:36 INFO     Scores per target value
09-24 16:36 INFO     for label 0 >> 0.801
09-24 16:36 INFO     for label 1 >> 0.852
09-24 16:36 INFO     for label 2 >> 0.677
09-24 16:36 INFO     for label 3 >> 0.619
09-24 16:36 INFO     for label 4 >> 0.75
09-24 16:36 INFO     for label 5 >> 0.705
09-24 16:36 INFO     for label 6 >> 0.869
09-24 16:36 INFO     for label 7 >> 0.82
09-24 16:36 INFO     for label 8 >> 0.884
09-24 16:36 INFO     for label 9 >> 0.846
09-24 16:37 INFO     >>>>> Epoch [73]: Global model loss: 0.010169175764918327 acc: 0.7793
09-24 16:37 INFO     Scores per target value
09-24 16:37 INFO     for label 0 >> 0.791
09-24 16:37 INFO     for label 1 >> 0.884
09-24 16:37 INFO     for label 2 >> 0.639
09-24 16:37 INFO     for label 3 >> 0.601
09-24 16:37 INFO     for label 4 >> 0.762
09-24 16:37 INFO     for label 5 >> 0.708
09-24 16:37 INFO     for label 6 >> 0.871
09-24 16:37 INFO     for label 7 >> 0.817
09-24 16:37 INFO     for label 8 >> 0.913
09-24 16:37 INFO     for label 9 >> 0.807
09-24 16:37 INFO     >>>>> Epoch [74]: Global model loss: 0.01006001632809639 acc: 0.7827
09-24 16:38 INFO     Scores per target value
09-24 16:38 INFO     for label 0 >> 0.794
09-24 16:38 INFO     for label 1 >> 0.874
09-24 16:38 INFO     for label 2 >> 0.654
09-24 16:38 INFO     for label 3 >> 0.581
09-24 16:38 INFO     for label 4 >> 0.746
09-24 16:38 INFO     for label 5 >> 0.732
09-24 16:38 INFO     for label 6 >> 0.877
09-24 16:38 INFO     for label 7 >> 0.833
09-24 16:38 INFO     for label 8 >> 0.886
09-24 16:38 INFO     for label 9 >> 0.85
09-24 16:38 INFO     >>>>> Epoch [75]: Global model loss: 0.010073371663689613 acc: 0.7809
09-24 16:39 INFO     Scores per target value
09-24 16:39 INFO     for label 0 >> 0.815
09-24 16:39 INFO     for label 1 >> 0.871
09-24 16:39 INFO     for label 2 >> 0.659
09-24 16:39 INFO     for label 3 >> 0.593
09-24 16:39 INFO     for label 4 >> 0.777
09-24 16:39 INFO     for label 5 >> 0.68
09-24 16:39 INFO     for label 6 >> 0.889
09-24 16:39 INFO     for label 7 >> 0.816
09-24 16:39 INFO     for label 8 >> 0.904
09-24 16:39 INFO     for label 9 >> 0.805
09-24 16:39 INFO     >>>>> Epoch [76]: Global model loss: 0.010067480564117432 acc: 0.7832
09-24 16:39 INFO     Scores per target value
09-24 16:39 INFO     for label 0 >> 0.806
09-24 16:39 INFO     for label 1 >> 0.879
09-24 16:39 INFO     for label 2 >> 0.674
09-24 16:39 INFO     for label 3 >> 0.578
09-24 16:39 INFO     for label 4 >> 0.741
09-24 16:39 INFO     for label 5 >> 0.733
09-24 16:39 INFO     for label 6 >> 0.872
09-24 16:39 INFO     for label 7 >> 0.83
09-24 16:39 INFO     for label 8 >> 0.892
09-24 16:39 INFO     for label 9 >> 0.827
09-24 16:40 INFO     >>>>> Epoch [77]: Global model loss: 0.00999832557439804 acc: 0.7858
09-24 16:40 INFO     Scores per target value
09-24 16:40 INFO     for label 0 >> 0.809
09-24 16:40 INFO     for label 1 >> 0.846
09-24 16:40 INFO     for label 2 >> 0.688
09-24 16:40 INFO     for label 3 >> 0.593
09-24 16:40 INFO     for label 4 >> 0.77
09-24 16:40 INFO     for label 5 >> 0.713
09-24 16:40 INFO     for label 6 >> 0.879
09-24 16:40 INFO     for label 7 >> 0.827
09-24 16:40 INFO     for label 8 >> 0.895
09-24 16:40 INFO     for label 9 >> 0.838
09-24 16:41 INFO     >>>>> Epoch [78]: Global model loss: 0.009831566262245179 acc: 0.7845
09-24 16:41 INFO     Scores per target value
09-24 16:41 INFO     for label 0 >> 0.806
09-24 16:41 INFO     for label 1 >> 0.875
09-24 16:41 INFO     for label 2 >> 0.704
09-24 16:41 INFO     for label 3 >> 0.596
09-24 16:41 INFO     for label 4 >> 0.762
09-24 16:41 INFO     for label 5 >> 0.711
09-24 16:41 INFO     for label 6 >> 0.863
09-24 16:41 INFO     for label 7 >> 0.811
09-24 16:41 INFO     for label 8 >> 0.89
09-24 16:41 INFO     for label 9 >> 0.827
09-24 16:42 INFO     >>>>> Epoch [79]: Global model loss: 0.009847273135185242 acc: 0.7858
09-24 16:42 INFO     Scores per target value
09-24 16:42 INFO     for label 0 >> 0.808
09-24 16:42 INFO     for label 1 >> 0.877
09-24 16:42 INFO     for label 2 >> 0.682
09-24 16:42 INFO     for label 3 >> 0.561
09-24 16:42 INFO     for label 4 >> 0.782
09-24 16:42 INFO     for label 5 >> 0.735
09-24 16:42 INFO     for label 6 >> 0.868
09-24 16:42 INFO     for label 7 >> 0.825
09-24 16:42 INFO     for label 8 >> 0.877
09-24 16:42 INFO     for label 9 >> 0.843
09-24 16:42 INFO     >>>>> Epoch [80]: Global model loss: 0.009942385709285736 acc: 0.7859
09-24 16:43 INFO     Scores per target value
09-24 16:43 INFO     for label 0 >> 0.815
09-24 16:43 INFO     for label 1 >> 0.863
09-24 16:43 INFO     for label 2 >> 0.673
09-24 16:43 INFO     for label 3 >> 0.571
09-24 16:43 INFO     for label 4 >> 0.758
09-24 16:43 INFO     for label 5 >> 0.713
09-24 16:43 INFO     for label 6 >> 0.891
09-24 16:43 INFO     for label 7 >> 0.844
09-24 16:43 INFO     for label 8 >> 0.906
09-24 16:43 INFO     for label 9 >> 0.825
09-24 16:43 INFO     >>>>> Epoch [81]: Global model loss: 0.009884236785769463 acc: 0.7909
09-24 16:44 INFO     Scores per target value
09-24 16:44 INFO     for label 0 >> 0.816
09-24 16:44 INFO     for label 1 >> 0.882
09-24 16:44 INFO     for label 2 >> 0.673
09-24 16:44 INFO     for label 3 >> 0.569
09-24 16:44 INFO     for label 4 >> 0.779
09-24 16:44 INFO     for label 5 >> 0.751
09-24 16:44 INFO     for label 6 >> 0.856
09-24 16:44 INFO     for label 7 >> 0.833
09-24 16:44 INFO     for label 8 >> 0.904
09-24 16:44 INFO     for label 9 >> 0.846
09-24 16:44 INFO     >>>>> Epoch [82]: Global model loss: 0.00988126670718193 acc: 0.7854
09-24 16:44 INFO     Scores per target value
09-24 16:44 INFO     for label 0 >> 0.812
09-24 16:44 INFO     for label 1 >> 0.871
09-24 16:44 INFO     for label 2 >> 0.652
09-24 16:44 INFO     for label 3 >> 0.601
09-24 16:44 INFO     for label 4 >> 0.766
09-24 16:44 INFO     for label 5 >> 0.737
09-24 16:44 INFO     for label 6 >> 0.863
09-24 16:44 INFO     for label 7 >> 0.838
09-24 16:44 INFO     for label 8 >> 0.896
09-24 16:44 INFO     for label 9 >> 0.818
09-24 16:45 INFO     >>>>> Epoch [83]: Global model loss: 0.009907609477639199 acc: 0.7904
09-24 16:45 INFO     Scores per target value
09-24 16:45 INFO     for label 0 >> 0.827
09-24 16:45 INFO     for label 1 >> 0.888
09-24 16:45 INFO     for label 2 >> 0.669
09-24 16:45 INFO     for label 3 >> 0.581
09-24 16:45 INFO     for label 4 >> 0.756
09-24 16:45 INFO     for label 5 >> 0.74
09-24 16:45 INFO     for label 6 >> 0.873
09-24 16:45 INFO     for label 7 >> 0.834
09-24 16:45 INFO     for label 8 >> 0.899
09-24 16:45 INFO     for label 9 >> 0.837
09-24 16:46 INFO     >>>>> Epoch [84]: Global model loss: 0.009742163798213004 acc: 0.7896
09-24 16:46 INFO     Scores per target value
09-24 16:46 INFO     for label 0 >> 0.823
09-24 16:46 INFO     for label 1 >> 0.872
09-24 16:46 INFO     for label 2 >> 0.676
09-24 16:46 INFO     for label 3 >> 0.619
09-24 16:46 INFO     for label 4 >> 0.759
09-24 16:46 INFO     for label 5 >> 0.696
09-24 16:46 INFO     for label 6 >> 0.877
09-24 16:46 INFO     for label 7 >> 0.845
09-24 16:46 INFO     for label 8 >> 0.894
09-24 16:46 INFO     for label 9 >> 0.835
09-24 16:47 INFO     >>>>> Epoch [85]: Global model loss: 0.00983259595632553 acc: 0.789
09-24 16:47 INFO     Scores per target value
09-24 16:47 INFO     for label 0 >> 0.83
09-24 16:47 INFO     for label 1 >> 0.892
09-24 16:47 INFO     for label 2 >> 0.65
09-24 16:47 INFO     for label 3 >> 0.582
09-24 16:47 INFO     for label 4 >> 0.768
09-24 16:47 INFO     for label 5 >> 0.74
09-24 16:47 INFO     for label 6 >> 0.875
09-24 16:47 INFO     for label 7 >> 0.838
09-24 16:47 INFO     for label 8 >> 0.896
09-24 16:47 INFO     for label 9 >> 0.819
09-24 16:47 INFO     >>>>> Epoch [86]: Global model loss: 0.009787523272633552 acc: 0.7918
09-24 16:48 INFO     Scores per target value
09-24 16:48 INFO     for label 0 >> 0.811
09-24 16:48 INFO     for label 1 >> 0.891
09-24 16:48 INFO     for label 2 >> 0.683
09-24 16:48 INFO     for label 3 >> 0.596
09-24 16:48 INFO     for label 4 >> 0.798
09-24 16:48 INFO     for label 5 >> 0.722
09-24 16:48 INFO     for label 6 >> 0.865
09-24 16:48 INFO     for label 7 >> 0.831
09-24 16:48 INFO     for label 8 >> 0.883
09-24 16:48 INFO     for label 9 >> 0.838
09-24 16:48 INFO     >>>>> Epoch [87]: Global model loss: 0.009718068370223045 acc: 0.7922
09-24 16:49 INFO     Scores per target value
09-24 16:49 INFO     for label 0 >> 0.826
09-24 16:49 INFO     for label 1 >> 0.876
09-24 16:49 INFO     for label 2 >> 0.675
09-24 16:49 INFO     for label 3 >> 0.564
09-24 16:49 INFO     for label 4 >> 0.798
09-24 16:49 INFO     for label 5 >> 0.721
09-24 16:49 INFO     for label 6 >> 0.864
09-24 16:49 INFO     for label 7 >> 0.856
09-24 16:49 INFO     for label 8 >> 0.901
09-24 16:49 INFO     for label 9 >> 0.841
09-24 16:49 INFO     >>>>> Epoch [88]: Global model loss: 0.00974622499346733 acc: 0.7928
09-24 16:49 INFO     Scores per target value
09-24 16:49 INFO     for label 0 >> 0.837
09-24 16:49 INFO     for label 1 >> 0.88
09-24 16:49 INFO     for label 2 >> 0.679
09-24 16:49 INFO     for label 3 >> 0.603
09-24 16:49 INFO     for label 4 >> 0.781
09-24 16:49 INFO     for label 5 >> 0.718
09-24 16:49 INFO     for label 6 >> 0.856
09-24 16:49 INFO     for label 7 >> 0.84
09-24 16:49 INFO     for label 8 >> 0.878
09-24 16:49 INFO     for label 9 >> 0.856
09-24 16:50 INFO     >>>>> Epoch [89]: Global model loss: 0.00976530447602272 acc: 0.7925
09-24 16:50 INFO     Scores per target value
09-24 16:50 INFO     for label 0 >> 0.827
09-24 16:50 INFO     for label 1 >> 0.871
09-24 16:50 INFO     for label 2 >> 0.712
09-24 16:50 INFO     for label 3 >> 0.583
09-24 16:50 INFO     for label 4 >> 0.763
09-24 16:50 INFO     for label 5 >> 0.732
09-24 16:50 INFO     for label 6 >> 0.845
09-24 16:50 INFO     for label 7 >> 0.849
09-24 16:50 INFO     for label 8 >> 0.889
09-24 16:50 INFO     for label 9 >> 0.854
09-24 16:51 INFO     >>>>> Epoch [90]: Global model loss: 0.009755193841457366 acc: 0.7969
09-24 16:51 INFO     Scores per target value
09-24 16:51 INFO     for label 0 >> 0.831
09-24 16:51 INFO     for label 1 >> 0.886
09-24 16:51 INFO     for label 2 >> 0.682
09-24 16:51 INFO     for label 3 >> 0.614
09-24 16:51 INFO     for label 4 >> 0.781
09-24 16:51 INFO     for label 5 >> 0.723
09-24 16:51 INFO     for label 6 >> 0.876
09-24 16:51 INFO     for label 7 >> 0.843
09-24 16:51 INFO     for label 8 >> 0.888
09-24 16:51 INFO     for label 9 >> 0.845
09-24 16:52 INFO     >>>>> Epoch [91]: Global model loss: 0.00979870049059391 acc: 0.7925
09-24 16:52 INFO     Scores per target value
09-24 16:52 INFO     for label 0 >> 0.831
09-24 16:52 INFO     for label 1 >> 0.875
09-24 16:52 INFO     for label 2 >> 0.661
09-24 16:52 INFO     for label 3 >> 0.638
09-24 16:52 INFO     for label 4 >> 0.763
09-24 16:52 INFO     for label 5 >> 0.723
09-24 16:52 INFO     for label 6 >> 0.868
09-24 16:52 INFO     for label 7 >> 0.824
09-24 16:52 INFO     for label 8 >> 0.902
09-24 16:52 INFO     for label 9 >> 0.84
09-24 16:52 INFO     >>>>> Epoch [92]: Global model loss: 0.009710150912404061 acc: 0.7948
09-24 16:53 INFO     Scores per target value
09-24 16:53 INFO     for label 0 >> 0.839
09-24 16:53 INFO     for label 1 >> 0.87
09-24 16:53 INFO     for label 2 >> 0.709
09-24 16:53 INFO     for label 3 >> 0.579
09-24 16:53 INFO     for label 4 >> 0.788
09-24 16:53 INFO     for label 5 >> 0.733
09-24 16:53 INFO     for label 6 >> 0.861
09-24 16:53 INFO     for label 7 >> 0.84
09-24 16:53 INFO     for label 8 >> 0.89
09-24 16:53 INFO     for label 9 >> 0.839
09-24 16:53 INFO     >>>>> Epoch [93]: Global model loss: 0.009679800757765769 acc: 0.7939
09-24 16:54 INFO     Scores per target value
09-24 16:54 INFO     for label 0 >> 0.82
09-24 16:54 INFO     for label 1 >> 0.874
09-24 16:54 INFO     for label 2 >> 0.715
09-24 16:54 INFO     for label 3 >> 0.597
09-24 16:54 INFO     for label 4 >> 0.784
09-24 16:54 INFO     for label 5 >> 0.748
09-24 16:54 INFO     for label 6 >> 0.846
09-24 16:54 INFO     for label 7 >> 0.822
09-24 16:54 INFO     for label 8 >> 0.878
09-24 16:54 INFO     for label 9 >> 0.855
09-24 16:54 INFO     >>>>> Epoch [94]: Global model loss: 0.009688080671429634 acc: 0.7938
09-24 16:54 INFO     Scores per target value
09-24 16:54 INFO     for label 0 >> 0.797
09-24 16:54 INFO     for label 1 >> 0.883
09-24 16:54 INFO     for label 2 >> 0.701
09-24 16:54 INFO     for label 3 >> 0.61
09-24 16:54 INFO     for label 4 >> 0.775
09-24 16:54 INFO     for label 5 >> 0.737
09-24 16:54 INFO     for label 6 >> 0.865
09-24 16:54 INFO     for label 7 >> 0.831
09-24 16:54 INFO     for label 8 >> 0.909
09-24 16:54 INFO     for label 9 >> 0.83
09-24 16:55 INFO     >>>>> Epoch [95]: Global model loss: 0.00953763673901558 acc: 0.7962
09-24 16:55 INFO     Scores per target value
09-24 16:55 INFO     for label 0 >> 0.815
09-24 16:55 INFO     for label 1 >> 0.879
09-24 16:55 INFO     for label 2 >> 0.707
09-24 16:55 INFO     for label 3 >> 0.587
09-24 16:55 INFO     for label 4 >> 0.78
09-24 16:55 INFO     for label 5 >> 0.729
09-24 16:55 INFO     for label 6 >> 0.87
09-24 16:55 INFO     for label 7 >> 0.853
09-24 16:55 INFO     for label 8 >> 0.903
09-24 16:55 INFO     for label 9 >> 0.839
09-24 16:56 INFO     >>>>> Epoch [96]: Global model loss: 0.009659931847453118 acc: 0.7986
09-24 16:56 INFO     Scores per target value
09-24 16:56 INFO     for label 0 >> 0.815
09-24 16:56 INFO     for label 1 >> 0.897
09-24 16:56 INFO     for label 2 >> 0.715
09-24 16:56 INFO     for label 3 >> 0.617
09-24 16:56 INFO     for label 4 >> 0.788
09-24 16:56 INFO     for label 5 >> 0.714
09-24 16:56 INFO     for label 6 >> 0.871
09-24 16:56 INFO     for label 7 >> 0.827
09-24 16:56 INFO     for label 8 >> 0.904
09-24 16:56 INFO     for label 9 >> 0.838
09-24 16:57 INFO     >>>>> Epoch [97]: Global model loss: 0.009761328956484794 acc: 0.7934
09-24 16:57 INFO     Scores per target value
09-24 16:57 INFO     for label 0 >> 0.811
09-24 16:57 INFO     for label 1 >> 0.891
09-24 16:57 INFO     for label 2 >> 0.698
09-24 16:57 INFO     for label 3 >> 0.593
09-24 16:57 INFO     for label 4 >> 0.753
09-24 16:57 INFO     for label 5 >> 0.767
09-24 16:57 INFO     for label 6 >> 0.854
09-24 16:57 INFO     for label 7 >> 0.843
09-24 16:57 INFO     for label 8 >> 0.902
09-24 16:57 INFO     for label 9 >> 0.822
09-24 16:57 INFO     >>>>> Epoch [98]: Global model loss: 0.009639461451768874 acc: 0.7959
09-24 16:58 INFO     Scores per target value
09-24 16:58 INFO     for label 0 >> 0.825
09-24 16:58 INFO     for label 1 >> 0.869
09-24 16:58 INFO     for label 2 >> 0.716
09-24 16:58 INFO     for label 3 >> 0.591
09-24 16:58 INFO     for label 4 >> 0.776
09-24 16:58 INFO     for label 5 >> 0.736
09-24 16:58 INFO     for label 6 >> 0.85
09-24 16:58 INFO     for label 7 >> 0.848
09-24 16:58 INFO     for label 8 >> 0.888
09-24 16:58 INFO     for label 9 >> 0.86
09-24 16:58 INFO     >>>>> Epoch [99]: Global model loss: 0.00963064598441124 acc: 0.7963
09-24 16:59 INFO     Scores per target value
09-24 16:59 INFO     for label 0 >> 0.822
09-24 16:59 INFO     for label 1 >> 0.875
09-24 16:59 INFO     for label 2 >> 0.688
09-24 16:59 INFO     for label 3 >> 0.602
09-24 16:59 INFO     for label 4 >> 0.786
09-24 16:59 INFO     for label 5 >> 0.713
09-24 16:59 INFO     for label 6 >> 0.872
09-24 16:59 INFO     for label 7 >> 0.841
09-24 16:59 INFO     for label 8 >> 0.908
09-24 16:59 INFO     for label 9 >> 0.856
