09-24 17:15 INFO     cuda
09-24 17:15 INFO     {'dataset_type': 'cifar10', 'model_name': 'resnet18', 'num_clients': 10, 'batch_size': 64, 'training_lr': 0.05, 'decay_rate': 0.993, 'min_lr': 0.005, 'epoch': 100, 'local_epoch': 1, 'momentum': -1, 'weight_decay': 0.0, 'data_path': './data', 'device': 'cuda', 'partition_method': 'iid', 'partition_target': 'label', 'alpha': 4.0, 'num_shards_per_partition': 2, 'shard_size': 500, 'script': 'FL ONLY'}
09-24 17:15 INFO     ####################################################################################################
09-24 17:16 INFO     Partitioning Data
09-24 17:16 INFO                   airplane  automobile  bird  cat  ...  frog  horse  ship  truck
Partition ID                                   ...                          
0                  490         487   463  447  ...   526    539   502    516
1                  521         482   544  511  ...   484    467   487    499
2                  514         474   517  507  ...   499    522   480    499
3                  506         507   476  489  ...   544    471   510    500
4                  486         535   476  545  ...   500    510   480    515
5                  466         498   524  507  ...   476    489   508    514
6                  486         501   518  519  ...   483    510   499    467
7                  503         513   474  513  ...   479    490   492    519
8                  525         508   506  477  ...   481    506   525    482
9                  503         495   502  485  ...   528    496   517    489

[10 rows x 10 columns]
09-24 17:16 INFO     >>>>> Epoch [0]: Global model loss: 0.03561937608718872 acc: 0.1478
09-24 17:17 INFO     Scores per target value
09-24 17:17 INFO     for label 0 >> 0.0
09-24 17:17 INFO     for label 1 >> 0.0
09-24 17:17 INFO     for label 2 >> 0.0
09-24 17:17 INFO     for label 3 >> 0.796
09-24 17:17 INFO     for label 4 >> 0.335
09-24 17:17 INFO     for label 5 >> 0.006
09-24 17:17 INFO     for label 6 >> 0.003
09-24 17:17 INFO     for label 7 >> 0.212
09-24 17:17 INFO     for label 8 >> 0.126
09-24 17:17 INFO     for label 9 >> 0.0
09-24 17:17 INFO     >>>>> Epoch [1]: Global model loss: 0.0316346200466156 acc: 0.2835
09-24 17:17 INFO     Scores per target value
09-24 17:17 INFO     for label 0 >> 0.454
09-24 17:17 INFO     for label 1 >> 0.171
09-24 17:17 INFO     for label 2 >> 0.156
09-24 17:17 INFO     for label 3 >> 0.048
09-24 17:17 INFO     for label 4 >> 0.691
09-24 17:17 INFO     for label 5 >> 0.319
09-24 17:17 INFO     for label 6 >> 0.396
09-24 17:17 INFO     for label 7 >> 0.302
09-24 17:17 INFO     for label 8 >> 0.275
09-24 17:17 INFO     for label 9 >> 0.023
09-24 17:18 INFO     >>>>> Epoch [2]: Global model loss: 0.02642697443962097 acc: 0.3804
09-24 17:18 INFO     Scores per target value
09-24 17:18 INFO     for label 0 >> 0.278
09-24 17:18 INFO     for label 1 >> 0.308
09-24 17:18 INFO     for label 2 >> 0.004
09-24 17:18 INFO     for label 3 >> 0.111
09-24 17:18 INFO     for label 4 >> 0.679
09-24 17:18 INFO     for label 5 >> 0.611
09-24 17:18 INFO     for label 6 >> 0.431
09-24 17:18 INFO     for label 7 >> 0.373
09-24 17:18 INFO     for label 8 >> 0.708
09-24 17:18 INFO     for label 9 >> 0.301
09-24 17:19 INFO     >>>>> Epoch [3]: Global model loss: 0.025004814076423645 acc: 0.4
09-24 17:19 INFO     Scores per target value
09-24 17:19 INFO     for label 0 >> 0.162
09-24 17:19 INFO     for label 1 >> 0.355
09-24 17:19 INFO     for label 2 >> 0.084
09-24 17:19 INFO     for label 3 >> 0.161
09-24 17:19 INFO     for label 4 >> 0.52
09-24 17:19 INFO     for label 5 >> 0.635
09-24 17:19 INFO     for label 6 >> 0.6
09-24 17:19 INFO     for label 7 >> 0.424
09-24 17:19 INFO     for label 8 >> 0.844
09-24 17:19 INFO     for label 9 >> 0.215
09-24 17:20 INFO     >>>>> Epoch [4]: Global model loss: 0.02395488704442978 acc: 0.445
09-24 17:20 INFO     Scores per target value
09-24 17:20 INFO     for label 0 >> 0.256
09-24 17:20 INFO     for label 1 >> 0.388
09-24 17:20 INFO     for label 2 >> 0.143
09-24 17:20 INFO     for label 3 >> 0.239
09-24 17:20 INFO     for label 4 >> 0.47
09-24 17:20 INFO     for label 5 >> 0.664
09-24 17:20 INFO     for label 6 >> 0.586
09-24 17:20 INFO     for label 7 >> 0.554
09-24 17:20 INFO     for label 8 >> 0.786
09-24 17:20 INFO     for label 9 >> 0.364
09-24 17:21 INFO     >>>>> Epoch [5]: Global model loss: 0.02230750730037689 acc: 0.483
09-24 17:21 INFO     Scores per target value
09-24 17:21 INFO     for label 0 >> 0.431
09-24 17:21 INFO     for label 1 >> 0.471
09-24 17:21 INFO     for label 2 >> 0.158
09-24 17:21 INFO     for label 3 >> 0.291
09-24 17:21 INFO     for label 4 >> 0.505
09-24 17:21 INFO     for label 5 >> 0.597
09-24 17:21 INFO     for label 6 >> 0.692
09-24 17:21 INFO     for label 7 >> 0.524
09-24 17:21 INFO     for label 8 >> 0.768
09-24 17:21 INFO     for label 9 >> 0.393
09-24 17:22 INFO     >>>>> Epoch [6]: Global model loss: 0.022006766617298126 acc: 0.4945
09-24 17:22 INFO     Scores per target value
09-24 17:22 INFO     for label 0 >> 0.535
09-24 17:22 INFO     for label 1 >> 0.481
09-24 17:22 INFO     for label 2 >> 0.206
09-24 17:22 INFO     for label 3 >> 0.251
09-24 17:22 INFO     for label 4 >> 0.464
09-24 17:22 INFO     for label 5 >> 0.644
09-24 17:22 INFO     for label 6 >> 0.722
09-24 17:22 INFO     for label 7 >> 0.543
09-24 17:22 INFO     for label 8 >> 0.704
09-24 17:22 INFO     for label 9 >> 0.395
09-24 17:23 INFO     >>>>> Epoch [7]: Global model loss: 0.020431586402654647 acc: 0.523
09-24 17:23 INFO     Scores per target value
09-24 17:23 INFO     for label 0 >> 0.551
09-24 17:23 INFO     for label 1 >> 0.528
09-24 17:23 INFO     for label 2 >> 0.235
09-24 17:23 INFO     for label 3 >> 0.291
09-24 17:23 INFO     for label 4 >> 0.504
09-24 17:23 INFO     for label 5 >> 0.638
09-24 17:23 INFO     for label 6 >> 0.651
09-24 17:23 INFO     for label 7 >> 0.611
09-24 17:23 INFO     for label 8 >> 0.764
09-24 17:23 INFO     for label 9 >> 0.457
09-24 17:24 INFO     >>>>> Epoch [8]: Global model loss: 0.020765195190906523 acc: 0.5223
09-24 17:24 INFO     Scores per target value
09-24 17:24 INFO     for label 0 >> 0.53
09-24 17:24 INFO     for label 1 >> 0.521
09-24 17:24 INFO     for label 2 >> 0.249
09-24 17:24 INFO     for label 3 >> 0.333
09-24 17:24 INFO     for label 4 >> 0.543
09-24 17:24 INFO     for label 5 >> 0.566
09-24 17:24 INFO     for label 6 >> 0.733
09-24 17:24 INFO     for label 7 >> 0.566
09-24 17:24 INFO     for label 8 >> 0.841
09-24 17:24 INFO     for label 9 >> 0.341
09-24 17:25 INFO     >>>>> Epoch [9]: Global model loss: 0.019593047869205474 acc: 0.5418
09-24 17:25 INFO     Scores per target value
09-24 17:25 INFO     for label 0 >> 0.497
09-24 17:25 INFO     for label 1 >> 0.558
09-24 17:25 INFO     for label 2 >> 0.269
09-24 17:25 INFO     for label 3 >> 0.336
09-24 17:25 INFO     for label 4 >> 0.508
09-24 17:25 INFO     for label 5 >> 0.658
09-24 17:25 INFO     for label 6 >> 0.679
09-24 17:25 INFO     for label 7 >> 0.625
09-24 17:25 INFO     for label 8 >> 0.783
09-24 17:25 INFO     for label 9 >> 0.505
09-24 17:26 INFO     >>>>> Epoch [10]: Global model loss: 0.019152532005310058 acc: 0.5615
09-24 17:26 INFO     Scores per target value
09-24 17:26 INFO     for label 0 >> 0.555
09-24 17:26 INFO     for label 1 >> 0.606
09-24 17:26 INFO     for label 2 >> 0.25
09-24 17:26 INFO     for label 3 >> 0.35
09-24 17:26 INFO     for label 4 >> 0.503
09-24 17:26 INFO     for label 5 >> 0.662
09-24 17:26 INFO     for label 6 >> 0.739
09-24 17:26 INFO     for label 7 >> 0.638
09-24 17:26 INFO     for label 8 >> 0.787
09-24 17:26 INFO     for label 9 >> 0.525
09-24 17:26 INFO     >>>>> Epoch [11]: Global model loss: 0.018071822106838227 acc: 0.5808
09-24 17:27 INFO     Scores per target value
09-24 17:27 INFO     for label 0 >> 0.541
09-24 17:27 INFO     for label 1 >> 0.683
09-24 17:27 INFO     for label 2 >> 0.332
09-24 17:27 INFO     for label 3 >> 0.394
09-24 17:27 INFO     for label 4 >> 0.51
09-24 17:27 INFO     for label 5 >> 0.638
09-24 17:27 INFO     for label 6 >> 0.715
09-24 17:27 INFO     for label 7 >> 0.646
09-24 17:27 INFO     for label 8 >> 0.806
09-24 17:27 INFO     for label 9 >> 0.543
09-24 17:27 INFO     >>>>> Epoch [12]: Global model loss: 0.018478259700536726 acc: 0.5875
09-24 17:28 INFO     Scores per target value
09-24 17:28 INFO     for label 0 >> 0.644
09-24 17:28 INFO     for label 1 >> 0.668
09-24 17:28 INFO     for label 2 >> 0.379
09-24 17:28 INFO     for label 3 >> 0.309
09-24 17:28 INFO     for label 4 >> 0.494
09-24 17:28 INFO     for label 5 >> 0.652
09-24 17:28 INFO     for label 6 >> 0.759
09-24 17:28 INFO     for label 7 >> 0.647
09-24 17:28 INFO     for label 8 >> 0.777
09-24 17:28 INFO     for label 9 >> 0.546
09-24 17:28 INFO     >>>>> Epoch [13]: Global model loss: 0.01753938809633255 acc: 0.6014
09-24 17:29 INFO     Scores per target value
09-24 17:29 INFO     for label 0 >> 0.578
09-24 17:29 INFO     for label 1 >> 0.672
09-24 17:29 INFO     for label 2 >> 0.329
09-24 17:29 INFO     for label 3 >> 0.355
09-24 17:29 INFO     for label 4 >> 0.556
09-24 17:29 INFO     for label 5 >> 0.674
09-24 17:29 INFO     for label 6 >> 0.751
09-24 17:29 INFO     for label 7 >> 0.632
09-24 17:29 INFO     for label 8 >> 0.846
09-24 17:29 INFO     for label 9 >> 0.621
09-24 17:29 INFO     >>>>> Epoch [14]: Global model loss: 0.01666211361885071 acc: 0.6186
09-24 17:29 INFO     Scores per target value
09-24 17:29 INFO     for label 0 >> 0.649
09-24 17:29 INFO     for label 1 >> 0.698
09-24 17:29 INFO     for label 2 >> 0.388
09-24 17:29 INFO     for label 3 >> 0.468
09-24 17:29 INFO     for label 4 >> 0.562
09-24 17:29 INFO     for label 5 >> 0.634
09-24 17:29 INFO     for label 6 >> 0.677
09-24 17:29 INFO     for label 7 >> 0.677
09-24 17:29 INFO     for label 8 >> 0.808
09-24 17:29 INFO     for label 9 >> 0.625
09-24 17:30 INFO     >>>>> Epoch [15]: Global model loss: 0.01664705244898796 acc: 0.6214
09-24 17:30 INFO     Scores per target value
09-24 17:30 INFO     for label 0 >> 0.633
09-24 17:30 INFO     for label 1 >> 0.705
09-24 17:30 INFO     for label 2 >> 0.391
09-24 17:30 INFO     for label 3 >> 0.41
09-24 17:30 INFO     for label 4 >> 0.559
09-24 17:30 INFO     for label 5 >> 0.671
09-24 17:30 INFO     for label 6 >> 0.7
09-24 17:30 INFO     for label 7 >> 0.704
09-24 17:30 INFO     for label 8 >> 0.831
09-24 17:30 INFO     for label 9 >> 0.61
09-24 17:31 INFO     >>>>> Epoch [16]: Global model loss: 0.016263655799627304 acc: 0.6257
09-24 17:31 INFO     Scores per target value
09-24 17:31 INFO     for label 0 >> 0.603
09-24 17:31 INFO     for label 1 >> 0.637
09-24 17:31 INFO     for label 2 >> 0.467
09-24 17:31 INFO     for label 3 >> 0.384
09-24 17:31 INFO     for label 4 >> 0.56
09-24 17:31 INFO     for label 5 >> 0.649
09-24 17:31 INFO     for label 6 >> 0.782
09-24 17:31 INFO     for label 7 >> 0.672
09-24 17:31 INFO     for label 8 >> 0.88
09-24 17:31 INFO     for label 9 >> 0.623
09-24 17:32 INFO     >>>>> Epoch [17]: Global model loss: 0.015845699775218963 acc: 0.6357
09-24 17:32 INFO     Scores per target value
09-24 17:32 INFO     for label 0 >> 0.657
09-24 17:32 INFO     for label 1 >> 0.719
09-24 17:32 INFO     for label 2 >> 0.441
09-24 17:32 INFO     for label 3 >> 0.433
09-24 17:32 INFO     for label 4 >> 0.534
09-24 17:32 INFO     for label 5 >> 0.676
09-24 17:32 INFO     for label 6 >> 0.783
09-24 17:32 INFO     for label 7 >> 0.641
09-24 17:32 INFO     for label 8 >> 0.827
09-24 17:32 INFO     for label 9 >> 0.646
09-24 17:33 INFO     >>>>> Epoch [18]: Global model loss: 0.015367136818170547 acc: 0.6477
09-24 17:33 INFO     Scores per target value
09-24 17:33 INFO     for label 0 >> 0.62
09-24 17:33 INFO     for label 1 >> 0.728
09-24 17:33 INFO     for label 2 >> 0.484
09-24 17:33 INFO     for label 3 >> 0.445
09-24 17:33 INFO     for label 4 >> 0.555
09-24 17:33 INFO     for label 5 >> 0.694
09-24 17:33 INFO     for label 6 >> 0.739
09-24 17:33 INFO     for label 7 >> 0.718
09-24 17:33 INFO     for label 8 >> 0.835
09-24 17:33 INFO     for label 9 >> 0.659
09-24 17:34 INFO     >>>>> Epoch [19]: Global model loss: 0.015317978304624558 acc: 0.6508
09-24 17:34 INFO     Scores per target value
09-24 17:34 INFO     for label 0 >> 0.689
09-24 17:34 INFO     for label 1 >> 0.744
09-24 17:34 INFO     for label 2 >> 0.47
09-24 17:34 INFO     for label 3 >> 0.474
09-24 17:34 INFO     for label 4 >> 0.554
09-24 17:34 INFO     for label 5 >> 0.667
09-24 17:34 INFO     for label 6 >> 0.779
09-24 17:34 INFO     for label 7 >> 0.658
09-24 17:34 INFO     for label 8 >> 0.822
09-24 17:34 INFO     for label 9 >> 0.651
09-24 17:35 INFO     >>>>> Epoch [20]: Global model loss: 0.015098944860696793 acc: 0.6596
09-24 17:35 INFO     Scores per target value
09-24 17:35 INFO     for label 0 >> 0.649
09-24 17:35 INFO     for label 1 >> 0.747
09-24 17:35 INFO     for label 2 >> 0.528
09-24 17:35 INFO     for label 3 >> 0.38
09-24 17:35 INFO     for label 4 >> 0.538
09-24 17:35 INFO     for label 5 >> 0.688
09-24 17:35 INFO     for label 6 >> 0.815
09-24 17:35 INFO     for label 7 >> 0.681
09-24 17:35 INFO     for label 8 >> 0.88
09-24 17:35 INFO     for label 9 >> 0.69
09-24 17:36 INFO     >>>>> Epoch [21]: Global model loss: 0.014524991971254349 acc: 0.6746
09-24 17:36 INFO     Scores per target value
09-24 17:36 INFO     for label 0 >> 0.723
09-24 17:36 INFO     for label 1 >> 0.76
09-24 17:36 INFO     for label 2 >> 0.531
09-24 17:36 INFO     for label 3 >> 0.436
09-24 17:36 INFO     for label 4 >> 0.596
09-24 17:36 INFO     for label 5 >> 0.658
09-24 17:36 INFO     for label 6 >> 0.821
09-24 17:36 INFO     for label 7 >> 0.697
09-24 17:36 INFO     for label 8 >> 0.827
09-24 17:36 INFO     for label 9 >> 0.697
09-24 17:37 INFO     >>>>> Epoch [22]: Global model loss: 0.014404671108722686 acc: 0.67
09-24 17:37 INFO     Scores per target value
09-24 17:37 INFO     for label 0 >> 0.675
09-24 17:37 INFO     for label 1 >> 0.752
09-24 17:37 INFO     for label 2 >> 0.49
09-24 17:37 INFO     for label 3 >> 0.443
09-24 17:37 INFO     for label 4 >> 0.574
09-24 17:37 INFO     for label 5 >> 0.69
09-24 17:37 INFO     for label 6 >> 0.813
09-24 17:37 INFO     for label 7 >> 0.703
09-24 17:37 INFO     for label 8 >> 0.88
09-24 17:37 INFO     for label 9 >> 0.68
09-24 17:37 INFO     >>>>> Epoch [23]: Global model loss: 0.014187575501203536 acc: 0.6786
09-24 17:38 INFO     Scores per target value
09-24 17:38 INFO     for label 0 >> 0.721
09-24 17:38 INFO     for label 1 >> 0.739
09-24 17:38 INFO     for label 2 >> 0.502
09-24 17:38 INFO     for label 3 >> 0.443
09-24 17:38 INFO     for label 4 >> 0.577
09-24 17:38 INFO     for label 5 >> 0.713
09-24 17:38 INFO     for label 6 >> 0.792
09-24 17:38 INFO     for label 7 >> 0.724
09-24 17:38 INFO     for label 8 >> 0.845
09-24 17:38 INFO     for label 9 >> 0.73
09-24 17:38 INFO     >>>>> Epoch [24]: Global model loss: 0.01391688094139099 acc: 0.6849
09-24 17:39 INFO     Scores per target value
09-24 17:39 INFO     for label 0 >> 0.683
09-24 17:39 INFO     for label 1 >> 0.745
09-24 17:39 INFO     for label 2 >> 0.551
09-24 17:39 INFO     for label 3 >> 0.487
09-24 17:39 INFO     for label 4 >> 0.603
09-24 17:39 INFO     for label 5 >> 0.651
09-24 17:39 INFO     for label 6 >> 0.796
09-24 17:39 INFO     for label 7 >> 0.709
09-24 17:39 INFO     for label 8 >> 0.888
09-24 17:39 INFO     for label 9 >> 0.736
09-24 17:39 INFO     >>>>> Epoch [25]: Global model loss: 0.013642155367136002 acc: 0.6895
09-24 17:40 INFO     Scores per target value
09-24 17:40 INFO     for label 0 >> 0.71
09-24 17:40 INFO     for label 1 >> 0.832
09-24 17:40 INFO     for label 2 >> 0.531
09-24 17:40 INFO     for label 3 >> 0.515
09-24 17:40 INFO     for label 4 >> 0.6
09-24 17:40 INFO     for label 5 >> 0.665
09-24 17:40 INFO     for label 6 >> 0.789
09-24 17:40 INFO     for label 7 >> 0.699
09-24 17:40 INFO     for label 8 >> 0.855
09-24 17:40 INFO     for label 9 >> 0.699
09-24 17:40 INFO     >>>>> Epoch [26]: Global model loss: 0.013412202829122543 acc: 0.6991
09-24 17:40 INFO     Scores per target value
09-24 17:40 INFO     for label 0 >> 0.754
09-24 17:40 INFO     for label 1 >> 0.798
09-24 17:40 INFO     for label 2 >> 0.553
09-24 17:40 INFO     for label 3 >> 0.479
09-24 17:40 INFO     for label 4 >> 0.59
09-24 17:40 INFO     for label 5 >> 0.657
09-24 17:40 INFO     for label 6 >> 0.819
09-24 17:40 INFO     for label 7 >> 0.749
09-24 17:40 INFO     for label 8 >> 0.865
09-24 17:40 INFO     for label 9 >> 0.727
09-24 17:41 INFO     >>>>> Epoch [27]: Global model loss: 0.013448243069648742 acc: 0.7007
09-24 17:41 INFO     Scores per target value
09-24 17:41 INFO     for label 0 >> 0.7
09-24 17:41 INFO     for label 1 >> 0.809
09-24 17:41 INFO     for label 2 >> 0.59
09-24 17:41 INFO     for label 3 >> 0.471
09-24 17:41 INFO     for label 4 >> 0.645
09-24 17:41 INFO     for label 5 >> 0.696
09-24 17:41 INFO     for label 6 >> 0.77
09-24 17:41 INFO     for label 7 >> 0.745
09-24 17:41 INFO     for label 8 >> 0.889
09-24 17:41 INFO     for label 9 >> 0.692
09-24 17:42 INFO     >>>>> Epoch [28]: Global model loss: 0.01329646344780922 acc: 0.7003
09-24 17:42 INFO     Scores per target value
09-24 17:42 INFO     for label 0 >> 0.735
09-24 17:42 INFO     for label 1 >> 0.765
09-24 17:42 INFO     for label 2 >> 0.528
09-24 17:42 INFO     for label 3 >> 0.484
09-24 17:42 INFO     for label 4 >> 0.642
09-24 17:42 INFO     for label 5 >> 0.684
09-24 17:42 INFO     for label 6 >> 0.81
09-24 17:42 INFO     for label 7 >> 0.733
09-24 17:42 INFO     for label 8 >> 0.884
09-24 17:42 INFO     for label 9 >> 0.738
09-24 17:43 INFO     >>>>> Epoch [29]: Global model loss: 0.01303376002907753 acc: 0.7081
09-24 17:43 INFO     Scores per target value
09-24 17:43 INFO     for label 0 >> 0.711
09-24 17:43 INFO     for label 1 >> 0.825
09-24 17:43 INFO     for label 2 >> 0.577
09-24 17:43 INFO     for label 3 >> 0.501
09-24 17:43 INFO     for label 4 >> 0.65
09-24 17:43 INFO     for label 5 >> 0.67
09-24 17:43 INFO     for label 6 >> 0.814
09-24 17:43 INFO     for label 7 >> 0.756
09-24 17:43 INFO     for label 8 >> 0.859
09-24 17:43 INFO     for label 9 >> 0.718
09-24 17:44 INFO     >>>>> Epoch [30]: Global model loss: 0.012947522419691085 acc: 0.7162
09-24 17:44 INFO     Scores per target value
09-24 17:44 INFO     for label 0 >> 0.738
09-24 17:44 INFO     for label 1 >> 0.806
09-24 17:44 INFO     for label 2 >> 0.58
09-24 17:44 INFO     for label 3 >> 0.525
09-24 17:44 INFO     for label 4 >> 0.656
09-24 17:44 INFO     for label 5 >> 0.67
09-24 17:44 INFO     for label 6 >> 0.821
09-24 17:44 INFO     for label 7 >> 0.73
09-24 17:44 INFO     for label 8 >> 0.903
09-24 17:44 INFO     for label 9 >> 0.733
09-24 17:45 INFO     >>>>> Epoch [31]: Global model loss: 0.012770752295851708 acc: 0.7156
09-24 17:45 INFO     Scores per target value
09-24 17:45 INFO     for label 0 >> 0.781
09-24 17:45 INFO     for label 1 >> 0.801
09-24 17:45 INFO     for label 2 >> 0.546
09-24 17:45 INFO     for label 3 >> 0.491
09-24 17:45 INFO     for label 4 >> 0.632
09-24 17:45 INFO     for label 5 >> 0.701
09-24 17:45 INFO     for label 6 >> 0.831
09-24 17:45 INFO     for label 7 >> 0.77
09-24 17:45 INFO     for label 8 >> 0.865
09-24 17:45 INFO     for label 9 >> 0.738
09-24 17:46 INFO     >>>>> Epoch [32]: Global model loss: 0.012635715955495834 acc: 0.722
09-24 17:46 INFO     Scores per target value
09-24 17:46 INFO     for label 0 >> 0.717
09-24 17:46 INFO     for label 1 >> 0.83
09-24 17:46 INFO     for label 2 >> 0.575
09-24 17:46 INFO     for label 3 >> 0.483
09-24 17:46 INFO     for label 4 >> 0.673
09-24 17:46 INFO     for label 5 >> 0.677
09-24 17:46 INFO     for label 6 >> 0.858
09-24 17:46 INFO     for label 7 >> 0.751
09-24 17:46 INFO     for label 8 >> 0.904
09-24 17:46 INFO     for label 9 >> 0.752
09-24 17:47 INFO     >>>>> Epoch [33]: Global model loss: 0.012422166901826858 acc: 0.7233
09-24 17:47 INFO     Scores per target value
09-24 17:47 INFO     for label 0 >> 0.792
09-24 17:47 INFO     for label 1 >> 0.837
09-24 17:47 INFO     for label 2 >> 0.574
09-24 17:47 INFO     for label 3 >> 0.568
09-24 17:47 INFO     for label 4 >> 0.633
09-24 17:47 INFO     for label 5 >> 0.668
09-24 17:47 INFO     for label 6 >> 0.821
09-24 17:47 INFO     for label 7 >> 0.738
09-24 17:47 INFO     for label 8 >> 0.869
09-24 17:47 INFO     for label 9 >> 0.733
09-24 17:48 INFO     >>>>> Epoch [34]: Global model loss: 0.012268701353669167 acc: 0.7289
09-24 17:48 INFO     Scores per target value
09-24 17:48 INFO     for label 0 >> 0.764
09-24 17:48 INFO     for label 1 >> 0.847
09-24 17:48 INFO     for label 2 >> 0.593
09-24 17:48 INFO     for label 3 >> 0.54
09-24 17:48 INFO     for label 4 >> 0.66
09-24 17:48 INFO     for label 5 >> 0.645
09-24 17:48 INFO     for label 6 >> 0.852
09-24 17:48 INFO     for label 7 >> 0.754
09-24 17:48 INFO     for label 8 >> 0.888
09-24 17:48 INFO     for label 9 >> 0.746
09-24 17:48 INFO     >>>>> Epoch [35]: Global model loss: 0.01219855903685093 acc: 0.7339
09-24 17:49 INFO     Scores per target value
09-24 17:49 INFO     for label 0 >> 0.781
09-24 17:49 INFO     for label 1 >> 0.867
09-24 17:49 INFO     for label 2 >> 0.586
09-24 17:49 INFO     for label 3 >> 0.53
09-24 17:49 INFO     for label 4 >> 0.672
09-24 17:49 INFO     for label 5 >> 0.657
09-24 17:49 INFO     for label 6 >> 0.874
09-24 17:49 INFO     for label 7 >> 0.748
09-24 17:49 INFO     for label 8 >> 0.876
09-24 17:49 INFO     for label 9 >> 0.748
09-24 17:49 INFO     >>>>> Epoch [36]: Global model loss: 0.012040896821022034 acc: 0.7328
09-24 17:50 INFO     Scores per target value
09-24 17:50 INFO     for label 0 >> 0.765
09-24 17:50 INFO     for label 1 >> 0.819
09-24 17:50 INFO     for label 2 >> 0.601
09-24 17:50 INFO     for label 3 >> 0.506
09-24 17:50 INFO     for label 4 >> 0.661
09-24 17:50 INFO     for label 5 >> 0.696
09-24 17:50 INFO     for label 6 >> 0.847
09-24 17:50 INFO     for label 7 >> 0.783
09-24 17:50 INFO     for label 8 >> 0.882
09-24 17:50 INFO     for label 9 >> 0.768
09-24 17:50 INFO     >>>>> Epoch [37]: Global model loss: 0.011920698565244674 acc: 0.7331
09-24 17:51 INFO     Scores per target value
09-24 17:51 INFO     for label 0 >> 0.757
09-24 17:51 INFO     for label 1 >> 0.863
09-24 17:51 INFO     for label 2 >> 0.57
09-24 17:51 INFO     for label 3 >> 0.528
09-24 17:51 INFO     for label 4 >> 0.684
09-24 17:51 INFO     for label 5 >> 0.673
09-24 17:51 INFO     for label 6 >> 0.853
09-24 17:51 INFO     for label 7 >> 0.745
09-24 17:51 INFO     for label 8 >> 0.909
09-24 17:51 INFO     for label 9 >> 0.749
09-24 17:51 INFO     >>>>> Epoch [38]: Global model loss: 0.011874883165955544 acc: 0.7373
09-24 17:51 INFO     Scores per target value
09-24 17:51 INFO     for label 0 >> 0.791
09-24 17:51 INFO     for label 1 >> 0.843
09-24 17:51 INFO     for label 2 >> 0.592
09-24 17:51 INFO     for label 3 >> 0.525
09-24 17:51 INFO     for label 4 >> 0.648
09-24 17:51 INFO     for label 5 >> 0.675
09-24 17:51 INFO     for label 6 >> 0.859
09-24 17:51 INFO     for label 7 >> 0.777
09-24 17:51 INFO     for label 8 >> 0.889
09-24 17:51 INFO     for label 9 >> 0.774
09-24 17:52 INFO     >>>>> Epoch [39]: Global model loss: 0.01180003035068512 acc: 0.736
09-24 17:52 INFO     Scores per target value
09-24 17:52 INFO     for label 0 >> 0.755
09-24 17:52 INFO     for label 1 >> 0.86
09-24 17:52 INFO     for label 2 >> 0.652
09-24 17:52 INFO     for label 3 >> 0.53
09-24 17:52 INFO     for label 4 >> 0.644
09-24 17:52 INFO     for label 5 >> 0.67
09-24 17:52 INFO     for label 6 >> 0.842
09-24 17:52 INFO     for label 7 >> 0.762
09-24 17:52 INFO     for label 8 >> 0.901
09-24 17:52 INFO     for label 9 >> 0.744
09-24 17:53 INFO     >>>>> Epoch [40]: Global model loss: 0.011874659126996994 acc: 0.7365
09-24 17:53 INFO     Scores per target value
09-24 17:53 INFO     for label 0 >> 0.741
09-24 17:53 INFO     for label 1 >> 0.845
09-24 17:53 INFO     for label 2 >> 0.631
09-24 17:53 INFO     for label 3 >> 0.518
09-24 17:53 INFO     for label 4 >> 0.677
09-24 17:53 INFO     for label 5 >> 0.702
09-24 17:53 INFO     for label 6 >> 0.854
09-24 17:53 INFO     for label 7 >> 0.739
09-24 17:53 INFO     for label 8 >> 0.902
09-24 17:53 INFO     for label 9 >> 0.756
09-24 17:54 INFO     >>>>> Epoch [41]: Global model loss: 0.011597073024511337 acc: 0.743
09-24 17:54 INFO     Scores per target value
09-24 17:54 INFO     for label 0 >> 0.772
09-24 17:54 INFO     for label 1 >> 0.834
09-24 17:54 INFO     for label 2 >> 0.643
09-24 17:54 INFO     for label 3 >> 0.528
09-24 17:54 INFO     for label 4 >> 0.636
09-24 17:54 INFO     for label 5 >> 0.708
09-24 17:54 INFO     for label 6 >> 0.835
09-24 17:54 INFO     for label 7 >> 0.781
09-24 17:54 INFO     for label 8 >> 0.889
09-24 17:54 INFO     for label 9 >> 0.804
09-24 17:55 INFO     >>>>> Epoch [42]: Global model loss: 0.011494035750627518 acc: 0.7434
09-24 17:55 INFO     Scores per target value
09-24 17:55 INFO     for label 0 >> 0.8
09-24 17:55 INFO     for label 1 >> 0.867
09-24 17:55 INFO     for label 2 >> 0.579
09-24 17:55 INFO     for label 3 >> 0.568
09-24 17:55 INFO     for label 4 >> 0.681
09-24 17:55 INFO     for label 5 >> 0.69
09-24 17:55 INFO     for label 6 >> 0.846
09-24 17:55 INFO     for label 7 >> 0.769
09-24 17:55 INFO     for label 8 >> 0.884
09-24 17:55 INFO     for label 9 >> 0.75
09-24 17:56 INFO     >>>>> Epoch [43]: Global model loss: 0.01134814438521862 acc: 0.7437
09-24 17:56 INFO     Scores per target value
09-24 17:56 INFO     for label 0 >> 0.799
09-24 17:56 INFO     for label 1 >> 0.86
09-24 17:56 INFO     for label 2 >> 0.566
09-24 17:56 INFO     for label 3 >> 0.534
09-24 17:56 INFO     for label 4 >> 0.669
09-24 17:56 INFO     for label 5 >> 0.708
09-24 17:56 INFO     for label 6 >> 0.864
09-24 17:56 INFO     for label 7 >> 0.79
09-24 17:56 INFO     for label 8 >> 0.882
09-24 17:56 INFO     for label 9 >> 0.765
09-24 17:57 INFO     >>>>> Epoch [44]: Global model loss: 0.011321185109019279 acc: 0.7482
09-24 17:57 INFO     Scores per target value
09-24 17:57 INFO     for label 0 >> 0.789
09-24 17:57 INFO     for label 1 >> 0.874
09-24 17:57 INFO     for label 2 >> 0.617
09-24 17:57 INFO     for label 3 >> 0.579
09-24 17:57 INFO     for label 4 >> 0.689
09-24 17:57 INFO     for label 5 >> 0.682
09-24 17:57 INFO     for label 6 >> 0.862
09-24 17:57 INFO     for label 7 >> 0.737
09-24 17:57 INFO     for label 8 >> 0.887
09-24 17:57 INFO     for label 9 >> 0.766
09-24 17:58 INFO     >>>>> Epoch [45]: Global model loss: 0.011202326136827468 acc: 0.7513
09-24 17:58 INFO     Scores per target value
09-24 17:58 INFO     for label 0 >> 0.781
09-24 17:58 INFO     for label 1 >> 0.862
09-24 17:58 INFO     for label 2 >> 0.58
09-24 17:58 INFO     for label 3 >> 0.53
09-24 17:58 INFO     for label 4 >> 0.675
09-24 17:58 INFO     for label 5 >> 0.717
09-24 17:58 INFO     for label 6 >> 0.874
09-24 17:58 INFO     for label 7 >> 0.789
09-24 17:58 INFO     for label 8 >> 0.904
09-24 17:58 INFO     for label 9 >> 0.801
09-24 17:59 INFO     >>>>> Epoch [46]: Global model loss: 0.011124319043755531 acc: 0.7531
09-24 17:59 INFO     Scores per target value
09-24 17:59 INFO     for label 0 >> 0.797
09-24 17:59 INFO     for label 1 >> 0.872
09-24 17:59 INFO     for label 2 >> 0.591
09-24 17:59 INFO     for label 3 >> 0.537
09-24 17:59 INFO     for label 4 >> 0.687
09-24 17:59 INFO     for label 5 >> 0.697
09-24 17:59 INFO     for label 6 >> 0.875
09-24 17:59 INFO     for label 7 >> 0.791
09-24 17:59 INFO     for label 8 >> 0.905
09-24 17:59 INFO     for label 9 >> 0.779
09-24 17:59 INFO     >>>>> Epoch [47]: Global model loss: 0.010963792410492897 acc: 0.7554
09-24 18:00 INFO     Scores per target value
09-24 18:00 INFO     for label 0 >> 0.796
09-24 18:00 INFO     for label 1 >> 0.876
09-24 18:00 INFO     for label 2 >> 0.62
09-24 18:00 INFO     for label 3 >> 0.568
09-24 18:00 INFO     for label 4 >> 0.666
09-24 18:00 INFO     for label 5 >> 0.701
09-24 18:00 INFO     for label 6 >> 0.851
09-24 18:00 INFO     for label 7 >> 0.787
09-24 18:00 INFO     for label 8 >> 0.885
09-24 18:00 INFO     for label 9 >> 0.804
09-24 18:00 INFO     >>>>> Epoch [48]: Global model loss: 0.011071401950716972 acc: 0.7551
09-24 18:01 INFO     Scores per target value
09-24 18:01 INFO     for label 0 >> 0.799
09-24 18:01 INFO     for label 1 >> 0.865
09-24 18:01 INFO     for label 2 >> 0.604
09-24 18:01 INFO     for label 3 >> 0.548
09-24 18:01 INFO     for label 4 >> 0.693
09-24 18:01 INFO     for label 5 >> 0.718
09-24 18:01 INFO     for label 6 >> 0.869
09-24 18:01 INFO     for label 7 >> 0.789
09-24 18:01 INFO     for label 8 >> 0.904
09-24 18:01 INFO     for label 9 >> 0.762
09-24 18:01 INFO     >>>>> Epoch [49]: Global model loss: 0.01114814840555191 acc: 0.7559
09-24 18:02 INFO     Scores per target value
09-24 18:02 INFO     for label 0 >> 0.819
09-24 18:02 INFO     for label 1 >> 0.874
09-24 18:02 INFO     for label 2 >> 0.59
09-24 18:02 INFO     for label 3 >> 0.579
09-24 18:02 INFO     for label 4 >> 0.656
09-24 18:02 INFO     for label 5 >> 0.713
09-24 18:02 INFO     for label 6 >> 0.881
09-24 18:02 INFO     for label 7 >> 0.808
09-24 18:02 INFO     for label 8 >> 0.876
09-24 18:02 INFO     for label 9 >> 0.763
09-24 18:02 INFO     >>>>> Epoch [50]: Global model loss: 0.010969452512264251 acc: 0.7611
09-24 18:02 INFO     Scores per target value
09-24 18:02 INFO     for label 0 >> 0.811
09-24 18:02 INFO     for label 1 >> 0.876
09-24 18:02 INFO     for label 2 >> 0.657
09-24 18:02 INFO     for label 3 >> 0.57
09-24 18:02 INFO     for label 4 >> 0.687
09-24 18:02 INFO     for label 5 >> 0.673
09-24 18:02 INFO     for label 6 >> 0.873
09-24 18:02 INFO     for label 7 >> 0.779
09-24 18:02 INFO     for label 8 >> 0.898
09-24 18:02 INFO     for label 9 >> 0.787
09-24 18:03 INFO     >>>>> Epoch [51]: Global model loss: 0.010739914384484291 acc: 0.7612
09-24 18:03 INFO     Scores per target value
09-24 18:03 INFO     for label 0 >> 0.828
09-24 18:03 INFO     for label 1 >> 0.887
09-24 18:03 INFO     for label 2 >> 0.601
09-24 18:03 INFO     for label 3 >> 0.624
09-24 18:03 INFO     for label 4 >> 0.712
09-24 18:03 INFO     for label 5 >> 0.67
09-24 18:03 INFO     for label 6 >> 0.878
09-24 18:03 INFO     for label 7 >> 0.767
09-24 18:03 INFO     for label 8 >> 0.873
09-24 18:03 INFO     for label 9 >> 0.772
09-24 18:04 INFO     >>>>> Epoch [52]: Global model loss: 0.010694175407290459 acc: 0.7642
09-24 18:04 INFO     Scores per target value
09-24 18:04 INFO     for label 0 >> 0.824
09-24 18:04 INFO     for label 1 >> 0.875
09-24 18:04 INFO     for label 2 >> 0.629
09-24 18:04 INFO     for label 3 >> 0.565
09-24 18:04 INFO     for label 4 >> 0.718
09-24 18:04 INFO     for label 5 >> 0.687
09-24 18:04 INFO     for label 6 >> 0.874
09-24 18:04 INFO     for label 7 >> 0.798
09-24 18:04 INFO     for label 8 >> 0.876
09-24 18:04 INFO     for label 9 >> 0.796
09-24 18:05 INFO     >>>>> Epoch [53]: Global model loss: 0.010694373574852943 acc: 0.7642
09-24 18:05 INFO     Scores per target value
09-24 18:05 INFO     for label 0 >> 0.814
09-24 18:05 INFO     for label 1 >> 0.899
09-24 18:05 INFO     for label 2 >> 0.612
09-24 18:05 INFO     for label 3 >> 0.554
09-24 18:05 INFO     for label 4 >> 0.727
09-24 18:05 INFO     for label 5 >> 0.696
09-24 18:05 INFO     for label 6 >> 0.866
09-24 18:05 INFO     for label 7 >> 0.808
09-24 18:05 INFO     for label 8 >> 0.899
09-24 18:05 INFO     for label 9 >> 0.767
09-24 18:06 INFO     >>>>> Epoch [54]: Global model loss: 0.010537195530533791 acc: 0.7679
09-24 18:06 INFO     Scores per target value
09-24 18:06 INFO     for label 0 >> 0.798
09-24 18:06 INFO     for label 1 >> 0.868
09-24 18:06 INFO     for label 2 >> 0.65
09-24 18:06 INFO     for label 3 >> 0.624
09-24 18:06 INFO     for label 4 >> 0.704
09-24 18:06 INFO     for label 5 >> 0.663
09-24 18:06 INFO     for label 6 >> 0.866
09-24 18:06 INFO     for label 7 >> 0.794
09-24 18:06 INFO     for label 8 >> 0.897
09-24 18:06 INFO     for label 9 >> 0.815
09-24 18:07 INFO     >>>>> Epoch [55]: Global model loss: 0.01066608131825924 acc: 0.7677
09-24 18:07 INFO     Scores per target value
09-24 18:07 INFO     for label 0 >> 0.826
09-24 18:07 INFO     for label 1 >> 0.872
09-24 18:07 INFO     for label 2 >> 0.645
09-24 18:07 INFO     for label 3 >> 0.59
09-24 18:07 INFO     for label 4 >> 0.713
09-24 18:07 INFO     for label 5 >> 0.695
09-24 18:07 INFO     for label 6 >> 0.855
09-24 18:07 INFO     for label 7 >> 0.788
09-24 18:07 INFO     for label 8 >> 0.905
09-24 18:07 INFO     for label 9 >> 0.788
09-24 18:08 INFO     >>>>> Epoch [56]: Global model loss: 0.010568669983744622 acc: 0.7703
09-24 18:08 INFO     Scores per target value
09-24 18:08 INFO     for label 0 >> 0.826
09-24 18:08 INFO     for label 1 >> 0.875
09-24 18:08 INFO     for label 2 >> 0.638
09-24 18:08 INFO     for label 3 >> 0.58
09-24 18:08 INFO     for label 4 >> 0.72
09-24 18:08 INFO     for label 5 >> 0.656
09-24 18:08 INFO     for label 6 >> 0.884
09-24 18:08 INFO     for label 7 >> 0.845
09-24 18:08 INFO     for label 8 >> 0.888
09-24 18:08 INFO     for label 9 >> 0.791
09-24 18:09 INFO     >>>>> Epoch [57]: Global model loss: 0.01049025812447071 acc: 0.7707
09-24 18:09 INFO     Scores per target value
09-24 18:09 INFO     for label 0 >> 0.829
09-24 18:09 INFO     for label 1 >> 0.89
09-24 18:09 INFO     for label 2 >> 0.624
09-24 18:09 INFO     for label 3 >> 0.581
09-24 18:09 INFO     for label 4 >> 0.718
09-24 18:09 INFO     for label 5 >> 0.687
09-24 18:09 INFO     for label 6 >> 0.876
09-24 18:09 INFO     for label 7 >> 0.799
09-24 18:09 INFO     for label 8 >> 0.901
09-24 18:09 INFO     for label 9 >> 0.802
09-24 18:10 INFO     >>>>> Epoch [58]: Global model loss: 0.010325631320476533 acc: 0.7752
09-24 18:10 INFO     Scores per target value
09-24 18:10 INFO     for label 0 >> 0.833
09-24 18:10 INFO     for label 1 >> 0.874
09-24 18:10 INFO     for label 2 >> 0.648
09-24 18:10 INFO     for label 3 >> 0.584
09-24 18:10 INFO     for label 4 >> 0.736
09-24 18:10 INFO     for label 5 >> 0.691
09-24 18:10 INFO     for label 6 >> 0.868
09-24 18:10 INFO     for label 7 >> 0.806
09-24 18:10 INFO     for label 8 >> 0.894
09-24 18:10 INFO     for label 9 >> 0.818
09-24 18:10 INFO     >>>>> Epoch [59]: Global model loss: 0.010370366784930229 acc: 0.7719
09-24 18:11 INFO     Scores per target value
09-24 18:11 INFO     for label 0 >> 0.806
09-24 18:11 INFO     for label 1 >> 0.857
09-24 18:11 INFO     for label 2 >> 0.605
09-24 18:11 INFO     for label 3 >> 0.617
09-24 18:11 INFO     for label 4 >> 0.728
09-24 18:11 INFO     for label 5 >> 0.676
09-24 18:11 INFO     for label 6 >> 0.877
09-24 18:11 INFO     for label 7 >> 0.816
09-24 18:11 INFO     for label 8 >> 0.919
09-24 18:11 INFO     for label 9 >> 0.818
09-24 18:11 INFO     >>>>> Epoch [60]: Global model loss: 0.01033131598830223 acc: 0.7713
09-24 18:12 INFO     Scores per target value
09-24 18:12 INFO     for label 0 >> 0.849
09-24 18:12 INFO     for label 1 >> 0.867
09-24 18:12 INFO     for label 2 >> 0.613
09-24 18:12 INFO     for label 3 >> 0.595
09-24 18:12 INFO     for label 4 >> 0.726
09-24 18:12 INFO     for label 5 >> 0.692
09-24 18:12 INFO     for label 6 >> 0.885
09-24 18:12 INFO     for label 7 >> 0.803
09-24 18:12 INFO     for label 8 >> 0.875
09-24 18:12 INFO     for label 9 >> 0.808
09-24 18:12 INFO     >>>>> Epoch [61]: Global model loss: 0.01018805288374424 acc: 0.7741
09-24 18:13 INFO     Scores per target value
09-24 18:13 INFO     for label 0 >> 0.836
09-24 18:13 INFO     for label 1 >> 0.893
09-24 18:13 INFO     for label 2 >> 0.607
09-24 18:13 INFO     for label 3 >> 0.592
09-24 18:13 INFO     for label 4 >> 0.742
09-24 18:13 INFO     for label 5 >> 0.691
09-24 18:13 INFO     for label 6 >> 0.883
09-24 18:13 INFO     for label 7 >> 0.806
09-24 18:13 INFO     for label 8 >> 0.888
09-24 18:13 INFO     for label 9 >> 0.803
09-24 18:13 INFO     >>>>> Epoch [62]: Global model loss: 0.010217390751838685 acc: 0.7747
09-24 18:13 INFO     Scores per target value
09-24 18:13 INFO     for label 0 >> 0.815
09-24 18:13 INFO     for label 1 >> 0.889
09-24 18:13 INFO     for label 2 >> 0.641
09-24 18:13 INFO     for label 3 >> 0.582
09-24 18:13 INFO     for label 4 >> 0.719
09-24 18:13 INFO     for label 5 >> 0.702
09-24 18:13 INFO     for label 6 >> 0.876
09-24 18:13 INFO     for label 7 >> 0.82
09-24 18:13 INFO     for label 8 >> 0.904
09-24 18:13 INFO     for label 9 >> 0.799
09-24 18:14 INFO     >>>>> Epoch [63]: Global model loss: 0.010364591482281684 acc: 0.7727
09-24 18:14 INFO     Scores per target value
09-24 18:14 INFO     for label 0 >> 0.827
09-24 18:14 INFO     for label 1 >> 0.882
09-24 18:14 INFO     for label 2 >> 0.639
09-24 18:14 INFO     for label 3 >> 0.618
09-24 18:14 INFO     for label 4 >> 0.716
09-24 18:14 INFO     for label 5 >> 0.684
09-24 18:14 INFO     for label 6 >> 0.855
09-24 18:14 INFO     for label 7 >> 0.812
09-24 18:14 INFO     for label 8 >> 0.905
09-24 18:14 INFO     for label 9 >> 0.789
09-24 18:15 INFO     >>>>> Epoch [64]: Global model loss: 0.010100816562771796 acc: 0.7766
09-24 18:15 INFO     Scores per target value
09-24 18:15 INFO     for label 0 >> 0.825
09-24 18:15 INFO     for label 1 >> 0.888
09-24 18:15 INFO     for label 2 >> 0.66
09-24 18:15 INFO     for label 3 >> 0.565
09-24 18:15 INFO     for label 4 >> 0.728
09-24 18:15 INFO     for label 5 >> 0.687
09-24 18:15 INFO     for label 6 >> 0.886
09-24 18:15 INFO     for label 7 >> 0.814
09-24 18:15 INFO     for label 8 >> 0.901
09-24 18:15 INFO     for label 9 >> 0.812
09-24 18:16 INFO     >>>>> Epoch [65]: Global model loss: 0.010156211024522781 acc: 0.7782
09-24 18:16 INFO     Scores per target value
09-24 18:16 INFO     for label 0 >> 0.838
09-24 18:16 INFO     for label 1 >> 0.893
09-24 18:16 INFO     for label 2 >> 0.62
09-24 18:16 INFO     for label 3 >> 0.628
09-24 18:16 INFO     for label 4 >> 0.744
09-24 18:16 INFO     for label 5 >> 0.684
09-24 18:16 INFO     for label 6 >> 0.883
09-24 18:16 INFO     for label 7 >> 0.794
09-24 18:16 INFO     for label 8 >> 0.891
09-24 18:16 INFO     for label 9 >> 0.807
09-24 18:17 INFO     >>>>> Epoch [66]: Global model loss: 0.009952832487225532 acc: 0.7798
09-24 18:17 INFO     Scores per target value
09-24 18:17 INFO     for label 0 >> 0.82
09-24 18:17 INFO     for label 1 >> 0.894
09-24 18:17 INFO     for label 2 >> 0.638
09-24 18:17 INFO     for label 3 >> 0.608
09-24 18:17 INFO     for label 4 >> 0.73
09-24 18:17 INFO     for label 5 >> 0.702
09-24 18:17 INFO     for label 6 >> 0.881
09-24 18:17 INFO     for label 7 >> 0.816
09-24 18:17 INFO     for label 8 >> 0.894
09-24 18:17 INFO     for label 9 >> 0.815
09-24 18:18 INFO     >>>>> Epoch [67]: Global model loss: 0.010129677495360374 acc: 0.7767
09-24 18:18 INFO     Scores per target value
09-24 18:18 INFO     for label 0 >> 0.826
09-24 18:18 INFO     for label 1 >> 0.877
09-24 18:18 INFO     for label 2 >> 0.663
09-24 18:18 INFO     for label 3 >> 0.589
09-24 18:18 INFO     for label 4 >> 0.734
09-24 18:18 INFO     for label 5 >> 0.71
09-24 18:18 INFO     for label 6 >> 0.883
09-24 18:18 INFO     for label 7 >> 0.78
09-24 18:18 INFO     for label 8 >> 0.906
09-24 18:18 INFO     for label 9 >> 0.799
09-24 18:19 INFO     >>>>> Epoch [68]: Global model loss: 0.009975992134213447 acc: 0.7829
09-24 18:19 INFO     Scores per target value
09-24 18:19 INFO     for label 0 >> 0.842
09-24 18:19 INFO     for label 1 >> 0.893
09-24 18:19 INFO     for label 2 >> 0.669
09-24 18:19 INFO     for label 3 >> 0.582
09-24 18:19 INFO     for label 4 >> 0.766
09-24 18:19 INFO     for label 5 >> 0.708
09-24 18:19 INFO     for label 6 >> 0.861
09-24 18:19 INFO     for label 7 >> 0.804
09-24 18:19 INFO     for label 8 >> 0.898
09-24 18:19 INFO     for label 9 >> 0.806
09-24 18:20 INFO     >>>>> Epoch [69]: Global model loss: 0.009879429331421852 acc: 0.7789
09-24 18:20 INFO     Scores per target value
09-24 18:20 INFO     for label 0 >> 0.797
09-24 18:20 INFO     for label 1 >> 0.894
09-24 18:20 INFO     for label 2 >> 0.681
09-24 18:20 INFO     for label 3 >> 0.597
09-24 18:20 INFO     for label 4 >> 0.731
09-24 18:20 INFO     for label 5 >> 0.689
09-24 18:20 INFO     for label 6 >> 0.871
09-24 18:20 INFO     for label 7 >> 0.802
09-24 18:20 INFO     for label 8 >> 0.901
09-24 18:20 INFO     for label 9 >> 0.826
09-24 18:21 INFO     >>>>> Epoch [70]: Global model loss: 0.009913692450523377 acc: 0.7812
09-24 18:21 INFO     Scores per target value
09-24 18:21 INFO     for label 0 >> 0.826
09-24 18:21 INFO     for label 1 >> 0.886
09-24 18:21 INFO     for label 2 >> 0.664
09-24 18:21 INFO     for label 3 >> 0.577
09-24 18:21 INFO     for label 4 >> 0.739
09-24 18:21 INFO     for label 5 >> 0.705
09-24 18:21 INFO     for label 6 >> 0.863
09-24 18:21 INFO     for label 7 >> 0.825
09-24 18:21 INFO     for label 8 >> 0.91
09-24 18:21 INFO     for label 9 >> 0.817
09-24 18:22 INFO     >>>>> Epoch [71]: Global model loss: 0.009846147406101227 acc: 0.7852
09-24 18:22 INFO     Scores per target value
09-24 18:22 INFO     for label 0 >> 0.858
09-24 18:22 INFO     for label 1 >> 0.91
09-24 18:22 INFO     for label 2 >> 0.648
09-24 18:22 INFO     for label 3 >> 0.559
09-24 18:22 INFO     for label 4 >> 0.757
09-24 18:22 INFO     for label 5 >> 0.718
09-24 18:22 INFO     for label 6 >> 0.878
09-24 18:22 INFO     for label 7 >> 0.82
09-24 18:22 INFO     for label 8 >> 0.899
09-24 18:22 INFO     for label 9 >> 0.805
09-24 18:22 INFO     >>>>> Epoch [72]: Global model loss: 0.009820627343654633 acc: 0.7856
09-24 18:23 INFO     Scores per target value
09-24 18:23 INFO     for label 0 >> 0.842
09-24 18:23 INFO     for label 1 >> 0.886
09-24 18:23 INFO     for label 2 >> 0.65
09-24 18:23 INFO     for label 3 >> 0.607
09-24 18:23 INFO     for label 4 >> 0.75
09-24 18:23 INFO     for label 5 >> 0.71
09-24 18:23 INFO     for label 6 >> 0.867
09-24 18:23 INFO     for label 7 >> 0.826
09-24 18:23 INFO     for label 8 >> 0.882
09-24 18:23 INFO     for label 9 >> 0.836
09-24 18:23 INFO     >>>>> Epoch [73]: Global model loss: 0.009830136734247208 acc: 0.7853
09-24 18:24 INFO     Scores per target value
09-24 18:24 INFO     for label 0 >> 0.831
09-24 18:24 INFO     for label 1 >> 0.902
09-24 18:24 INFO     for label 2 >> 0.66
09-24 18:24 INFO     for label 3 >> 0.603
09-24 18:24 INFO     for label 4 >> 0.755
09-24 18:24 INFO     for label 5 >> 0.705
09-24 18:24 INFO     for label 6 >> 0.882
09-24 18:24 INFO     for label 7 >> 0.806
09-24 18:24 INFO     for label 8 >> 0.896
09-24 18:24 INFO     for label 9 >> 0.813
09-24 18:24 INFO     >>>>> Epoch [74]: Global model loss: 0.009721872854232788 acc: 0.7865
09-24 18:25 INFO     Scores per target value
09-24 18:25 INFO     for label 0 >> 0.833
09-24 18:25 INFO     for label 1 >> 0.9
09-24 18:25 INFO     for label 2 >> 0.667
09-24 18:25 INFO     for label 3 >> 0.598
09-24 18:25 INFO     for label 4 >> 0.76
09-24 18:25 INFO     for label 5 >> 0.677
09-24 18:25 INFO     for label 6 >> 0.883
09-24 18:25 INFO     for label 7 >> 0.827
09-24 18:25 INFO     for label 8 >> 0.902
09-24 18:25 INFO     for label 9 >> 0.818
09-24 18:25 INFO     >>>>> Epoch [75]: Global model loss: 0.00973141652047634 acc: 0.7891
09-24 18:25 INFO     Scores per target value
09-24 18:25 INFO     for label 0 >> 0.831
09-24 18:25 INFO     for label 1 >> 0.912
09-24 18:25 INFO     for label 2 >> 0.685
09-24 18:25 INFO     for label 3 >> 0.585
09-24 18:25 INFO     for label 4 >> 0.752
09-24 18:25 INFO     for label 5 >> 0.703
09-24 18:25 INFO     for label 6 >> 0.887
09-24 18:25 INFO     for label 7 >> 0.823
09-24 18:25 INFO     for label 8 >> 0.882
09-24 18:25 INFO     for label 9 >> 0.831
09-24 18:26 INFO     >>>>> Epoch [76]: Global model loss: 0.009728640383481979 acc: 0.7893
09-24 18:26 INFO     Scores per target value
09-24 18:26 INFO     for label 0 >> 0.839
09-24 18:26 INFO     for label 1 >> 0.905
09-24 18:26 INFO     for label 2 >> 0.674
09-24 18:26 INFO     for label 3 >> 0.564
09-24 18:26 INFO     for label 4 >> 0.76
09-24 18:26 INFO     for label 5 >> 0.738
09-24 18:26 INFO     for label 6 >> 0.868
09-24 18:26 INFO     for label 7 >> 0.816
09-24 18:26 INFO     for label 8 >> 0.901
09-24 18:26 INFO     for label 9 >> 0.828
09-24 18:27 INFO     >>>>> Epoch [77]: Global model loss: 0.009659623205661773 acc: 0.7901
09-24 18:27 INFO     Scores per target value
09-24 18:27 INFO     for label 0 >> 0.831
09-24 18:27 INFO     for label 1 >> 0.906
09-24 18:27 INFO     for label 2 >> 0.674
09-24 18:27 INFO     for label 3 >> 0.596
09-24 18:27 INFO     for label 4 >> 0.773
09-24 18:27 INFO     for label 5 >> 0.692
09-24 18:27 INFO     for label 6 >> 0.897
09-24 18:27 INFO     for label 7 >> 0.805
09-24 18:27 INFO     for label 8 >> 0.896
09-24 18:27 INFO     for label 9 >> 0.831
09-24 18:28 INFO     >>>>> Epoch [78]: Global model loss: 0.009655517810583115 acc: 0.7891
09-24 18:28 INFO     Scores per target value
09-24 18:28 INFO     for label 0 >> 0.814
09-24 18:28 INFO     for label 1 >> 0.895
09-24 18:28 INFO     for label 2 >> 0.672
09-24 18:28 INFO     for label 3 >> 0.605
09-24 18:28 INFO     for label 4 >> 0.765
09-24 18:28 INFO     for label 5 >> 0.712
09-24 18:28 INFO     for label 6 >> 0.876
09-24 18:28 INFO     for label 7 >> 0.803
09-24 18:28 INFO     for label 8 >> 0.916
09-24 18:28 INFO     for label 9 >> 0.833
09-24 18:29 INFO     >>>>> Epoch [79]: Global model loss: 0.009634403124451638 acc: 0.7916
09-24 18:29 INFO     Scores per target value
09-24 18:29 INFO     for label 0 >> 0.836
09-24 18:29 INFO     for label 1 >> 0.896
09-24 18:29 INFO     for label 2 >> 0.674
09-24 18:29 INFO     for label 3 >> 0.621
09-24 18:29 INFO     for label 4 >> 0.772
09-24 18:29 INFO     for label 5 >> 0.708
09-24 18:29 INFO     for label 6 >> 0.875
09-24 18:29 INFO     for label 7 >> 0.805
09-24 18:29 INFO     for label 8 >> 0.902
09-24 18:29 INFO     for label 9 >> 0.827
09-24 18:30 INFO     >>>>> Epoch [80]: Global model loss: 0.0096093431442976 acc: 0.7924
09-24 18:30 INFO     Scores per target value
09-24 18:30 INFO     for label 0 >> 0.832
09-24 18:30 INFO     for label 1 >> 0.9
09-24 18:30 INFO     for label 2 >> 0.677
09-24 18:30 INFO     for label 3 >> 0.624
09-24 18:30 INFO     for label 4 >> 0.758
09-24 18:30 INFO     for label 5 >> 0.714
09-24 18:30 INFO     for label 6 >> 0.874
09-24 18:30 INFO     for label 7 >> 0.824
09-24 18:30 INFO     for label 8 >> 0.889
09-24 18:30 INFO     for label 9 >> 0.832
09-24 18:31 INFO     >>>>> Epoch [81]: Global model loss: 0.009672940638661384 acc: 0.7908
09-24 18:31 INFO     Scores per target value
09-24 18:31 INFO     for label 0 >> 0.832
09-24 18:31 INFO     for label 1 >> 0.903
09-24 18:31 INFO     for label 2 >> 0.644
09-24 18:31 INFO     for label 3 >> 0.65
09-24 18:31 INFO     for label 4 >> 0.763
09-24 18:31 INFO     for label 5 >> 0.709
09-24 18:31 INFO     for label 6 >> 0.866
09-24 18:31 INFO     for label 7 >> 0.821
09-24 18:31 INFO     for label 8 >> 0.905
09-24 18:31 INFO     for label 9 >> 0.815
09-24 18:32 INFO     >>>>> Epoch [82]: Global model loss: 0.009538090640306474 acc: 0.7933
09-24 18:32 INFO     Scores per target value
09-24 18:32 INFO     for label 0 >> 0.833
09-24 18:32 INFO     for label 1 >> 0.881
09-24 18:32 INFO     for label 2 >> 0.667
09-24 18:32 INFO     for label 3 >> 0.628
09-24 18:32 INFO     for label 4 >> 0.785
09-24 18:32 INFO     for label 5 >> 0.697
09-24 18:32 INFO     for label 6 >> 0.863
09-24 18:32 INFO     for label 7 >> 0.825
09-24 18:32 INFO     for label 8 >> 0.904
09-24 18:32 INFO     for label 9 >> 0.85
09-24 18:33 INFO     >>>>> Epoch [83]: Global model loss: 0.009618736910820007 acc: 0.7949
09-24 18:33 INFO     Scores per target value
09-24 18:33 INFO     for label 0 >> 0.837
09-24 18:33 INFO     for label 1 >> 0.898
09-24 18:33 INFO     for label 2 >> 0.682
09-24 18:33 INFO     for label 3 >> 0.623
09-24 18:33 INFO     for label 4 >> 0.783
09-24 18:33 INFO     for label 5 >> 0.72
09-24 18:33 INFO     for label 6 >> 0.88
09-24 18:33 INFO     for label 7 >> 0.794
09-24 18:33 INFO     for label 8 >> 0.902
09-24 18:33 INFO     for label 9 >> 0.83
09-24 18:33 INFO     >>>>> Epoch [84]: Global model loss: 0.009658848983049393 acc: 0.792
09-24 18:34 INFO     Scores per target value
09-24 18:34 INFO     for label 0 >> 0.843
09-24 18:34 INFO     for label 1 >> 0.896
09-24 18:34 INFO     for label 2 >> 0.709
09-24 18:34 INFO     for label 3 >> 0.618
09-24 18:34 INFO     for label 4 >> 0.741
09-24 18:34 INFO     for label 5 >> 0.702
09-24 18:34 INFO     for label 6 >> 0.875
09-24 18:34 INFO     for label 7 >> 0.813
09-24 18:34 INFO     for label 8 >> 0.919
09-24 18:34 INFO     for label 9 >> 0.804
09-24 18:34 INFO     >>>>> Epoch [85]: Global model loss: 0.009572892370820046 acc: 0.7926
09-24 18:35 INFO     Scores per target value
09-24 18:35 INFO     for label 0 >> 0.81
09-24 18:35 INFO     for label 1 >> 0.891
09-24 18:35 INFO     for label 2 >> 0.659
09-24 18:35 INFO     for label 3 >> 0.617
09-24 18:35 INFO     for label 4 >> 0.782
09-24 18:35 INFO     for label 5 >> 0.7
09-24 18:35 INFO     for label 6 >> 0.867
09-24 18:35 INFO     for label 7 >> 0.837
09-24 18:35 INFO     for label 8 >> 0.92
09-24 18:35 INFO     for label 9 >> 0.843
09-24 18:35 INFO     >>>>> Epoch [86]: Global model loss: 0.009593920463323594 acc: 0.792
09-24 18:36 INFO     Scores per target value
09-24 18:36 INFO     for label 0 >> 0.849
09-24 18:36 INFO     for label 1 >> 0.893
09-24 18:36 INFO     for label 2 >> 0.677
09-24 18:36 INFO     for label 3 >> 0.63
09-24 18:36 INFO     for label 4 >> 0.739
09-24 18:36 INFO     for label 5 >> 0.706
09-24 18:36 INFO     for label 6 >> 0.883
09-24 18:36 INFO     for label 7 >> 0.815
09-24 18:36 INFO     for label 8 >> 0.893
09-24 18:36 INFO     for label 9 >> 0.835
09-24 18:36 INFO     >>>>> Epoch [87]: Global model loss: 0.00951991709470749 acc: 0.7946
09-24 18:36 INFO     Scores per target value
09-24 18:36 INFO     for label 0 >> 0.828
09-24 18:36 INFO     for label 1 >> 0.906
09-24 18:36 INFO     for label 2 >> 0.677
09-24 18:36 INFO     for label 3 >> 0.612
09-24 18:36 INFO     for label 4 >> 0.772
09-24 18:36 INFO     for label 5 >> 0.721
09-24 18:36 INFO     for label 6 >> 0.872
09-24 18:36 INFO     for label 7 >> 0.826
09-24 18:36 INFO     for label 8 >> 0.894
09-24 18:36 INFO     for label 9 >> 0.838
09-24 18:37 INFO     >>>>> Epoch [88]: Global model loss: 0.009398507025837898 acc: 0.7986
09-24 18:37 INFO     Scores per target value
09-24 18:37 INFO     for label 0 >> 0.842
09-24 18:37 INFO     for label 1 >> 0.899
09-24 18:37 INFO     for label 2 >> 0.683
09-24 18:37 INFO     for label 3 >> 0.642
09-24 18:37 INFO     for label 4 >> 0.78
09-24 18:37 INFO     for label 5 >> 0.692
09-24 18:37 INFO     for label 6 >> 0.876
09-24 18:37 INFO     for label 7 >> 0.832
09-24 18:37 INFO     for label 8 >> 0.9
09-24 18:37 INFO     for label 9 >> 0.84
09-24 18:38 INFO     >>>>> Epoch [89]: Global model loss: 0.009597086790204047 acc: 0.7967
09-24 18:38 INFO     Scores per target value
09-24 18:38 INFO     for label 0 >> 0.854
09-24 18:38 INFO     for label 1 >> 0.907
09-24 18:38 INFO     for label 2 >> 0.678
09-24 18:38 INFO     for label 3 >> 0.628
09-24 18:38 INFO     for label 4 >> 0.761
09-24 18:38 INFO     for label 5 >> 0.709
09-24 18:38 INFO     for label 6 >> 0.889
09-24 18:38 INFO     for label 7 >> 0.819
09-24 18:38 INFO     for label 8 >> 0.901
09-24 18:38 INFO     for label 9 >> 0.821
09-24 18:39 INFO     >>>>> Epoch [90]: Global model loss: 0.009635895493626595 acc: 0.795
09-24 18:39 INFO     Scores per target value
09-24 18:39 INFO     for label 0 >> 0.826
09-24 18:39 INFO     for label 1 >> 0.901
09-24 18:39 INFO     for label 2 >> 0.657
09-24 18:39 INFO     for label 3 >> 0.623
09-24 18:39 INFO     for label 4 >> 0.77
09-24 18:39 INFO     for label 5 >> 0.726
09-24 18:39 INFO     for label 6 >> 0.88
09-24 18:39 INFO     for label 7 >> 0.812
09-24 18:39 INFO     for label 8 >> 0.915
09-24 18:39 INFO     for label 9 >> 0.84
09-24 18:40 INFO     >>>>> Epoch [91]: Global model loss: 0.009428078755736351 acc: 0.798
09-24 18:40 INFO     Scores per target value
09-24 18:40 INFO     for label 0 >> 0.842
09-24 18:40 INFO     for label 1 >> 0.908
09-24 18:40 INFO     for label 2 >> 0.706
09-24 18:40 INFO     for label 3 >> 0.603
09-24 18:40 INFO     for label 4 >> 0.781
09-24 18:40 INFO     for label 5 >> 0.715
09-24 18:40 INFO     for label 6 >> 0.88
09-24 18:40 INFO     for label 7 >> 0.82
09-24 18:40 INFO     for label 8 >> 0.896
09-24 18:40 INFO     for label 9 >> 0.829
09-24 18:41 INFO     >>>>> Epoch [92]: Global model loss: 0.009451602250337601 acc: 0.7978
09-24 18:41 INFO     Scores per target value
09-24 18:41 INFO     for label 0 >> 0.832
09-24 18:41 INFO     for label 1 >> 0.907
09-24 18:41 INFO     for label 2 >> 0.685
09-24 18:41 INFO     for label 3 >> 0.609
09-24 18:41 INFO     for label 4 >> 0.794
09-24 18:41 INFO     for label 5 >> 0.731
09-24 18:41 INFO     for label 6 >> 0.854
09-24 18:41 INFO     for label 7 >> 0.832
09-24 18:41 INFO     for label 8 >> 0.901
09-24 18:41 INFO     for label 9 >> 0.833
09-24 18:42 INFO     >>>>> Epoch [93]: Global model loss: 0.009498277050256729 acc: 0.7978
09-24 18:42 INFO     Scores per target value
09-24 18:42 INFO     for label 0 >> 0.827
09-24 18:42 INFO     for label 1 >> 0.906
09-24 18:42 INFO     for label 2 >> 0.677
09-24 18:42 INFO     for label 3 >> 0.637
09-24 18:42 INFO     for label 4 >> 0.775
09-24 18:42 INFO     for label 5 >> 0.702
09-24 18:42 INFO     for label 6 >> 0.892
09-24 18:42 INFO     for label 7 >> 0.824
09-24 18:42 INFO     for label 8 >> 0.905
09-24 18:42 INFO     for label 9 >> 0.833
09-24 18:43 INFO     >>>>> Epoch [94]: Global model loss: 0.009434590855240822 acc: 0.7969
09-24 18:43 INFO     Scores per target value
09-24 18:43 INFO     for label 0 >> 0.831
09-24 18:43 INFO     for label 1 >> 0.907
09-24 18:43 INFO     for label 2 >> 0.706
09-24 18:43 INFO     for label 3 >> 0.619
09-24 18:43 INFO     for label 4 >> 0.767
09-24 18:43 INFO     for label 5 >> 0.719
09-24 18:43 INFO     for label 6 >> 0.867
09-24 18:43 INFO     for label 7 >> 0.825
09-24 18:43 INFO     for label 8 >> 0.898
09-24 18:43 INFO     for label 9 >> 0.83
09-24 18:44 INFO     >>>>> Epoch [95]: Global model loss: 0.00950387743115425 acc: 0.7977
09-24 18:44 INFO     Scores per target value
09-24 18:44 INFO     for label 0 >> 0.834
09-24 18:44 INFO     for label 1 >> 0.894
09-24 18:44 INFO     for label 2 >> 0.687
09-24 18:44 INFO     for label 3 >> 0.633
09-24 18:44 INFO     for label 4 >> 0.741
09-24 18:44 INFO     for label 5 >> 0.732
09-24 18:44 INFO     for label 6 >> 0.87
09-24 18:44 INFO     for label 7 >> 0.833
09-24 18:44 INFO     for label 8 >> 0.898
09-24 18:44 INFO     for label 9 >> 0.855
09-24 18:44 INFO     >>>>> Epoch [96]: Global model loss: 0.009439402869343758 acc: 0.7986
09-24 18:45 INFO     Scores per target value
09-24 18:45 INFO     for label 0 >> 0.82
09-24 18:45 INFO     for label 1 >> 0.908
09-24 18:45 INFO     for label 2 >> 0.698
09-24 18:45 INFO     for label 3 >> 0.619
09-24 18:45 INFO     for label 4 >> 0.79
09-24 18:45 INFO     for label 5 >> 0.708
09-24 18:45 INFO     for label 6 >> 0.867
09-24 18:45 INFO     for label 7 >> 0.83
09-24 18:45 INFO     for label 8 >> 0.911
09-24 18:45 INFO     for label 9 >> 0.835
09-24 18:45 INFO     >>>>> Epoch [97]: Global model loss: 0.009504516053199769 acc: 0.7956
09-24 18:46 INFO     Scores per target value
09-24 18:46 INFO     for label 0 >> 0.817
09-24 18:46 INFO     for label 1 >> 0.899
09-24 18:46 INFO     for label 2 >> 0.687
09-24 18:46 INFO     for label 3 >> 0.621
09-24 18:46 INFO     for label 4 >> 0.765
09-24 18:46 INFO     for label 5 >> 0.699
09-24 18:46 INFO     for label 6 >> 0.897
09-24 18:46 INFO     for label 7 >> 0.834
09-24 18:46 INFO     for label 8 >> 0.905
09-24 18:46 INFO     for label 9 >> 0.832
09-24 18:46 INFO     >>>>> Epoch [98]: Global model loss: 0.009408185951411725 acc: 0.7981
09-24 18:47 INFO     Scores per target value
09-24 18:47 INFO     for label 0 >> 0.82
09-24 18:47 INFO     for label 1 >> 0.905
09-24 18:47 INFO     for label 2 >> 0.725
09-24 18:47 INFO     for label 3 >> 0.652
09-24 18:47 INFO     for label 4 >> 0.758
09-24 18:47 INFO     for label 5 >> 0.688
09-24 18:47 INFO     for label 6 >> 0.867
09-24 18:47 INFO     for label 7 >> 0.823
09-24 18:47 INFO     for label 8 >> 0.905
09-24 18:47 INFO     for label 9 >> 0.838
09-24 18:47 INFO     >>>>> Epoch [99]: Global model loss: 0.009522343164682388 acc: 0.7987
09-24 18:47 INFO     Scores per target value
09-24 18:47 INFO     for label 0 >> 0.816
09-24 18:47 INFO     for label 1 >> 0.868
09-24 18:47 INFO     for label 2 >> 0.689
09-24 18:47 INFO     for label 3 >> 0.631
09-24 18:47 INFO     for label 4 >> 0.804
09-24 18:47 INFO     for label 5 >> 0.716
09-24 18:47 INFO     for label 6 >> 0.879
09-24 18:47 INFO     for label 7 >> 0.812
09-24 18:47 INFO     for label 8 >> 0.917
09-24 18:47 INFO     for label 9 >> 0.855
