09-25 04:17 INFO     cuda
09-25 04:17 INFO     {'dataset_type': 'cifar10', 'model_name': 'resnet101', 'num_clients': 5, 'batch_size': 64, 'training_lr': 0.05, 'decay_rate': 0.993, 'min_lr': 0.005, 'epoch': 100, 'local_epoch': 1, 'momentum': -1, 'weight_decay': 0.0, 'data_path': './data', 'device': 'cuda', 'partition_method': 'iid', 'partition_target': 'label', 'alpha': 4.0, 'num_shards_per_partition': 2, 'shard_size': 500, 'script': 'FL ONLY'}
09-25 04:17 INFO     ####################################################################################################
09-25 04:18 INFO     Partitioning Data
09-25 04:18 INFO                   airplane  automobile  bird   cat  ...  frog  horse  ship  truck
Partition ID                                    ...                          
0                 1011         969  1007   958  ...  1010   1006   989   1015
1                 1020         981   993   996  ...  1043    993   990    999
2                  952        1033  1000  1052  ...   976    999   988   1029
3                  989        1014   992  1032  ...   962   1000   991    986
4                 1028        1003  1008   962  ...  1009   1002  1042    971

[5 rows x 10 columns]
09-25 04:20 INFO     >>>>> Epoch [0]: Global model loss: 0.04154740777015686 acc: 0.1
09-25 04:21 INFO     Scores per target value
09-25 04:21 INFO     for label 0 >> 0.0
09-25 04:21 INFO     for label 1 >> 0.0
09-25 04:21 INFO     for label 2 >> 0.0
09-25 04:21 INFO     for label 3 >> 0.0
09-25 04:21 INFO     for label 4 >> 0.0
09-25 04:21 INFO     for label 5 >> 1.0
09-25 04:21 INFO     for label 6 >> 0.0
09-25 04:21 INFO     for label 7 >> 0.0
09-25 04:21 INFO     for label 8 >> 0.0
09-25 04:21 INFO     for label 9 >> 0.0
09-25 04:23 INFO     >>>>> Epoch [1]: Global model loss: 0.04285921757221222 acc: 0.1
09-25 04:24 INFO     Scores per target value
09-25 04:24 INFO     for label 0 >> 0.0
09-25 04:24 INFO     for label 1 >> 0.0
09-25 04:24 INFO     for label 2 >> 0.0
09-25 04:24 INFO     for label 3 >> 0.0
09-25 04:24 INFO     for label 4 >> 0.0
09-25 04:24 INFO     for label 5 >> 1.0
09-25 04:24 INFO     for label 6 >> 0.0
09-25 04:24 INFO     for label 7 >> 0.0
09-25 04:24 INFO     for label 8 >> 0.0
09-25 04:24 INFO     for label 9 >> 0.0
09-25 04:26 INFO     >>>>> Epoch [2]: Global model loss: 0.03861915051937103 acc: 0.1
09-25 04:27 INFO     Scores per target value
09-25 04:27 INFO     for label 0 >> 0.0
09-25 04:27 INFO     for label 1 >> 0.0
09-25 04:27 INFO     for label 2 >> 0.0
09-25 04:27 INFO     for label 3 >> 0.0
09-25 04:27 INFO     for label 4 >> 0.0
09-25 04:27 INFO     for label 5 >> 1.0
09-25 04:27 INFO     for label 6 >> 0.0
09-25 04:27 INFO     for label 7 >> 0.0
09-25 04:27 INFO     for label 8 >> 0.0
09-25 04:27 INFO     for label 9 >> 0.0
09-25 04:29 INFO     >>>>> Epoch [3]: Global model loss: 0.039864508986473084 acc: 0.1
09-25 04:30 INFO     Scores per target value
09-25 04:30 INFO     for label 0 >> 0.0
09-25 04:30 INFO     for label 1 >> 0.0
09-25 04:30 INFO     for label 2 >> 0.0
09-25 04:30 INFO     for label 3 >> 0.0
09-25 04:30 INFO     for label 4 >> 0.0
09-25 04:30 INFO     for label 5 >> 1.0
09-25 04:30 INFO     for label 6 >> 0.0
09-25 04:30 INFO     for label 7 >> 0.0
09-25 04:30 INFO     for label 8 >> 0.0
09-25 04:30 INFO     for label 9 >> 0.0
09-25 04:32 INFO     >>>>> Epoch [4]: Global model loss: 0.03689356806278229 acc: 0.1206
09-25 04:33 INFO     Scores per target value
09-25 04:33 INFO     for label 0 >> 0.0
09-25 04:33 INFO     for label 1 >> 0.466
09-25 04:33 INFO     for label 2 >> 0.0
09-25 04:33 INFO     for label 3 >> 0.0
09-25 04:33 INFO     for label 4 >> 0.0
09-25 04:33 INFO     for label 5 >> 0.74
09-25 04:33 INFO     for label 6 >> 0.0
09-25 04:33 INFO     for label 7 >> 0.0
09-25 04:33 INFO     for label 8 >> 0.0
09-25 04:33 INFO     for label 9 >> 0.0
09-25 04:35 INFO     >>>>> Epoch [5]: Global model loss: 0.03817263691425323 acc: 0.1
09-25 04:36 INFO     Scores per target value
09-25 04:36 INFO     for label 0 >> 0.0
09-25 04:36 INFO     for label 1 >> 0.0
09-25 04:36 INFO     for label 2 >> 0.0
09-25 04:36 INFO     for label 3 >> 0.0
09-25 04:36 INFO     for label 4 >> 0.0
09-25 04:36 INFO     for label 5 >> 1.0
09-25 04:36 INFO     for label 6 >> 0.0
09-25 04:36 INFO     for label 7 >> 0.0
09-25 04:36 INFO     for label 8 >> 0.0
09-25 04:36 INFO     for label 9 >> 0.0
09-25 04:38 INFO     >>>>> Epoch [6]: Global model loss: 0.03810238528251648 acc: 0.1
09-25 04:39 INFO     Scores per target value
09-25 04:39 INFO     for label 0 >> 0.0
09-25 04:39 INFO     for label 1 >> 0.0
09-25 04:39 INFO     for label 2 >> 0.0
09-25 04:39 INFO     for label 3 >> 0.0
09-25 04:39 INFO     for label 4 >> 0.0
09-25 04:39 INFO     for label 5 >> 1.0
09-25 04:39 INFO     for label 6 >> 0.0
09-25 04:39 INFO     for label 7 >> 0.0
09-25 04:39 INFO     for label 8 >> 0.0
09-25 04:39 INFO     for label 9 >> 0.0
09-25 04:41 INFO     >>>>> Epoch [7]: Global model loss: 0.0365462958574295 acc: 0.1
09-25 04:42 INFO     Scores per target value
09-25 04:42 INFO     for label 0 >> 0.0
09-25 04:42 INFO     for label 1 >> 0.0
09-25 04:42 INFO     for label 2 >> 0.0
09-25 04:42 INFO     for label 3 >> 0.0
09-25 04:42 INFO     for label 4 >> 0.0
09-25 04:42 INFO     for label 5 >> 1.0
09-25 04:42 INFO     for label 6 >> 0.0
09-25 04:42 INFO     for label 7 >> 0.0
09-25 04:42 INFO     for label 8 >> 0.0
09-25 04:42 INFO     for label 9 >> 0.0
09-25 04:44 INFO     >>>>> Epoch [8]: Global model loss: 0.03624827198982239 acc: 0.1003
09-25 04:45 INFO     Scores per target value
09-25 04:45 INFO     for label 0 >> 0.0
09-25 04:45 INFO     for label 1 >> 0.004
09-25 04:45 INFO     for label 2 >> 0.998
09-25 04:45 INFO     for label 3 >> 0.001
09-25 04:45 INFO     for label 4 >> 0.0
09-25 04:45 INFO     for label 5 >> 0.0
09-25 04:45 INFO     for label 6 >> 0.0
09-25 04:45 INFO     for label 7 >> 0.0
09-25 04:45 INFO     for label 8 >> 0.0
09-25 04:45 INFO     for label 9 >> 0.0
09-25 04:47 INFO     >>>>> Epoch [9]: Global model loss: 0.03650048508644104 acc: 0.1164
09-25 04:49 INFO     Scores per target value
09-25 04:49 INFO     for label 0 >> 0.172
09-25 04:49 INFO     for label 1 >> 0.0
09-25 04:49 INFO     for label 2 >> 0.0
09-25 04:49 INFO     for label 3 >> 0.0
09-25 04:49 INFO     for label 4 >> 0.992
09-25 04:49 INFO     for label 5 >> 0.0
09-25 04:49 INFO     for label 6 >> 0.0
09-25 04:49 INFO     for label 7 >> 0.0
09-25 04:49 INFO     for label 8 >> 0.0
09-25 04:49 INFO     for label 9 >> 0.0
09-25 04:51 INFO     >>>>> Epoch [10]: Global model loss: 0.03425805244445801 acc: 0.1716
09-25 04:52 INFO     Scores per target value
09-25 04:52 INFO     for label 0 >> 0.0
09-25 04:52 INFO     for label 1 >> 0.0
09-25 04:52 INFO     for label 2 >> 0.647
09-25 04:52 INFO     for label 3 >> 0.0
09-25 04:52 INFO     for label 4 >> 0.232
09-25 04:52 INFO     for label 5 >> 0.0
09-25 04:52 INFO     for label 6 >> 0.0
09-25 04:52 INFO     for label 7 >> 0.152
09-25 04:52 INFO     for label 8 >> 0.685
09-25 04:52 INFO     for label 9 >> 0.0
09-25 04:54 INFO     >>>>> Epoch [11]: Global model loss: 0.033599005973339084 acc: 0.1725
09-25 04:55 INFO     Scores per target value
09-25 04:55 INFO     for label 0 >> 0.517
09-25 04:55 INFO     for label 1 >> 0.0
09-25 04:55 INFO     for label 2 >> 0.465
09-25 04:55 INFO     for label 3 >> 0.0
09-25 04:55 INFO     for label 4 >> 0.0
09-25 04:55 INFO     for label 5 >> 0.007
09-25 04:55 INFO     for label 6 >> 0.0
09-25 04:55 INFO     for label 7 >> 0.733
09-25 04:55 INFO     for label 8 >> 0.002
09-25 04:55 INFO     for label 9 >> 0.001
09-25 04:57 INFO     >>>>> Epoch [12]: Global model loss: 0.03307508757114411 acc: 0.1767
09-25 04:58 INFO     Scores per target value
09-25 04:58 INFO     for label 0 >> 0.573
09-25 04:58 INFO     for label 1 >> 0.068
09-25 04:58 INFO     for label 2 >> 0.005
09-25 04:58 INFO     for label 3 >> 0.041
09-25 04:58 INFO     for label 4 >> 0.0
09-25 04:58 INFO     for label 5 >> 0.217
09-25 04:58 INFO     for label 6 >> 0.0
09-25 04:58 INFO     for label 7 >> 0.843
09-25 04:58 INFO     for label 8 >> 0.0
09-25 04:58 INFO     for label 9 >> 0.02
09-25 05:00 INFO     >>>>> Epoch [13]: Global model loss: 0.03346274625062943 acc: 0.181
09-25 05:01 INFO     Scores per target value
09-25 05:01 INFO     for label 0 >> 0.372
09-25 05:01 INFO     for label 1 >> 0.001
09-25 05:01 INFO     for label 2 >> 0.001
09-25 05:01 INFO     for label 3 >> 0.406
09-25 05:01 INFO     for label 4 >> 0.0
09-25 05:01 INFO     for label 5 >> 0.111
09-25 05:01 INFO     for label 6 >> 0.047
09-25 05:01 INFO     for label 7 >> 0.702
09-25 05:01 INFO     for label 8 >> 0.112
09-25 05:01 INFO     for label 9 >> 0.058
09-25 05:03 INFO     >>>>> Epoch [14]: Global model loss: 0.03091709669828415 acc: 0.2649
09-25 05:04 INFO     Scores per target value
09-25 05:04 INFO     for label 0 >> 0.454
09-25 05:04 INFO     for label 1 >> 0.342
09-25 05:04 INFO     for label 2 >> 0.004
09-25 05:04 INFO     for label 3 >> 0.122
09-25 05:04 INFO     for label 4 >> 0.0
09-25 05:04 INFO     for label 5 >> 0.275
09-25 05:04 INFO     for label 6 >> 0.444
09-25 05:04 INFO     for label 7 >> 0.635
09-25 05:04 INFO     for label 8 >> 0.156
09-25 05:04 INFO     for label 9 >> 0.217
09-25 05:06 INFO     >>>>> Epoch [15]: Global model loss: 0.03199049398899079 acc: 0.2466
09-25 05:07 INFO     Scores per target value
09-25 05:07 INFO     for label 0 >> 0.397
09-25 05:07 INFO     for label 1 >> 0.058
09-25 05:07 INFO     for label 2 >> 0.376
09-25 05:07 INFO     for label 3 >> 0.0
09-25 05:07 INFO     for label 4 >> 0.347
09-25 05:07 INFO     for label 5 >> 0.208
09-25 05:07 INFO     for label 6 >> 0.234
09-25 05:07 INFO     for label 7 >> 0.575
09-25 05:07 INFO     for label 8 >> 0.213
09-25 05:07 INFO     for label 9 >> 0.058
09-25 05:09 INFO     >>>>> Epoch [16]: Global model loss: 0.03387419767379761 acc: 0.1861
09-25 05:10 INFO     Scores per target value
09-25 05:10 INFO     for label 0 >> 0.524
09-25 05:10 INFO     for label 1 >> 0.009
09-25 05:10 INFO     for label 2 >> 0.454
09-25 05:10 INFO     for label 3 >> 0.0
09-25 05:10 INFO     for label 4 >> 0.089
09-25 05:10 INFO     for label 5 >> 0.048
09-25 05:10 INFO     for label 6 >> 0.0
09-25 05:10 INFO     for label 7 >> 0.736
09-25 05:10 INFO     for label 8 >> 0.001
09-25 05:10 INFO     for label 9 >> 0.0
09-25 05:12 INFO     >>>>> Epoch [17]: Global model loss: 0.03191987875699997 acc: 0.2059
09-25 05:13 INFO     Scores per target value
09-25 05:13 INFO     for label 0 >> 0.564
09-25 05:13 INFO     for label 1 >> 0.079
09-25 05:13 INFO     for label 2 >> 0.121
09-25 05:13 INFO     for label 3 >> 0.002
09-25 05:13 INFO     for label 4 >> 0.201
09-25 05:13 INFO     for label 5 >> 0.006
09-25 05:13 INFO     for label 6 >> 0.0
09-25 05:13 INFO     for label 7 >> 0.899
09-25 05:13 INFO     for label 8 >> 0.005
09-25 05:13 INFO     for label 9 >> 0.182
09-25 05:15 INFO     >>>>> Epoch [18]: Global model loss: 0.036541835975646975 acc: 0.1564
09-25 05:16 INFO     Scores per target value
09-25 05:16 INFO     for label 0 >> 0.399
09-25 05:16 INFO     for label 1 >> 0.0
09-25 05:16 INFO     for label 2 >> 0.863
09-25 05:16 INFO     for label 3 >> 0.0
09-25 05:16 INFO     for label 4 >> 0.0
09-25 05:16 INFO     for label 5 >> 0.0
09-25 05:16 INFO     for label 6 >> 0.0
09-25 05:16 INFO     for label 7 >> 0.302
09-25 05:16 INFO     for label 8 >> 0.0
09-25 05:16 INFO     for label 9 >> 0.0
09-25 05:18 INFO     >>>>> Epoch [19]: Global model loss: 0.03052253302335739 acc: 0.2568
09-25 05:19 INFO     Scores per target value
09-25 05:19 INFO     for label 0 >> 0.788
09-25 05:19 INFO     for label 1 >> 0.147
09-25 05:19 INFO     for label 2 >> 0.284
09-25 05:19 INFO     for label 3 >> 0.0
09-25 05:19 INFO     for label 4 >> 0.078
09-25 05:19 INFO     for label 5 >> 0.534
09-25 05:19 INFO     for label 6 >> 0.037
09-25 05:19 INFO     for label 7 >> 0.46
09-25 05:19 INFO     for label 8 >> 0.094
09-25 05:19 INFO     for label 9 >> 0.146
09-25 05:21 INFO     >>>>> Epoch [20]: Global model loss: 0.03505751472711563 acc: 0.1933
09-25 05:23 INFO     Scores per target value
09-25 05:23 INFO     for label 0 >> 0.881
09-25 05:23 INFO     for label 1 >> 0.0
09-25 05:23 INFO     for label 2 >> 0.326
09-25 05:23 INFO     for label 3 >> 0.0
09-25 05:23 INFO     for label 4 >> 0.0
09-25 05:23 INFO     for label 5 >> 0.364
09-25 05:23 INFO     for label 6 >> 0.0
09-25 05:23 INFO     for label 7 >> 0.362
09-25 05:23 INFO     for label 8 >> 0.0
09-25 05:23 INFO     for label 9 >> 0.0
09-25 05:25 INFO     >>>>> Epoch [21]: Global model loss: 0.03078632800579071 acc: 0.245
09-25 05:26 INFO     Scores per target value
09-25 05:26 INFO     for label 0 >> 0.781
09-25 05:26 INFO     for label 1 >> 0.11
09-25 05:26 INFO     for label 2 >> 0.307
09-25 05:26 INFO     for label 3 >> 0.0
09-25 05:26 INFO     for label 4 >> 0.0
09-25 05:26 INFO     for label 5 >> 0.175
09-25 05:26 INFO     for label 6 >> 0.01
09-25 05:26 INFO     for label 7 >> 0.66
09-25 05:26 INFO     for label 8 >> 0.065
09-25 05:26 INFO     for label 9 >> 0.342
09-25 05:28 INFO     >>>>> Epoch [22]: Global model loss: 0.02876186829805374 acc: 0.3006
09-25 05:29 INFO     Scores per target value
09-25 05:29 INFO     for label 0 >> 0.718
09-25 05:29 INFO     for label 1 >> 0.295
09-25 05:29 INFO     for label 2 >> 0.189
09-25 05:29 INFO     for label 3 >> 0.002
09-25 05:29 INFO     for label 4 >> 0.245
09-25 05:29 INFO     for label 5 >> 0.316
09-25 05:29 INFO     for label 6 >> 0.095
09-25 05:29 INFO     for label 7 >> 0.731
09-25 05:29 INFO     for label 8 >> 0.111
09-25 05:29 INFO     for label 9 >> 0.304
09-25 05:31 INFO     >>>>> Epoch [23]: Global model loss: 0.03399126843214035 acc: 0.1951
09-25 05:32 INFO     Scores per target value
09-25 05:32 INFO     for label 0 >> 0.718
09-25 05:32 INFO     for label 1 >> 0.012
09-25 05:32 INFO     for label 2 >> 0.619
09-25 05:32 INFO     for label 3 >> 0.0
09-25 05:32 INFO     for label 4 >> 0.0
09-25 05:32 INFO     for label 5 >> 0.461
09-25 05:32 INFO     for label 6 >> 0.0
09-25 05:32 INFO     for label 7 >> 0.138
09-25 05:32 INFO     for label 8 >> 0.003
09-25 05:32 INFO     for label 9 >> 0.0
09-25 05:34 INFO     >>>>> Epoch [24]: Global model loss: 0.027268384194374086 acc: 0.3523
09-25 05:35 INFO     Scores per target value
09-25 05:35 INFO     for label 0 >> 0.569
09-25 05:35 INFO     for label 1 >> 0.399
09-25 05:35 INFO     for label 2 >> 0.162
09-25 05:35 INFO     for label 3 >> 0.034
09-25 05:35 INFO     for label 4 >> 0.267
09-25 05:35 INFO     for label 5 >> 0.319
09-25 05:35 INFO     for label 6 >> 0.476
09-25 05:35 INFO     for label 7 >> 0.536
09-25 05:35 INFO     for label 8 >> 0.372
09-25 05:35 INFO     for label 9 >> 0.389
09-25 05:37 INFO     >>>>> Epoch [25]: Global model loss: 0.029315648555755615 acc: 0.2912
09-25 05:38 INFO     Scores per target value
09-25 05:38 INFO     for label 0 >> 0.701
09-25 05:38 INFO     for label 1 >> 0.276
09-25 05:38 INFO     for label 2 >> 0.27
09-25 05:38 INFO     for label 3 >> 0.0
09-25 05:38 INFO     for label 4 >> 0.126
09-25 05:38 INFO     for label 5 >> 0.322
09-25 05:38 INFO     for label 6 >> 0.12
09-25 05:38 INFO     for label 7 >> 0.745
09-25 05:38 INFO     for label 8 >> 0.017
09-25 05:38 INFO     for label 9 >> 0.335
09-25 05:40 INFO     >>>>> Epoch [26]: Global model loss: 0.026756331515312193 acc: 0.3617
09-25 05:41 INFO     Scores per target value
09-25 05:41 INFO     for label 0 >> 0.571
09-25 05:41 INFO     for label 1 >> 0.457
09-25 05:41 INFO     for label 2 >> 0.166
09-25 05:41 INFO     for label 3 >> 0.07
09-25 05:41 INFO     for label 4 >> 0.535
09-25 05:41 INFO     for label 5 >> 0.271
09-25 05:41 INFO     for label 6 >> 0.188
09-25 05:41 INFO     for label 7 >> 0.586
09-25 05:41 INFO     for label 8 >> 0.319
09-25 05:41 INFO     for label 9 >> 0.454
09-25 05:43 INFO     >>>>> Epoch [27]: Global model loss: 0.026913289964199068 acc: 0.3708
09-25 05:44 INFO     Scores per target value
09-25 05:44 INFO     for label 0 >> 0.626
09-25 05:44 INFO     for label 1 >> 0.512
09-25 05:44 INFO     for label 2 >> 0.332
09-25 05:44 INFO     for label 3 >> 0.053
09-25 05:44 INFO     for label 4 >> 0.032
09-25 05:44 INFO     for label 5 >> 0.611
09-25 05:44 INFO     for label 6 >> 0.369
09-25 05:44 INFO     for label 7 >> 0.591
09-25 05:44 INFO     for label 8 >> 0.16
09-25 05:44 INFO     for label 9 >> 0.422
09-25 05:46 INFO     >>>>> Epoch [28]: Global model loss: 0.03518771526813507 acc: 0.1885
09-25 05:48 INFO     Scores per target value
09-25 05:48 INFO     for label 0 >> 0.587
09-25 05:48 INFO     for label 1 >> 0.0
09-25 05:48 INFO     for label 2 >> 0.819
09-25 05:48 INFO     for label 3 >> 0.0
09-25 05:48 INFO     for label 4 >> 0.0
09-25 05:48 INFO     for label 5 >> 0.266
09-25 05:48 INFO     for label 6 >> 0.0
09-25 05:48 INFO     for label 7 >> 0.213
09-25 05:48 INFO     for label 8 >> 0.0
09-25 05:48 INFO     for label 9 >> 0.0
09-25 05:50 INFO     >>>>> Epoch [29]: Global model loss: 0.02831079730987549 acc: 0.3096
09-25 05:51 INFO     Scores per target value
09-25 05:51 INFO     for label 0 >> 0.73
09-25 05:51 INFO     for label 1 >> 0.393
09-25 05:51 INFO     for label 2 >> 0.483
09-25 05:51 INFO     for label 3 >> 0.004
09-25 05:51 INFO     for label 4 >> 0.001
09-25 05:51 INFO     for label 5 >> 0.253
09-25 05:51 INFO     for label 6 >> 0.049
09-25 05:51 INFO     for label 7 >> 0.695
09-25 05:51 INFO     for label 8 >> 0.057
09-25 05:51 INFO     for label 9 >> 0.431
09-25 05:53 INFO     >>>>> Epoch [30]: Global model loss: 0.026552326011657714 acc: 0.365
09-25 05:54 INFO     Scores per target value
09-25 05:54 INFO     for label 0 >> 0.649
09-25 05:54 INFO     for label 1 >> 0.477
09-25 05:54 INFO     for label 2 >> 0.48
09-25 05:54 INFO     for label 3 >> 0.038
09-25 05:54 INFO     for label 4 >> 0.154
09-25 05:54 INFO     for label 5 >> 0.309
09-25 05:54 INFO     for label 6 >> 0.276
09-25 05:54 INFO     for label 7 >> 0.675
09-25 05:54 INFO     for label 8 >> 0.183
09-25 05:54 INFO     for label 9 >> 0.409
09-25 05:56 INFO     >>>>> Epoch [31]: Global model loss: 0.030829936718940736 acc: 0.2753
09-25 05:57 INFO     Scores per target value
09-25 05:57 INFO     for label 0 >> 0.437
09-25 05:57 INFO     for label 1 >> 0.209
09-25 05:57 INFO     for label 2 >> 0.762
09-25 05:57 INFO     for label 3 >> 0.007
09-25 05:57 INFO     for label 4 >> 0.11
09-25 05:57 INFO     for label 5 >> 0.19
09-25 05:57 INFO     for label 6 >> 0.334
09-25 05:57 INFO     for label 7 >> 0.363
09-25 05:57 INFO     for label 8 >> 0.043
09-25 05:57 INFO     for label 9 >> 0.298
09-25 05:59 INFO     >>>>> Epoch [32]: Global model loss: 0.02635560885667801 acc: 0.3688
09-25 06:00 INFO     Scores per target value
09-25 06:00 INFO     for label 0 >> 0.641
09-25 06:00 INFO     for label 1 >> 0.498
09-25 06:00 INFO     for label 2 >> 0.555
09-25 06:00 INFO     for label 3 >> 0.065
09-25 06:00 INFO     for label 4 >> 0.018
09-25 06:00 INFO     for label 5 >> 0.491
09-25 06:00 INFO     for label 6 >> 0.152
09-25 06:00 INFO     for label 7 >> 0.59
09-25 06:00 INFO     for label 8 >> 0.201
09-25 06:00 INFO     for label 9 >> 0.477
09-25 06:02 INFO     >>>>> Epoch [33]: Global model loss: 0.027904844212532042 acc: 0.3133
09-25 06:03 INFO     Scores per target value
09-25 06:03 INFO     for label 0 >> 0.702
09-25 06:03 INFO     for label 1 >> 0.294
09-25 06:03 INFO     for label 2 >> 0.718
09-25 06:03 INFO     for label 3 >> 0.122
09-25 06:03 INFO     for label 4 >> 0.048
09-25 06:03 INFO     for label 5 >> 0.065
09-25 06:03 INFO     for label 6 >> 0.133
09-25 06:03 INFO     for label 7 >> 0.549
09-25 06:03 INFO     for label 8 >> 0.096
09-25 06:03 INFO     for label 9 >> 0.406
09-25 06:05 INFO     >>>>> Epoch [34]: Global model loss: 0.029083679580688478 acc: 0.2735
09-25 06:06 INFO     Scores per target value
09-25 06:06 INFO     for label 0 >> 0.644
09-25 06:06 INFO     for label 1 >> 0.325
09-25 06:06 INFO     for label 2 >> 0.828
09-25 06:06 INFO     for label 3 >> 0.092
09-25 06:06 INFO     for label 4 >> 0.0
09-25 06:06 INFO     for label 5 >> 0.064
09-25 06:06 INFO     for label 6 >> 0.032
09-25 06:06 INFO     for label 7 >> 0.403
09-25 06:06 INFO     for label 8 >> 0.029
09-25 06:06 INFO     for label 9 >> 0.318
09-25 06:08 INFO     >>>>> Epoch [35]: Global model loss: 0.0268884703040123 acc: 0.3648
09-25 06:09 INFO     Scores per target value
09-25 06:09 INFO     for label 0 >> 0.644
09-25 06:09 INFO     for label 1 >> 0.375
09-25 06:09 INFO     for label 2 >> 0.519
09-25 06:09 INFO     for label 3 >> 0.066
09-25 06:09 INFO     for label 4 >> 0.188
09-25 06:09 INFO     for label 5 >> 0.118
09-25 06:09 INFO     for label 6 >> 0.365
09-25 06:09 INFO     for label 7 >> 0.661
09-25 06:09 INFO     for label 8 >> 0.127
09-25 06:09 INFO     for label 9 >> 0.585
09-25 06:11 INFO     >>>>> Epoch [36]: Global model loss: 0.025585203170776366 acc: 0.3911
09-25 06:12 INFO     Scores per target value
09-25 06:12 INFO     for label 0 >> 0.616
09-25 06:12 INFO     for label 1 >> 0.422
09-25 06:12 INFO     for label 2 >> 0.497
09-25 06:12 INFO     for label 3 >> 0.138
09-25 06:12 INFO     for label 4 >> 0.187
09-25 06:12 INFO     for label 5 >> 0.207
09-25 06:12 INFO     for label 6 >> 0.352
09-25 06:12 INFO     for label 7 >> 0.733
09-25 06:12 INFO     for label 8 >> 0.252
09-25 06:12 INFO     for label 9 >> 0.507
09-25 06:14 INFO     >>>>> Epoch [37]: Global model loss: 0.024948406398296357 acc: 0.4109
09-25 06:15 INFO     Scores per target value
09-25 06:15 INFO     for label 0 >> 0.657
09-25 06:15 INFO     for label 1 >> 0.552
09-25 06:15 INFO     for label 2 >> 0.526
09-25 06:15 INFO     for label 3 >> 0.223
09-25 06:15 INFO     for label 4 >> 0.18
09-25 06:15 INFO     for label 5 >> 0.261
09-25 06:15 INFO     for label 6 >> 0.335
09-25 06:15 INFO     for label 7 >> 0.632
09-25 06:15 INFO     for label 8 >> 0.243
09-25 06:15 INFO     for label 9 >> 0.5
09-25 06:18 INFO     >>>>> Epoch [38]: Global model loss: 0.024219433772563935 acc: 0.4451
09-25 06:19 INFO     Scores per target value
09-25 06:19 INFO     for label 0 >> 0.485
09-25 06:19 INFO     for label 1 >> 0.532
09-25 06:19 INFO     for label 2 >> 0.396
09-25 06:19 INFO     for label 3 >> 0.218
09-25 06:19 INFO     for label 4 >> 0.294
09-25 06:19 INFO     for label 5 >> 0.275
09-25 06:19 INFO     for label 6 >> 0.67
09-25 06:19 INFO     for label 7 >> 0.586
09-25 06:19 INFO     for label 8 >> 0.407
09-25 06:19 INFO     for label 9 >> 0.588
09-25 06:21 INFO     >>>>> Epoch [39]: Global model loss: 0.043065182280540466 acc: 0.121
09-25 06:22 INFO     Scores per target value
09-25 06:22 INFO     for label 0 >> 0.229
09-25 06:22 INFO     for label 1 >> 0.0
09-25 06:22 INFO     for label 2 >> 0.981
09-25 06:22 INFO     for label 3 >> 0.0
09-25 06:22 INFO     for label 4 >> 0.0
09-25 06:22 INFO     for label 5 >> 0.0
09-25 06:22 INFO     for label 6 >> 0.0
09-25 06:22 INFO     for label 7 >> 0.0
09-25 06:22 INFO     for label 8 >> 0.0
09-25 06:22 INFO     for label 9 >> 0.0
09-25 06:24 INFO     >>>>> Epoch [40]: Global model loss: 0.02806606968641281 acc: 0.343
09-25 06:25 INFO     Scores per target value
09-25 06:25 INFO     for label 0 >> 0.72
09-25 06:25 INFO     for label 1 >> 0.622
09-25 06:25 INFO     for label 2 >> 0.551
09-25 06:25 INFO     for label 3 >> 0.37
09-25 06:25 INFO     for label 4 >> 0.0
09-25 06:25 INFO     for label 5 >> 0.124
09-25 06:25 INFO     for label 6 >> 0.122
09-25 06:25 INFO     for label 7 >> 0.528
09-25 06:25 INFO     for label 8 >> 0.001
09-25 06:25 INFO     for label 9 >> 0.392
09-25 06:27 INFO     >>>>> Epoch [41]: Global model loss: 0.027000906550884246 acc: 0.3713
09-25 06:28 INFO     Scores per target value
09-25 06:28 INFO     for label 0 >> 0.669
09-25 06:28 INFO     for label 1 >> 0.456
09-25 06:28 INFO     for label 2 >> 0.584
09-25 06:28 INFO     for label 3 >> 0.262
09-25 06:28 INFO     for label 4 >> 0.0
09-25 06:28 INFO     for label 5 >> 0.18
09-25 06:28 INFO     for label 6 >> 0.291
09-25 06:28 INFO     for label 7 >> 0.639
09-25 06:28 INFO     for label 8 >> 0.027
09-25 06:28 INFO     for label 9 >> 0.605
09-25 06:30 INFO     >>>>> Epoch [42]: Global model loss: 0.025956396090984345 acc: 0.3829
09-25 06:31 INFO     Scores per target value
09-25 06:31 INFO     for label 0 >> 0.717
09-25 06:31 INFO     for label 1 >> 0.594
09-25 06:31 INFO     for label 2 >> 0.424
09-25 06:31 INFO     for label 3 >> 0.532
09-25 06:31 INFO     for label 4 >> 0.126
09-25 06:31 INFO     for label 5 >> 0.028
09-25 06:31 INFO     for label 6 >> 0.325
09-25 06:31 INFO     for label 7 >> 0.487
09-25 06:31 INFO     for label 8 >> 0.122
09-25 06:31 INFO     for label 9 >> 0.474
09-25 06:33 INFO     >>>>> Epoch [43]: Global model loss: 0.026397069787979125 acc: 0.3776
09-25 06:34 INFO     Scores per target value
09-25 06:34 INFO     for label 0 >> 0.688
09-25 06:34 INFO     for label 1 >> 0.445
09-25 06:34 INFO     for label 2 >> 0.428
09-25 06:34 INFO     for label 3 >> 0.134
09-25 06:34 INFO     for label 4 >> 0.038
09-25 06:34 INFO     for label 5 >> 0.296
09-25 06:34 INFO     for label 6 >> 0.425
09-25 06:34 INFO     for label 7 >> 0.735
09-25 06:34 INFO     for label 8 >> 0.027
09-25 06:34 INFO     for label 9 >> 0.56
09-25 06:36 INFO     >>>>> Epoch [44]: Global model loss: 0.02497462635040283 acc: 0.4096
09-25 06:37 INFO     Scores per target value
09-25 06:37 INFO     for label 0 >> 0.663
09-25 06:37 INFO     for label 1 >> 0.554
09-25 06:37 INFO     for label 2 >> 0.463
09-25 06:37 INFO     for label 3 >> 0.266
09-25 06:37 INFO     for label 4 >> 0.088
09-25 06:37 INFO     for label 5 >> 0.227
09-25 06:37 INFO     for label 6 >> 0.345
09-25 06:37 INFO     for label 7 >> 0.644
09-25 06:37 INFO     for label 8 >> 0.224
09-25 06:37 INFO     for label 9 >> 0.622
09-25 06:39 INFO     >>>>> Epoch [45]: Global model loss: 0.02389038428068161 acc: 0.4508
09-25 06:40 INFO     Scores per target value
09-25 06:40 INFO     for label 0 >> 0.596
09-25 06:40 INFO     for label 1 >> 0.501
09-25 06:40 INFO     for label 2 >> 0.357
09-25 06:40 INFO     for label 3 >> 0.234
09-25 06:40 INFO     for label 4 >> 0.254
09-25 06:40 INFO     for label 5 >> 0.335
09-25 06:40 INFO     for label 6 >> 0.569
09-25 06:40 INFO     for label 7 >> 0.662
09-25 06:40 INFO     for label 8 >> 0.391
09-25 06:40 INFO     for label 9 >> 0.609
09-25 06:42 INFO     >>>>> Epoch [46]: Global model loss: 0.0253160044670105 acc: 0.4081
09-25 06:43 INFO     Scores per target value
09-25 06:43 INFO     for label 0 >> 0.615
09-25 06:43 INFO     for label 1 >> 0.411
09-25 06:43 INFO     for label 2 >> 0.563
09-25 06:43 INFO     for label 3 >> 0.212
09-25 06:43 INFO     for label 4 >> 0.161
09-25 06:43 INFO     for label 5 >> 0.211
09-25 06:43 INFO     for label 6 >> 0.505
09-25 06:43 INFO     for label 7 >> 0.666
09-25 06:43 INFO     for label 8 >> 0.116
09-25 06:43 INFO     for label 9 >> 0.621
09-25 06:45 INFO     >>>>> Epoch [47]: Global model loss: 0.02624584774971008 acc: 0.3779
09-25 06:47 INFO     Scores per target value
09-25 06:47 INFO     for label 0 >> 0.687
09-25 06:47 INFO     for label 1 >> 0.452
09-25 06:47 INFO     for label 2 >> 0.666
09-25 06:47 INFO     for label 3 >> 0.367
09-25 06:47 INFO     for label 4 >> 0.041
09-25 06:47 INFO     for label 5 >> 0.279
09-25 06:47 INFO     for label 6 >> 0.216
09-25 06:47 INFO     for label 7 >> 0.502
09-25 06:47 INFO     for label 8 >> 0.104
09-25 06:47 INFO     for label 9 >> 0.465
09-25 06:48 INFO     >>>>> Epoch [48]: Global model loss: 0.023664042162895204 acc: 0.4496
09-25 06:50 INFO     Scores per target value
09-25 06:50 INFO     for label 0 >> 0.585
09-25 06:50 INFO     for label 1 >> 0.541
09-25 06:50 INFO     for label 2 >> 0.46
09-25 06:50 INFO     for label 3 >> 0.246
09-25 06:50 INFO     for label 4 >> 0.179
09-25 06:50 INFO     for label 5 >> 0.349
09-25 06:50 INFO     for label 6 >> 0.56
09-25 06:50 INFO     for label 7 >> 0.599
09-25 06:50 INFO     for label 8 >> 0.337
09-25 06:50 INFO     for label 9 >> 0.64
09-25 06:52 INFO     >>>>> Epoch [49]: Global model loss: 0.024325842034816744 acc: 0.4371
09-25 06:53 INFO     Scores per target value
09-25 06:53 INFO     for label 0 >> 0.555
09-25 06:53 INFO     for label 1 >> 0.55
09-25 06:53 INFO     for label 2 >> 0.569
09-25 06:53 INFO     for label 3 >> 0.284
09-25 06:53 INFO     for label 4 >> 0.233
09-25 06:53 INFO     for label 5 >> 0.34
09-25 06:53 INFO     for label 6 >> 0.38
09-25 06:53 INFO     for label 7 >> 0.643
09-25 06:53 INFO     for label 8 >> 0.247
09-25 06:53 INFO     for label 9 >> 0.57
09-25 06:55 INFO     >>>>> Epoch [50]: Global model loss: 0.023616859138011932 acc: 0.4503
09-25 06:56 INFO     Scores per target value
09-25 06:56 INFO     for label 0 >> 0.663
09-25 06:56 INFO     for label 1 >> 0.604
09-25 06:56 INFO     for label 2 >> 0.492
09-25 06:56 INFO     for label 3 >> 0.262
09-25 06:56 INFO     for label 4 >> 0.388
09-25 06:56 INFO     for label 5 >> 0.239
09-25 06:56 INFO     for label 6 >> 0.423
09-25 06:56 INFO     for label 7 >> 0.58
09-25 06:56 INFO     for label 8 >> 0.291
09-25 06:56 INFO     for label 9 >> 0.561
09-25 06:58 INFO     >>>>> Epoch [51]: Global model loss: 0.033787262558937076 acc: 0.208
09-25 06:59 INFO     Scores per target value
09-25 06:59 INFO     for label 0 >> 0.381
09-25 06:59 INFO     for label 1 >> 0.003
09-25 06:59 INFO     for label 2 >> 0.834
09-25 06:59 INFO     for label 3 >> 0.304
09-25 06:59 INFO     for label 4 >> 0.0
09-25 06:59 INFO     for label 5 >> 0.0
09-25 06:59 INFO     for label 6 >> 0.223
09-25 06:59 INFO     for label 7 >> 0.134
09-25 06:59 INFO     for label 8 >> 0.0
09-25 06:59 INFO     for label 9 >> 0.201
09-25 07:01 INFO     >>>>> Epoch [52]: Global model loss: 0.02333658241033554 acc: 0.4604
09-25 07:02 INFO     Scores per target value
09-25 07:02 INFO     for label 0 >> 0.552
09-25 07:02 INFO     for label 1 >> 0.551
09-25 07:02 INFO     for label 2 >> 0.341
09-25 07:02 INFO     for label 3 >> 0.165
09-25 07:02 INFO     for label 4 >> 0.331
09-25 07:02 INFO     for label 5 >> 0.378
09-25 07:02 INFO     for label 6 >> 0.574
09-25 07:02 INFO     for label 7 >> 0.661
09-25 07:02 INFO     for label 8 >> 0.407
09-25 07:02 INFO     for label 9 >> 0.644
09-25 07:04 INFO     >>>>> Epoch [53]: Global model loss: 0.023241474854946136 acc: 0.4624
09-25 07:05 INFO     Scores per target value
09-25 07:05 INFO     for label 0 >> 0.591
09-25 07:05 INFO     for label 1 >> 0.495
09-25 07:05 INFO     for label 2 >> 0.315
09-25 07:05 INFO     for label 3 >> 0.201
09-25 07:05 INFO     for label 4 >> 0.452
09-25 07:05 INFO     for label 5 >> 0.337
09-25 07:05 INFO     for label 6 >> 0.562
09-25 07:05 INFO     for label 7 >> 0.641
09-25 07:05 INFO     for label 8 >> 0.474
09-25 07:05 INFO     for label 9 >> 0.556
09-25 07:07 INFO     >>>>> Epoch [54]: Global model loss: 0.023194843459129335 acc: 0.4582
09-25 07:08 INFO     Scores per target value
09-25 07:08 INFO     for label 0 >> 0.566
09-25 07:08 INFO     for label 1 >> 0.56
09-25 07:08 INFO     for label 2 >> 0.323
09-25 07:08 INFO     for label 3 >> 0.232
09-25 07:08 INFO     for label 4 >> 0.371
09-25 07:08 INFO     for label 5 >> 0.381
09-25 07:08 INFO     for label 6 >> 0.551
09-25 07:08 INFO     for label 7 >> 0.682
09-25 07:08 INFO     for label 8 >> 0.321
09-25 07:08 INFO     for label 9 >> 0.595
09-25 07:10 INFO     >>>>> Epoch [55]: Global model loss: 0.02404521484375 acc: 0.4451
09-25 07:11 INFO     Scores per target value
09-25 07:11 INFO     for label 0 >> 0.665
09-25 07:11 INFO     for label 1 >> 0.533
09-25 07:11 INFO     for label 2 >> 0.429
09-25 07:11 INFO     for label 3 >> 0.278
09-25 07:11 INFO     for label 4 >> 0.366
09-25 07:11 INFO     for label 5 >> 0.301
09-25 07:11 INFO     for label 6 >> 0.537
09-25 07:11 INFO     for label 7 >> 0.582
09-25 07:11 INFO     for label 8 >> 0.25
09-25 07:11 INFO     for label 9 >> 0.51
09-25 07:13 INFO     >>>>> Epoch [56]: Global model loss: 0.02300119867324829 acc: 0.4603
09-25 07:14 INFO     Scores per target value
09-25 07:14 INFO     for label 0 >> 0.56
09-25 07:14 INFO     for label 1 >> 0.372
09-25 07:14 INFO     for label 2 >> 0.447
09-25 07:14 INFO     for label 3 >> 0.24
09-25 07:14 INFO     for label 4 >> 0.219
09-25 07:14 INFO     for label 5 >> 0.369
09-25 07:14 INFO     for label 6 >> 0.645
09-25 07:14 INFO     for label 7 >> 0.624
09-25 07:14 INFO     for label 8 >> 0.394
09-25 07:14 INFO     for label 9 >> 0.733
09-25 07:16 INFO     >>>>> Epoch [57]: Global model loss: 0.023451925766468047 acc: 0.4619
09-25 07:17 INFO     Scores per target value
09-25 07:17 INFO     for label 0 >> 0.608
09-25 07:17 INFO     for label 1 >> 0.578
09-25 07:17 INFO     for label 2 >> 0.253
09-25 07:17 INFO     for label 3 >> 0.298
09-25 07:17 INFO     for label 4 >> 0.362
09-25 07:17 INFO     for label 5 >> 0.473
09-25 07:17 INFO     for label 6 >> 0.613
09-25 07:17 INFO     for label 7 >> 0.629
09-25 07:17 INFO     for label 8 >> 0.27
09-25 07:17 INFO     for label 9 >> 0.535
09-25 07:19 INFO     >>>>> Epoch [58]: Global model loss: 0.022405920553207396 acc: 0.4832
09-25 07:20 INFO     Scores per target value
09-25 07:20 INFO     for label 0 >> 0.6
09-25 07:20 INFO     for label 1 >> 0.6
09-25 07:20 INFO     for label 2 >> 0.44
09-25 07:20 INFO     for label 3 >> 0.259
09-25 07:20 INFO     for label 4 >> 0.28
09-25 07:20 INFO     for label 5 >> 0.306
09-25 07:20 INFO     for label 6 >> 0.692
09-25 07:20 INFO     for label 7 >> 0.601
09-25 07:20 INFO     for label 8 >> 0.496
09-25 07:20 INFO     for label 9 >> 0.558
09-25 07:22 INFO     >>>>> Epoch [59]: Global model loss: 0.0222783496260643 acc: 0.4843
09-25 07:24 INFO     Scores per target value
09-25 07:24 INFO     for label 0 >> 0.575
09-25 07:24 INFO     for label 1 >> 0.558
09-25 07:24 INFO     for label 2 >> 0.396
09-25 07:24 INFO     for label 3 >> 0.272
09-25 07:24 INFO     for label 4 >> 0.216
09-25 07:24 INFO     for label 5 >> 0.444
09-25 07:24 INFO     for label 6 >> 0.59
09-25 07:24 INFO     for label 7 >> 0.655
09-25 07:24 INFO     for label 8 >> 0.464
09-25 07:24 INFO     for label 9 >> 0.673
09-25 07:26 INFO     >>>>> Epoch [60]: Global model loss: 0.021795976531505584 acc: 0.4951
09-25 07:27 INFO     Scores per target value
09-25 07:27 INFO     for label 0 >> 0.612
09-25 07:27 INFO     for label 1 >> 0.592
09-25 07:27 INFO     for label 2 >> 0.436
09-25 07:27 INFO     for label 3 >> 0.277
09-25 07:27 INFO     for label 4 >> 0.294
09-25 07:27 INFO     for label 5 >> 0.383
09-25 07:27 INFO     for label 6 >> 0.57
09-25 07:27 INFO     for label 7 >> 0.556
09-25 07:27 INFO     for label 8 >> 0.579
09-25 07:27 INFO     for label 9 >> 0.652
09-25 07:29 INFO     >>>>> Epoch [61]: Global model loss: 0.021981030905246734 acc: 0.4927
09-25 07:30 INFO     Scores per target value
09-25 07:30 INFO     for label 0 >> 0.509
09-25 07:30 INFO     for label 1 >> 0.442
09-25 07:30 INFO     for label 2 >> 0.339
09-25 07:30 INFO     for label 3 >> 0.209
09-25 07:30 INFO     for label 4 >> 0.389
09-25 07:30 INFO     for label 5 >> 0.488
09-25 07:30 INFO     for label 6 >> 0.632
09-25 07:30 INFO     for label 7 >> 0.685
09-25 07:30 INFO     for label 8 >> 0.591
09-25 07:30 INFO     for label 9 >> 0.643
09-25 07:32 INFO     >>>>> Epoch [62]: Global model loss: 0.02191430916786194 acc: 0.4912
09-25 07:33 INFO     Scores per target value
09-25 07:33 INFO     for label 0 >> 0.582
09-25 07:33 INFO     for label 1 >> 0.664
09-25 07:33 INFO     for label 2 >> 0.374
09-25 07:33 INFO     for label 3 >> 0.367
09-25 07:33 INFO     for label 4 >> 0.286
09-25 07:33 INFO     for label 5 >> 0.29
09-25 07:33 INFO     for label 6 >> 0.689
09-25 07:33 INFO     for label 7 >> 0.535
09-25 07:33 INFO     for label 8 >> 0.472
09-25 07:33 INFO     for label 9 >> 0.653
09-25 07:35 INFO     >>>>> Epoch [63]: Global model loss: 0.021335215270519257 acc: 0.5055
09-25 07:36 INFO     Scores per target value
09-25 07:36 INFO     for label 0 >> 0.561
09-25 07:36 INFO     for label 1 >> 0.539
09-25 07:36 INFO     for label 2 >> 0.444
09-25 07:36 INFO     for label 3 >> 0.305
09-25 07:36 INFO     for label 4 >> 0.286
09-25 07:36 INFO     for label 5 >> 0.41
09-25 07:36 INFO     for label 6 >> 0.636
09-25 07:36 INFO     for label 7 >> 0.615
09-25 07:36 INFO     for label 8 >> 0.616
09-25 07:36 INFO     for label 9 >> 0.643
09-25 07:38 INFO     >>>>> Epoch [64]: Global model loss: 0.021336803936958314 acc: 0.5078
09-25 07:39 INFO     Scores per target value
09-25 07:39 INFO     for label 0 >> 0.537
09-25 07:39 INFO     for label 1 >> 0.593
09-25 07:39 INFO     for label 2 >> 0.344
09-25 07:39 INFO     for label 3 >> 0.308
09-25 07:39 INFO     for label 4 >> 0.341
09-25 07:39 INFO     for label 5 >> 0.39
09-25 07:39 INFO     for label 6 >> 0.729
09-25 07:39 INFO     for label 7 >> 0.564
09-25 07:39 INFO     for label 8 >> 0.637
09-25 07:39 INFO     for label 9 >> 0.635
09-25 07:41 INFO     >>>>> Epoch [65]: Global model loss: 0.02132283948659897 acc: 0.5035
09-25 07:42 INFO     Scores per target value
09-25 07:42 INFO     for label 0 >> 0.557
09-25 07:42 INFO     for label 1 >> 0.488
09-25 07:42 INFO     for label 2 >> 0.368
09-25 07:42 INFO     for label 3 >> 0.281
09-25 07:42 INFO     for label 4 >> 0.276
09-25 07:42 INFO     for label 5 >> 0.486
09-25 07:42 INFO     for label 6 >> 0.647
09-25 07:42 INFO     for label 7 >> 0.646
09-25 07:42 INFO     for label 8 >> 0.563
09-25 07:42 INFO     for label 9 >> 0.723
09-25 07:44 INFO     >>>>> Epoch [66]: Global model loss: 0.023554533839225768 acc: 0.4571
09-25 07:45 INFO     Scores per target value
09-25 07:45 INFO     for label 0 >> 0.548
09-25 07:45 INFO     for label 1 >> 0.458
09-25 07:45 INFO     for label 2 >> 0.412
09-25 07:45 INFO     for label 3 >> 0.259
09-25 07:45 INFO     for label 4 >> 0.205
09-25 07:45 INFO     for label 5 >> 0.26
09-25 07:45 INFO     for label 6 >> 0.704
09-25 07:45 INFO     for label 7 >> 0.548
09-25 07:45 INFO     for label 8 >> 0.477
09-25 07:45 INFO     for label 9 >> 0.7
09-25 07:47 INFO     >>>>> Epoch [67]: Global model loss: 0.021267158603668214 acc: 0.5056
09-25 07:48 INFO     Scores per target value
09-25 07:48 INFO     for label 0 >> 0.621
09-25 07:48 INFO     for label 1 >> 0.631
09-25 07:48 INFO     for label 2 >> 0.418
09-25 07:48 INFO     for label 3 >> 0.207
09-25 07:48 INFO     for label 4 >> 0.332
09-25 07:48 INFO     for label 5 >> 0.48
09-25 07:48 INFO     for label 6 >> 0.6
09-25 07:48 INFO     for label 7 >> 0.608
09-25 07:48 INFO     for label 8 >> 0.61
09-25 07:48 INFO     for label 9 >> 0.549
09-25 07:50 INFO     >>>>> Epoch [68]: Global model loss: 0.025223178374767303 acc: 0.4286
09-25 07:51 INFO     Scores per target value
09-25 07:51 INFO     for label 0 >> 0.422
09-25 07:51 INFO     for label 1 >> 0.302
09-25 07:51 INFO     for label 2 >> 0.254
09-25 07:51 INFO     for label 3 >> 0.319
09-25 07:51 INFO     for label 4 >> 0.256
09-25 07:51 INFO     for label 5 >> 0.368
09-25 07:51 INFO     for label 6 >> 0.825
09-25 07:51 INFO     for label 7 >> 0.507
09-25 07:51 INFO     for label 8 >> 0.395
09-25 07:51 INFO     for label 9 >> 0.638
09-25 07:53 INFO     >>>>> Epoch [69]: Global model loss: 0.021970620501041413 acc: 0.4956
09-25 07:55 INFO     Scores per target value
09-25 07:55 INFO     for label 0 >> 0.58
09-25 07:55 INFO     for label 1 >> 0.448
09-25 07:55 INFO     for label 2 >> 0.41
09-25 07:55 INFO     for label 3 >> 0.224
09-25 07:55 INFO     for label 4 >> 0.278
09-25 07:55 INFO     for label 5 >> 0.43
09-25 07:55 INFO     for label 6 >> 0.77
09-25 07:55 INFO     for label 7 >> 0.628
09-25 07:55 INFO     for label 8 >> 0.535
09-25 07:55 INFO     for label 9 >> 0.653
09-25 07:57 INFO     >>>>> Epoch [70]: Global model loss: 0.02109141194820404 acc: 0.511
09-25 07:58 INFO     Scores per target value
09-25 07:58 INFO     for label 0 >> 0.595
09-25 07:58 INFO     for label 1 >> 0.686
09-25 07:58 INFO     for label 2 >> 0.426
09-25 07:58 INFO     for label 3 >> 0.208
09-25 07:58 INFO     for label 4 >> 0.314
09-25 07:58 INFO     for label 5 >> 0.523
09-25 07:58 INFO     for label 6 >> 0.571
09-25 07:58 INFO     for label 7 >> 0.661
09-25 07:58 INFO     for label 8 >> 0.551
09-25 07:58 INFO     for label 9 >> 0.575
09-25 08:00 INFO     >>>>> Epoch [71]: Global model loss: 0.021383987665176393 acc: 0.5061
09-25 08:01 INFO     Scores per target value
09-25 08:01 INFO     for label 0 >> 0.594
09-25 08:01 INFO     for label 1 >> 0.583
09-25 08:01 INFO     for label 2 >> 0.402
09-25 08:01 INFO     for label 3 >> 0.275
09-25 08:01 INFO     for label 4 >> 0.277
09-25 08:01 INFO     for label 5 >> 0.355
09-25 08:01 INFO     for label 6 >> 0.776
09-25 08:01 INFO     for label 7 >> 0.541
09-25 08:01 INFO     for label 8 >> 0.636
09-25 08:01 INFO     for label 9 >> 0.622
09-25 08:03 INFO     >>>>> Epoch [72]: Global model loss: 0.021184171891212463 acc: 0.5103
09-25 08:04 INFO     Scores per target value
09-25 08:04 INFO     for label 0 >> 0.561
09-25 08:04 INFO     for label 1 >> 0.55
09-25 08:04 INFO     for label 2 >> 0.368
09-25 08:04 INFO     for label 3 >> 0.286
09-25 08:04 INFO     for label 4 >> 0.261
09-25 08:04 INFO     for label 5 >> 0.368
09-25 08:04 INFO     for label 6 >> 0.782
09-25 08:04 INFO     for label 7 >> 0.597
09-25 08:04 INFO     for label 8 >> 0.606
09-25 08:04 INFO     for label 9 >> 0.724
09-25 08:06 INFO     >>>>> Epoch [73]: Global model loss: 0.02091161847114563 acc: 0.5142
09-25 08:07 INFO     Scores per target value
09-25 08:07 INFO     for label 0 >> 0.572
09-25 08:07 INFO     for label 1 >> 0.523
09-25 08:07 INFO     for label 2 >> 0.45
09-25 08:07 INFO     for label 3 >> 0.225
09-25 08:07 INFO     for label 4 >> 0.296
09-25 08:07 INFO     for label 5 >> 0.499
09-25 08:07 INFO     for label 6 >> 0.662
09-25 08:07 INFO     for label 7 >> 0.66
09-25 08:07 INFO     for label 8 >> 0.572
09-25 08:07 INFO     for label 9 >> 0.683
09-25 08:09 INFO     >>>>> Epoch [74]: Global model loss: 0.020769927835464476 acc: 0.519
09-25 08:10 INFO     Scores per target value
09-25 08:10 INFO     for label 0 >> 0.581
09-25 08:10 INFO     for label 1 >> 0.63
09-25 08:10 INFO     for label 2 >> 0.425
09-25 08:10 INFO     for label 3 >> 0.206
09-25 08:10 INFO     for label 4 >> 0.308
09-25 08:10 INFO     for label 5 >> 0.393
09-25 08:10 INFO     for label 6 >> 0.715
09-25 08:10 INFO     for label 7 >> 0.658
09-25 08:10 INFO     for label 8 >> 0.626
09-25 08:10 INFO     for label 9 >> 0.648
09-25 08:12 INFO     >>>>> Epoch [75]: Global model loss: 0.02195861294269562 acc: 0.4979
09-25 08:13 INFO     Scores per target value
09-25 08:13 INFO     for label 0 >> 0.51
09-25 08:13 INFO     for label 1 >> 0.623
09-25 08:13 INFO     for label 2 >> 0.327
09-25 08:13 INFO     for label 3 >> 0.295
09-25 08:13 INFO     for label 4 >> 0.295
09-25 08:13 INFO     for label 5 >> 0.49
09-25 08:13 INFO     for label 6 >> 0.683
09-25 08:13 INFO     for label 7 >> 0.657
09-25 08:13 INFO     for label 8 >> 0.48
09-25 08:13 INFO     for label 9 >> 0.619
09-25 08:15 INFO     >>>>> Epoch [76]: Global model loss: 0.024097677338123322 acc: 0.4407
09-25 08:16 INFO     Scores per target value
09-25 08:16 INFO     for label 0 >> 0.579
09-25 08:16 INFO     for label 1 >> 0.505
09-25 08:16 INFO     for label 2 >> 0.179
09-25 08:16 INFO     for label 3 >> 0.364
09-25 08:16 INFO     for label 4 >> 0.18
09-25 08:16 INFO     for label 5 >> 0.164
09-25 08:16 INFO     for label 6 >> 0.853
09-25 08:16 INFO     for label 7 >> 0.359
09-25 08:16 INFO     for label 8 >> 0.559
09-25 08:16 INFO     for label 9 >> 0.665
09-25 08:18 INFO     >>>>> Epoch [77]: Global model loss: 0.02118965495824814 acc: 0.5129
09-25 08:19 INFO     Scores per target value
09-25 08:19 INFO     for label 0 >> 0.613
09-25 08:19 INFO     for label 1 >> 0.647
09-25 08:19 INFO     for label 2 >> 0.38
09-25 08:19 INFO     for label 3 >> 0.257
09-25 08:19 INFO     for label 4 >> 0.343
09-25 08:19 INFO     for label 5 >> 0.44
09-25 08:19 INFO     for label 6 >> 0.701
09-25 08:19 INFO     for label 7 >> 0.588
09-25 08:19 INFO     for label 8 >> 0.581
09-25 08:19 INFO     for label 9 >> 0.579
09-25 08:21 INFO     >>>>> Epoch [78]: Global model loss: 0.020634745794534684 acc: 0.5259
09-25 08:22 INFO     Scores per target value
09-25 08:22 INFO     for label 0 >> 0.583
09-25 08:22 INFO     for label 1 >> 0.642
09-25 08:22 INFO     for label 2 >> 0.35
09-25 08:22 INFO     for label 3 >> 0.231
09-25 08:22 INFO     for label 4 >> 0.36
09-25 08:22 INFO     for label 5 >> 0.42
09-25 08:22 INFO     for label 6 >> 0.76
09-25 08:22 INFO     for label 7 >> 0.64
09-25 08:22 INFO     for label 8 >> 0.626
09-25 08:22 INFO     for label 9 >> 0.647
09-25 08:24 INFO     >>>>> Epoch [79]: Global model loss: 0.020327154928445817 acc: 0.531
09-25 08:26 INFO     Scores per target value
09-25 08:26 INFO     for label 0 >> 0.596
09-25 08:26 INFO     for label 1 >> 0.697
09-25 08:26 INFO     for label 2 >> 0.431
09-25 08:26 INFO     for label 3 >> 0.273
09-25 08:26 INFO     for label 4 >> 0.339
09-25 08:26 INFO     for label 5 >> 0.484
09-25 08:26 INFO     for label 6 >> 0.673
09-25 08:26 INFO     for label 7 >> 0.628
09-25 08:26 INFO     for label 8 >> 0.597
09-25 08:26 INFO     for label 9 >> 0.592
09-25 08:28 INFO     >>>>> Epoch [80]: Global model loss: 0.020959644293785096 acc: 0.5174
09-25 08:29 INFO     Scores per target value
09-25 08:29 INFO     for label 0 >> 0.571
09-25 08:29 INFO     for label 1 >> 0.638
09-25 08:29 INFO     for label 2 >> 0.314
09-25 08:29 INFO     for label 3 >> 0.338
09-25 08:29 INFO     for label 4 >> 0.254
09-25 08:29 INFO     for label 5 >> 0.353
09-25 08:29 INFO     for label 6 >> 0.838
09-25 08:29 INFO     for label 7 >> 0.598
09-25 08:29 INFO     for label 8 >> 0.602
09-25 08:29 INFO     for label 9 >> 0.668
09-25 08:31 INFO     >>>>> Epoch [81]: Global model loss: 0.020820928418636322 acc: 0.5211
09-25 08:32 INFO     Scores per target value
09-25 08:32 INFO     for label 0 >> 0.532
09-25 08:32 INFO     for label 1 >> 0.649
09-25 08:32 INFO     for label 2 >> 0.398
09-25 08:32 INFO     for label 3 >> 0.283
09-25 08:32 INFO     for label 4 >> 0.256
09-25 08:32 INFO     for label 5 >> 0.481
09-25 08:32 INFO     for label 6 >> 0.798
09-25 08:32 INFO     for label 7 >> 0.583
09-25 08:32 INFO     for label 8 >> 0.57
09-25 08:32 INFO     for label 9 >> 0.661
09-25 08:34 INFO     >>>>> Epoch [82]: Global model loss: 0.0203548601269722 acc: 0.5289
09-25 08:35 INFO     Scores per target value
09-25 08:35 INFO     for label 0 >> 0.602
09-25 08:35 INFO     for label 1 >> 0.759
09-25 08:35 INFO     for label 2 >> 0.4
09-25 08:35 INFO     for label 3 >> 0.273
09-25 08:35 INFO     for label 4 >> 0.281
09-25 08:35 INFO     for label 5 >> 0.432
09-25 08:35 INFO     for label 6 >> 0.737
09-25 08:35 INFO     for label 7 >> 0.647
09-25 08:35 INFO     for label 8 >> 0.62
09-25 08:35 INFO     for label 9 >> 0.538
09-25 08:37 INFO     >>>>> Epoch [83]: Global model loss: 0.0200923790037632 acc: 0.5361
09-25 08:38 INFO     Scores per target value
09-25 08:38 INFO     for label 0 >> 0.532
09-25 08:38 INFO     for label 1 >> 0.611
09-25 08:38 INFO     for label 2 >> 0.492
09-25 08:38 INFO     for label 3 >> 0.305
09-25 08:38 INFO     for label 4 >> 0.308
09-25 08:38 INFO     for label 5 >> 0.517
09-25 08:38 INFO     for label 6 >> 0.666
09-25 08:38 INFO     for label 7 >> 0.613
09-25 08:38 INFO     for label 8 >> 0.672
09-25 08:38 INFO     for label 9 >> 0.645
09-25 08:40 INFO     >>>>> Epoch [84]: Global model loss: 0.020352145898342132 acc: 0.5281
09-25 08:41 INFO     Scores per target value
09-25 08:41 INFO     for label 0 >> 0.539
09-25 08:41 INFO     for label 1 >> 0.598
09-25 08:41 INFO     for label 2 >> 0.396
09-25 08:41 INFO     for label 3 >> 0.257
09-25 08:41 INFO     for label 4 >> 0.275
09-25 08:41 INFO     for label 5 >> 0.497
09-25 08:41 INFO     for label 6 >> 0.809
09-25 08:41 INFO     for label 7 >> 0.596
09-25 08:41 INFO     for label 8 >> 0.653
09-25 08:41 INFO     for label 9 >> 0.661
09-25 08:43 INFO     >>>>> Epoch [85]: Global model loss: 0.02074340691566467 acc: 0.5239
09-25 08:44 INFO     Scores per target value
09-25 08:44 INFO     for label 0 >> 0.593
09-25 08:44 INFO     for label 1 >> 0.605
09-25 08:44 INFO     for label 2 >> 0.438
09-25 08:44 INFO     for label 3 >> 0.349
09-25 08:44 INFO     for label 4 >> 0.348
09-25 08:44 INFO     for label 5 >> 0.384
09-25 08:44 INFO     for label 6 >> 0.759
09-25 08:44 INFO     for label 7 >> 0.475
09-25 08:44 INFO     for label 8 >> 0.707
09-25 08:44 INFO     for label 9 >> 0.581
09-25 08:46 INFO     >>>>> Epoch [86]: Global model loss: 0.02013764058351517 acc: 0.5334
09-25 08:47 INFO     Scores per target value
09-25 08:47 INFO     for label 0 >> 0.538
09-25 08:47 INFO     for label 1 >> 0.629
09-25 08:47 INFO     for label 2 >> 0.465
09-25 08:47 INFO     for label 3 >> 0.251
09-25 08:47 INFO     for label 4 >> 0.26
09-25 08:47 INFO     for label 5 >> 0.496
09-25 08:47 INFO     for label 6 >> 0.789
09-25 08:47 INFO     for label 7 >> 0.559
09-25 08:47 INFO     for label 8 >> 0.705
09-25 08:47 INFO     for label 9 >> 0.642
09-25 08:49 INFO     >>>>> Epoch [87]: Global model loss: 0.023550342106819153 acc: 0.462
09-25 08:50 INFO     Scores per target value
09-25 08:50 INFO     for label 0 >> 0.475
09-25 08:50 INFO     for label 1 >> 0.418
09-25 08:50 INFO     for label 2 >> 0.244
09-25 08:50 INFO     for label 3 >> 0.445
09-25 08:50 INFO     for label 4 >> 0.256
09-25 08:50 INFO     for label 5 >> 0.327
09-25 08:50 INFO     for label 6 >> 0.836
09-25 08:50 INFO     for label 7 >> 0.433
09-25 08:50 INFO     for label 8 >> 0.555
09-25 08:50 INFO     for label 9 >> 0.631
09-25 08:52 INFO     >>>>> Epoch [88]: Global model loss: 0.019912469696998596 acc: 0.5406
09-25 08:54 INFO     Scores per target value
09-25 08:54 INFO     for label 0 >> 0.594
09-25 08:54 INFO     for label 1 >> 0.616
09-25 08:54 INFO     for label 2 >> 0.49
09-25 08:54 INFO     for label 3 >> 0.266
09-25 08:54 INFO     for label 4 >> 0.306
09-25 08:54 INFO     for label 5 >> 0.498
09-25 08:54 INFO     for label 6 >> 0.719
09-25 08:54 INFO     for label 7 >> 0.582
09-25 08:54 INFO     for label 8 >> 0.659
09-25 08:54 INFO     for label 9 >> 0.676
09-25 08:56 INFO     >>>>> Epoch [89]: Global model loss: 0.020014317154884338 acc: 0.5381
09-25 08:57 INFO     Scores per target value
09-25 08:57 INFO     for label 0 >> 0.587
09-25 08:57 INFO     for label 1 >> 0.625
09-25 08:57 INFO     for label 2 >> 0.383
09-25 08:57 INFO     for label 3 >> 0.227
09-25 08:57 INFO     for label 4 >> 0.312
09-25 08:57 INFO     for label 5 >> 0.504
09-25 08:57 INFO     for label 6 >> 0.767
09-25 08:57 INFO     for label 7 >> 0.671
09-25 08:57 INFO     for label 8 >> 0.593
09-25 08:57 INFO     for label 9 >> 0.712
09-25 08:59 INFO     >>>>> Epoch [90]: Global model loss: 0.019693558204174042 acc: 0.5502
09-25 09:00 INFO     Scores per target value
09-25 09:00 INFO     for label 0 >> 0.615
09-25 09:00 INFO     for label 1 >> 0.683
09-25 09:00 INFO     for label 2 >> 0.433
09-25 09:00 INFO     for label 3 >> 0.256
09-25 09:00 INFO     for label 4 >> 0.372
09-25 09:00 INFO     for label 5 >> 0.51
09-25 09:00 INFO     for label 6 >> 0.721
09-25 09:00 INFO     for label 7 >> 0.629
09-25 09:00 INFO     for label 8 >> 0.639
09-25 09:00 INFO     for label 9 >> 0.644
09-25 09:02 INFO     >>>>> Epoch [91]: Global model loss: 0.0198018119931221 acc: 0.543
09-25 09:03 INFO     Scores per target value
09-25 09:03 INFO     for label 0 >> 0.627
09-25 09:03 INFO     for label 1 >> 0.671
09-25 09:03 INFO     for label 2 >> 0.449
09-25 09:03 INFO     for label 3 >> 0.314
09-25 09:03 INFO     for label 4 >> 0.276
09-25 09:03 INFO     for label 5 >> 0.491
09-25 09:03 INFO     for label 6 >> 0.728
09-25 09:03 INFO     for label 7 >> 0.612
09-25 09:03 INFO     for label 8 >> 0.665
09-25 09:03 INFO     for label 9 >> 0.597
09-25 09:05 INFO     >>>>> Epoch [92]: Global model loss: 0.019809253591299057 acc: 0.5468
09-25 09:06 INFO     Scores per target value
09-25 09:06 INFO     for label 0 >> 0.646
09-25 09:06 INFO     for label 1 >> 0.655
09-25 09:06 INFO     for label 2 >> 0.407
09-25 09:06 INFO     for label 3 >> 0.27
09-25 09:06 INFO     for label 4 >> 0.352
09-25 09:06 INFO     for label 5 >> 0.488
09-25 09:06 INFO     for label 6 >> 0.756
09-25 09:06 INFO     for label 7 >> 0.636
09-25 09:06 INFO     for label 8 >> 0.662
09-25 09:06 INFO     for label 9 >> 0.596
09-25 09:08 INFO     >>>>> Epoch [93]: Global model loss: 0.019598428785800932 acc: 0.5491
09-25 09:09 INFO     Scores per target value
09-25 09:09 INFO     for label 0 >> 0.567
09-25 09:09 INFO     for label 1 >> 0.685
09-25 09:09 INFO     for label 2 >> 0.406
09-25 09:09 INFO     for label 3 >> 0.265
09-25 09:09 INFO     for label 4 >> 0.322
09-25 09:09 INFO     for label 5 >> 0.485
09-25 09:09 INFO     for label 6 >> 0.786
09-25 09:09 INFO     for label 7 >> 0.601
09-25 09:09 INFO     for label 8 >> 0.722
09-25 09:09 INFO     for label 9 >> 0.652
09-25 09:11 INFO     >>>>> Epoch [94]: Global model loss: 0.01951294219493866 acc: 0.5505
09-25 09:12 INFO     Scores per target value
09-25 09:12 INFO     for label 0 >> 0.62
09-25 09:12 INFO     for label 1 >> 0.727
09-25 09:12 INFO     for label 2 >> 0.41
09-25 09:12 INFO     for label 3 >> 0.237
09-25 09:12 INFO     for label 4 >> 0.324
09-25 09:12 INFO     for label 5 >> 0.544
09-25 09:12 INFO     for label 6 >> 0.728
09-25 09:12 INFO     for label 7 >> 0.634
09-25 09:12 INFO     for label 8 >> 0.646
09-25 09:12 INFO     for label 9 >> 0.635
09-25 09:14 INFO     >>>>> Epoch [95]: Global model loss: 0.01924016569852829 acc: 0.5597
09-25 09:15 INFO     Scores per target value
09-25 09:15 INFO     for label 0 >> 0.627
09-25 09:15 INFO     for label 1 >> 0.702
09-25 09:15 INFO     for label 2 >> 0.383
09-25 09:15 INFO     for label 3 >> 0.317
09-25 09:15 INFO     for label 4 >> 0.426
09-25 09:15 INFO     for label 5 >> 0.453
09-25 09:15 INFO     for label 6 >> 0.744
09-25 09:15 INFO     for label 7 >> 0.629
09-25 09:15 INFO     for label 8 >> 0.701
09-25 09:15 INFO     for label 9 >> 0.615
09-25 09:17 INFO     >>>>> Epoch [96]: Global model loss: 0.01911891010403633 acc: 0.5601
09-25 09:19 INFO     Scores per target value
09-25 09:19 INFO     for label 0 >> 0.617
09-25 09:19 INFO     for label 1 >> 0.727
09-25 09:19 INFO     for label 2 >> 0.411
09-25 09:19 INFO     for label 3 >> 0.283
09-25 09:19 INFO     for label 4 >> 0.409
09-25 09:19 INFO     for label 5 >> 0.523
09-25 09:19 INFO     for label 6 >> 0.701
09-25 09:19 INFO     for label 7 >> 0.647
09-25 09:19 INFO     for label 8 >> 0.677
09-25 09:19 INFO     for label 9 >> 0.606
09-25 09:20 INFO     >>>>> Epoch [97]: Global model loss: 0.021362293815612794 acc: 0.5052
09-25 09:22 INFO     Scores per target value
09-25 09:22 INFO     for label 0 >> 0.682
09-25 09:22 INFO     for label 1 >> 0.652
09-25 09:22 INFO     for label 2 >> 0.193
09-25 09:22 INFO     for label 3 >> 0.285
09-25 09:22 INFO     for label 4 >> 0.43
09-25 09:22 INFO     for label 5 >> 0.297
09-25 09:22 INFO     for label 6 >> 0.817
09-25 09:22 INFO     for label 7 >> 0.581
09-25 09:22 INFO     for label 8 >> 0.545
09-25 09:22 INFO     for label 9 >> 0.57
09-25 09:24 INFO     >>>>> Epoch [98]: Global model loss: 0.01995124242901802 acc: 0.5479
09-25 09:25 INFO     Scores per target value
09-25 09:25 INFO     for label 0 >> 0.624
09-25 09:25 INFO     for label 1 >> 0.621
09-25 09:25 INFO     for label 2 >> 0.339
09-25 09:25 INFO     for label 3 >> 0.303
09-25 09:25 INFO     for label 4 >> 0.391
09-25 09:25 INFO     for label 5 >> 0.562
09-25 09:25 INFO     for label 6 >> 0.748
09-25 09:25 INFO     for label 7 >> 0.658
09-25 09:25 INFO     for label 8 >> 0.647
09-25 09:25 INFO     for label 9 >> 0.586
09-25 09:27 INFO     >>>>> Epoch [99]: Global model loss: 0.020473796117305754 acc: 0.5206
09-25 09:28 INFO     Scores per target value
09-25 09:28 INFO     for label 0 >> 0.592
09-25 09:28 INFO     for label 1 >> 0.549
09-25 09:28 INFO     for label 2 >> 0.379
09-25 09:28 INFO     for label 3 >> 0.336
09-25 09:28 INFO     for label 4 >> 0.287
09-25 09:28 INFO     for label 5 >> 0.359
09-25 09:28 INFO     for label 6 >> 0.84
09-25 09:28 INFO     for label 7 >> 0.476
09-25 09:28 INFO     for label 8 >> 0.652
09-25 09:28 INFO     for label 9 >> 0.736
